<?xml version="1.0" encoding="UTF-8" ?>
<testsuites name="vitest tests" tests="30" failures="14" errors="0" time="29.203076467">
    <testsuite name="src/components/cathedra/TemaDetailPage.advanced.test.tsx" timestamp="2026-04-25T04:38:53.317Z" hostname="sandbox-pool-77c949f697-6mpfs" tests="4" failures="0" errors="0" skipped="0" time="0.786951214">
        <testcase classname="src/components/cathedra/TemaDetailPage.advanced.test.tsx" name="TemaDetailPage - Advanced Integration Tests &gt; validates accessibility roles and attributes for Tabs" time="0.243650381">
            <system-out>
[STATS] {&quot;calls&quot;:0,&quot;tabs&quot;:{}}

            </system-out>
            <system-err>
⚠️ React Router Future Flag Warning: React Router will begin wrapping state updates in `React.startTransition` in v7. You can use the `v7_startTransition` future flag to opt-in early. For more information, see https://reactrouter.com/v6/upgrading/future#v7_starttransition.
⚠️ React Router Future Flag Warning: Relative route resolution within Splat routes is changing in v7. You can use the `v7_relativeSplatPath` future flag to opt-in early. For more information, see https://reactrouter.com/v6/upgrading/future#v7_relativesplatpath.

            </system-err>
        </testcase>
        <testcase classname="src/components/cathedra/TemaDetailPage.advanced.test.tsx" name="TemaDetailPage - Advanced Integration Tests &gt; ensures skeleton is correctly placed within active tab content" time="0.245200129">
            <system-out>
[STATS] {&quot;calls&quot;:2,&quot;tabs&quot;:{&quot;SkelLoc&quot;:2}}

            </system-out>
        </testcase>
        <testcase classname="src/components/cathedra/TemaDetailPage.advanced.test.tsx" name="TemaDetailPage - Advanced Integration Tests &gt; verifies that category limits are maintained" time="0.194296965">
            <system-out>
[STATS] {&quot;calls&quot;:1,&quot;tabs&quot;:{&quot;Limits&quot;:1}}

            </system-out>
        </testcase>
        <testcase classname="src/components/cathedra/TemaDetailPage.advanced.test.tsx" name="TemaDetailPage - Advanced Integration Tests &gt; simulates fetch abort and ensures UI stability" time="0.101399806">
            <system-out>
[STATS] {&quot;calls&quot;:2,&quot;tabs&quot;:{&quot;Abort&quot;:2}}

            </system-out>
        </testcase>
    </testsuite>
    <testsuite name="src/components/cathedra/TemaDetailPage.keyboard.test.tsx" timestamp="2026-04-25T04:38:53.324Z" hostname="sandbox-pool-77c949f697-6mpfs" tests="3" failures="0" errors="0" skipped="0" time="0.825362485">
        <testcase classname="src/components/cathedra/TemaDetailPage.keyboard.test.tsx" name="TemaDetailPage - Keyboard Navigation Integration Tests &gt; navigates between tabs using Arrow keys and validates content updates" time="0.63636543">
            <system-err>
⚠️ React Router Future Flag Warning: React Router will begin wrapping state updates in `React.startTransition` in v7. You can use the `v7_startTransition` future flag to opt-in early. For more information, see https://reactrouter.com/v6/upgrading/future#v7_starttransition.
⚠️ React Router Future Flag Warning: Relative route resolution within Splat routes is changing in v7. You can use the `v7_relativeSplatPath` future flag to opt-in early. For more information, see https://reactrouter.com/v6/upgrading/future#v7_relativesplatpath.

Warning: An update to ForwardRef inside a test was not wrapped in act(...).

When testing, code that causes React state updates should be wrapped into act(...):

act(() =&gt; {
  /* fire events that update state */
});
/* assert on the output */

This ensures that you&apos;re testing the behavior the user would see in the browser. Learn more at https://reactjs.org/link/wrap-tests-with-act
    at file:///dev-server/node_modules/.bun/@radix-ui+react-roving-focus@1.1.10+b41f8805ee63d2ff/node_modules/@radix-ui/react-roving-focus/dist/index.mjs:32:5
    at file:///dev-server/node_modules/.bun/@radix-ui+react-slot@1.2.3+0e2fb8dbc083adda/node_modules/@radix-ui/react-slot/dist/index.mjs:33:13
    at file:///dev-server/node_modules/.bun/@radix-ui+react-slot@1.2.3+0e2fb8dbc083adda/node_modules/@radix-ui/react-slot/dist/index.mjs:9:13
    at file:///dev-server/node_modules/.bun/@radix-ui+react-collection@1.1.7+b41f8805ee63d2ff/node_modules/@radix-ui/react-collection/dist/index.mjs:27:15
    at Provider (file:///dev-server/node_modules/.bun/@radix-ui+react-context@1.1.2+0e2fb8dbc083adda/node_modules/@radix-ui/react-context/dist/index.mjs:27:15)
    at CollectionProvider (file:///dev-server/node_modules/.bun/@radix-ui+react-collection@1.1.7+b41f8805ee63d2ff/node_modules/@radix-ui/react-collection/dist/index.mjs:17:13)
    at file:///dev-server/node_modules/.bun/@radix-ui+react-roving-focus@1.1.10+b41f8805ee63d2ff/node_modules/@radix-ui/react-roving-focus/dist/index.mjs:26:68
    at file:///dev-server/node_modules/.bun/@radix-ui+react-tabs@1.1.12+b41f8805ee63d2ff/node_modules/@radix-ui/react-tabs/dist/index.mjs:67:13
    at /dev-server/src/components/ui/tabs.tsx:10:68
    at div
    at file:///dev-server/node_modules/.bun/@radix-ui+react-primitive@2.1.3+b41f8805ee63d2ff/node_modules/@radix-ui/react-primitive/dist/index.mjs:28:13
    at Provider (file:///dev-server/node_modules/.bun/@radix-ui+react-context@1.1.2+0e2fb8dbc083adda/node_modules/@radix-ui/react-context/dist/index.mjs:27:15)
    at file:///dev-server/node_modules/.bun/@radix-ui+react-tabs@1.1.12+b41f8805ee63d2ff/node_modules/@radix-ui/react-tabs/dist/index.mjs:24:7
    at div
    at div
    at div
    at TemaDetailPage (/dev-server/src/components/cathedra/TemaDetailPage.tsx:219:44)
    at RenderedRoute (/dev-server/node_modules/.bun/react-router@6.30.1+f4eacebf2041cd4f/node_modules/react-router/dist/umd/react-router.development.js:539:7)
    at Routes (/dev-server/node_modules/.bun/react-router@6.30.1+f4eacebf2041cd4f/node_modules/react-router/dist/umd/react-router.development.js:1273:7)
    at Router (/dev-server/node_modules/.bun/react-router@6.30.1+f4eacebf2041cd4f/node_modules/react-router/dist/umd/react-router.development.js:1207:17)
    at MemoryRouter (/dev-server/node_modules/.bun/react-router@6.30.1+f4eacebf2041cd4f/node_modules/react-router/dist/umd/react-router.development.js:1101:7)
    at QueryClientProvider (file:///dev-server/node_modules/.bun/@tanstack+react-query@5.96.2+f4eacebf2041cd4f/node_modules/@tanstack/react-query/build/modern/QueryClientProvider.js:20:3)
    at _HelmetProvider (/dev-server/node_modules/.bun/react-helmet-async@3.0.0+f4eacebf2041cd4f/node_modules/react-helmet-async/lib/index.esm.js:460:5)

            </system-err>
        </testcase>
        <testcase classname="src/components/cathedra/TemaDetailPage.keyboard.test.tsx" name="TemaDetailPage - Keyboard Navigation Integration Tests &gt; handles error state and retry button via keyboard" time="0.099575204">
        </testcase>
        <testcase classname="src/components/cathedra/TemaDetailPage.keyboard.test.tsx" name="TemaDetailPage - Keyboard Navigation Integration Tests &gt; shows skeletons during keyboard-triggered navigation" time="0.086792582">
            <system-err>
Warning: An update to ForwardRef inside a test was not wrapped in act(...).

When testing, code that causes React state updates should be wrapped into act(...):

act(() =&gt; {
  /* fire events that update state */
});
/* assert on the output */

This ensures that you&apos;re testing the behavior the user would see in the browser. Learn more at https://reactjs.org/link/wrap-tests-with-act
    at file:///dev-server/node_modules/.bun/@radix-ui+react-roving-focus@1.1.10+b41f8805ee63d2ff/node_modules/@radix-ui/react-roving-focus/dist/index.mjs:32:5
    at file:///dev-server/node_modules/.bun/@radix-ui+react-slot@1.2.3+0e2fb8dbc083adda/node_modules/@radix-ui/react-slot/dist/index.mjs:33:13
    at file:///dev-server/node_modules/.bun/@radix-ui+react-slot@1.2.3+0e2fb8dbc083adda/node_modules/@radix-ui/react-slot/dist/index.mjs:9:13
    at file:///dev-server/node_modules/.bun/@radix-ui+react-collection@1.1.7+b41f8805ee63d2ff/node_modules/@radix-ui/react-collection/dist/index.mjs:27:15
    at Provider (file:///dev-server/node_modules/.bun/@radix-ui+react-context@1.1.2+0e2fb8dbc083adda/node_modules/@radix-ui/react-context/dist/index.mjs:27:15)
    at CollectionProvider (file:///dev-server/node_modules/.bun/@radix-ui+react-collection@1.1.7+b41f8805ee63d2ff/node_modules/@radix-ui/react-collection/dist/index.mjs:17:13)
    at file:///dev-server/node_modules/.bun/@radix-ui+react-roving-focus@1.1.10+b41f8805ee63d2ff/node_modules/@radix-ui/react-roving-focus/dist/index.mjs:26:68
    at file:///dev-server/node_modules/.bun/@radix-ui+react-tabs@1.1.12+b41f8805ee63d2ff/node_modules/@radix-ui/react-tabs/dist/index.mjs:67:13
    at /dev-server/src/components/ui/tabs.tsx:10:68
    at div
    at file:///dev-server/node_modules/.bun/@radix-ui+react-primitive@2.1.3+b41f8805ee63d2ff/node_modules/@radix-ui/react-primitive/dist/index.mjs:28:13
    at Provider (file:///dev-server/node_modules/.bun/@radix-ui+react-context@1.1.2+0e2fb8dbc083adda/node_modules/@radix-ui/react-context/dist/index.mjs:27:15)
    at file:///dev-server/node_modules/.bun/@radix-ui+react-tabs@1.1.12+b41f8805ee63d2ff/node_modules/@radix-ui/react-tabs/dist/index.mjs:24:7
    at div
    at div
    at div
    at TemaDetailPage (/dev-server/src/components/cathedra/TemaDetailPage.tsx:219:44)
    at RenderedRoute (/dev-server/node_modules/.bun/react-router@6.30.1+f4eacebf2041cd4f/node_modules/react-router/dist/umd/react-router.development.js:539:7)
    at Routes (/dev-server/node_modules/.bun/react-router@6.30.1+f4eacebf2041cd4f/node_modules/react-router/dist/umd/react-router.development.js:1273:7)
    at Router (/dev-server/node_modules/.bun/react-router@6.30.1+f4eacebf2041cd4f/node_modules/react-router/dist/umd/react-router.development.js:1207:17)
    at MemoryRouter (/dev-server/node_modules/.bun/react-router@6.30.1+f4eacebf2041cd4f/node_modules/react-router/dist/umd/react-router.development.js:1101:7)
    at QueryClientProvider (file:///dev-server/node_modules/.bun/@tanstack+react-query@5.96.2+f4eacebf2041cd4f/node_modules/@tanstack/react-query/build/modern/QueryClientProvider.js:20:3)
    at _HelmetProvider (/dev-server/node_modules/.bun/react-helmet-async@3.0.0+f4eacebf2041cd4f/node_modules/react-helmet-async/lib/index.esm.js:460:5)

            </system-err>
        </testcase>
    </testsuite>
    <testsuite name="src/components/cathedra/TemaDetailPage.test.tsx" timestamp="2026-04-25T04:38:53.330Z" hostname="sandbox-pool-77c949f697-6mpfs" tests="23" failures="14" errors="0" skipped="0" time="27.590762768">
        <testcase classname="src/components/cathedra/TemaDetailPage.test.tsx" name="TemaDetailPage - Integration Tests &gt; displays error message with &quot;Try Again&quot; button when fetch fails" time="0.380890101">
            <system-out>
STATS: {&quot;bible&quot;: 2}

            </system-out>
            <system-err>
⚠️ React Router Future Flag Warning: React Router will begin wrapping state updates in `React.startTransition` in v7. You can use the `v7_startTransition` future flag to opt-in early. For more information, see https://reactrouter.com/v6/upgrading/future#v7_starttransition.
⚠️ React Router Future Flag Warning: Relative route resolution within Splat routes is changing in v7. You can use the `v7_relativeSplatPath` future flag to opt-in early. For more information, see https://reactrouter.com/v6/upgrading/future#v7_relativesplatpath.

            </system-err>
        </testcase>
        <testcase classname="src/components/cathedra/TemaDetailPage.test.tsx" name="TemaDetailPage - Integration Tests &gt; renders specific empty states for each category and ensures no leaking labels" time="2.067661827">
            <system-out>
STATS: {&quot;bible&quot;: 1}

            </system-out>
            <failure message="Unable to find an element with the text: /Conteúdo da Tradição em aprofundamento/i. This could be because the text is broken up by multiple elements. In this case, you can provide a function for your text matcher to make your matcher more flexible.

Ignored nodes: comments, script, style
[36m&lt;body&gt;[39m
  [36m&lt;div&gt;[39m
    [36m&lt;div[39m
      [33mclass[39m=[32m&quot;space-y-12 animate-in fade-in slide-in-from-bottom-4 duration-700 max-w-5xl mx-auto pb-24 px-4 relative&quot;[39m
    [36m&gt;[39m
      [36m&lt;div[39m
        [33mclass[39m=[32m&quot;fixed inset-0 bg-gradient-to-b from-blue-500/10 via-background to-background -z-10 pointer-events-none opacity-40&quot;[39m
      [36m/&gt;[39m
      [36m&lt;nav[39m
        [33mclass[39m=[32m&quot;flex items-center gap-3 text-[10px] font-black uppercase tracking-[0.2em] text-muted-foreground/50 mb-8 overflow-x-auto whitespace-nowrap pb-2 scrollbar-none&quot;[39m
      [36m&gt;[39m
        [36m&lt;button[39m
          [33mclass[39m=[32m&quot;hover:text-primary transition-colors flex items-center gap-1&quot;[39m
        [36m&gt;[39m
          [36m&lt;svg[39m
            [33mclass[39m=[32m&quot;lucide lucide-chevron-left w-3 h-3&quot;[39m
            [33mfill[39m=[32m&quot;none&quot;[39m
            [33mheight[39m=[32m&quot;24&quot;[39m
            [33mstroke[39m=[32m&quot;currentColor&quot;[39m
            [33mstroke-linecap[39m=[32m&quot;round&quot;[39m
            [33mstroke-linejoin[39m=[32m&quot;round&quot;[39m
            [33mstroke-width[39m=[32m&quot;2&quot;[39m
            [33mviewBox[39m=[32m&quot;0 0 24 24&quot;[39m
            [33mwidth[39m=[32m&quot;24&quot;[39m
            [33mxmlns[39m=[32m&quot;http://www.w3.org/2000/svg&quot;[39m
          [36m&gt;[39m
            [36m&lt;path[39m
              [33md[39m=[32m&quot;m15 18-6-6 6-6&quot;[39m
            [36m/&gt;[39m
          [36m&lt;/svg&gt;[39m
          [0m Início[0m
        [36m&lt;/button&gt;[39m
        [36m&lt;span[39m
          [33mclass[39m=[32m&quot;opacity-30&quot;[39m
        [36m&gt;[39m
          [0m/[0m
        [36m&lt;/span&gt;[39m
        [36m&lt;button[39m
          [33mclass[39m=[32m&quot;hover:text-primary transition-colors&quot;[39m
        [36m&gt;[39m
          [0mTemas[0m
        [36m&lt;/button&gt;[39m
        [36m&lt;span[39m
          [33mclass[39m=[32m&quot;opacity-30&quot;[39m
        [36m&gt;[39m
          [0m/[0m
        [36m&lt;/span&gt;[39m
        [36m&lt;button[39m
          [33mclass[39m=[32m&quot;hover:text-primary transition-colors&quot;[39m
        [36m&gt;[39m
          [0mfundamentos[0m
        [36m&lt;/button&gt;[39m
        [36m&lt;span[39m
          [33mclass[39m=[32m&quot;opacity-30&quot;[39m
        [36m&gt;[39m
          [0m/[0m
        [36m&lt;/span&gt;[39m
        [36m&lt;span[39m
          [33mclass[39m=[32m&quot;text-primary/80&quot;[39m
        [36m&gt;[39m
          [0mVazio[0m
        [36m&lt;/span&gt;[39m
      [36m&lt;/nav&gt;[39m
      [36m&lt;header[39m
        [33mclass[39m=[32m&quot;space-y-6&quot;[39m
      [36m&gt;[39m
        [36m&lt;div[39m
          [33mclass[39m=[32m&quot;flex flex-col sm:flex-row sm:items-center justify-between gap-6&quot;[39m
        [36m&gt;[39m
          [36m&lt;div[39m
            [33mclass[39m=[32m&quot;flex items-center gap-4&quot;[39m
          [36m&gt;[39m
            [36m&lt;div[39m
              [33mclass[39m=[32m&quot;w-16 h-16 rounded-[2rem] bg-primary/10 flex items-center justify-center text-primary shadow-inner border border-primary/20&quot;[39m
            [36m&gt;[39m
              [36m&lt;svg[39m
                [33mclass[39m=[32m&quot;lucide lucide-orbit w-8 h-8&quot;[39m
                [33mfill[39m=[32m&quot;none&quot;[39m
                [33mheight[39m=[32m&quot;24&quot;[39m
                [33mstroke[39m=[32m&quot;currentColor&quot;[39m
                [33mstroke-linecap[39m=[32m&quot;round&quot;[39m
                [33mstroke-linejoin[39m=[32m&quot;round&quot;[39m
                [33mstroke-width[39m=[32m&quot;2&quot;[39m
                [33mviewBox[39m=[32m&quot;0 0 24 24&quot;[39m
                [33mwidth[39m=[32m&quot;24&quot;[39m
                [33mxmlns[39m=[32m&quot;http://www.w3.org/2000/svg&quot;[39m
              [36m&gt;[39m
                [36m&lt;circle[39m
                  [33mcx[39m=[32m&quot;12&quot;[39m
                  [33mcy[39m=[32m&quot;12&quot;[39m
                  [33mr[39m=[32m&quot;3&quot;[39m
                [36m/&gt;[39m
                [36m&lt;circle[39m
                  [33mcx[39m=[32m&quot;19&quot;[39m
                  [33mcy[39m=[32m&quot;5&quot;[39m
                  [33mr[39m=[32m&quot;2&quot;[39m
                [36m/&gt;[39m
                [36m&lt;circle[39m
                  [33mcx[39m=[32m&quot;5&quot;[39m
                  [33mcy[39m=[32m&quot;19&quot;[39m
                  [33mr[39m=[32m&quot;2&quot;[39m
                [36m/&gt;[39m
                [36m&lt;path[39m
                  [33md[39m=[32m&quot;M10.4 21.9a10 10 0 0 0 9.941-15.416&quot;[39m
                [36m/&gt;[39m
                [36m&lt;path[39m
                  [33md[39m=[32m&quot;M13.5 2.1a10 10 0 0 0-9.841 15.416&quot;[39m
                [36m/&gt;[39m
              [36m&lt;/svg&gt;[39m
            [36m&lt;/div&gt;[39m
            [36m&lt;div&gt;[39m
              [36m&lt;div[39m
                [33mclass[39m=[32m&quot;flex items-center gap-2 mb-1&quot;[39m
              [36m&gt;[39m
                [36m&lt;span[39m
                  [33mclass[39m=[32m&quot;text-[10px] font-black uppercase tracking-[0.3em] text-primary/60&quot;[39m
                [36m&gt;[39m
                  [0mfundamentos[0m
                [36m&lt;/span&gt;[39m
                [36m&lt;div[39m
                  [33mclass[39m=[32m&quot;w-1 h-1 rounded-full bg-primary/30&quot;[39m
                [36m/&gt;[39m
                [36m&lt;div[39m
                  [33mclass[39m=[32m&quot;inline-flex items-center rounded-full border px-2.5 py-0.5 transition-colors focus:outline-none focus:ring-2 focus:ring-ring focus:ring-offset-2 text-[9px] font-black uppercase tracking-widest border-primary/20 text-primary/70&quot;[39m
                [36m&gt;[39m
                  [0mNexus[0m
                [36m&lt;/div&gt;[39m
              [36m&lt;/div&gt;[39m
              [36m&lt;h1[39m
                [33mclass[39m=[32m&quot;text-4xl sm:text-5xl font-black tracking-tight text-foreground&quot;[39m
              [36m&gt;[39m
                [0mVazio[0m
              [36m&lt;/h1&gt;[39m
            [36m&lt;/div&gt;[39m
          [36m&lt;/div&gt;[39m
          [36m&lt;button[39m
            [33mclass[39m=[32m&quot;inline-flex items-center justify-center gap-2.5 whitespace-nowrap text-sm focus-visible:outline-none focus-visible:ring-2 focus-visible:ring-ring disabled:pointer-events-none disabled:opacity-50 [&amp;_svg]:pointer-events-none [&amp;_svg]:size-5 [&amp;_svg]:shrink-0 hover:shadow-md hover:bg-primary/90 py-3 rounded-2xl h-14 px-8 bg-primary text-primary-foreground font-black uppercase tracking-widest shadow-xl shadow-primary/20 hover:scale-[1.02] active:scale-[0.98] transition-all group overflow-hidden relative&quot;[39m
          [36m&gt;[39m
            [36m&lt;div[39m
              [33mclass[39m=[32m&quot;absolute inset-0 bg-gradient-to-r from-white/0 via-white/10 to-white/0 -translate-x-full group-hover:animate-shimmer&quot;[39m
            [36m/&gt;[39m
            [36m&lt;svg[39m
              [33mclass[39m=[32m&quot;lucide lucide-sparkles w-5 h-5 mr-2 group-hover:rotate-12 transition-transform&quot;[39m
              [33mfill[39m=[32m&quot;none&quot;[39m
              [33mheight[39m=[32m&quot;24&quot;[39m
              [33mstroke[39m=[32m&quot;currentColor&quot;[39m
              [33mstroke-linecap[39m=[32m&quot;r...

Ignored nodes: comments, script, style
[36m&lt;body&gt;[39m
  [36m&lt;div&gt;[39m
    [36m&lt;div[39m
      [33mclass[39m=[32m&quot;space-y-12 animate-in fade-in slide-in-from-bottom-4 duration-700 max-w-5xl mx-auto pb-24 px-4 relative&quot;[39m
    [36m&gt;[39m
      [36m&lt;div[39m
        [33mclass[39m=[32m&quot;fixed inset-0 bg-gradient-to-b from-blue-500/10 via-background to-background -z-10 pointer-events-none opacity-40&quot;[39m
      [36m/&gt;[39m
      [36m&lt;nav[39m
        [33mclass[39m=[32m&quot;flex items-center gap-3 text-[10px] font-black uppercase tracking-[0.2em] text-muted-foreground/50 mb-8 overflow-x-auto whitespace-nowrap pb-2 scrollbar-none&quot;[39m
      [36m&gt;[39m
        [36m&lt;button[39m
          [33mclass[39m=[32m&quot;hover:text-primary transition-colors flex items-center gap-1&quot;[39m
        [36m&gt;[39m
          [36m&lt;svg[39m
            [33mclass[39m=[32m&quot;lucide lucide-chevron-left w-3 h-3&quot;[39m
            [33mfill[39m=[32m&quot;none&quot;[39m
            [33mheight[39m=[32m&quot;24&quot;[39m
            [33mstroke[39m=[32m&quot;currentColor&quot;[39m
            [33mstroke-linecap[39m=[32m&quot;round&quot;[39m
            [33mstroke-linejoin[39m=[32m&quot;round&quot;[39m
            [33mstroke-width[39m=[32m&quot;2&quot;[39m
            [33mviewBox[39m=[32m&quot;0 0 24 24&quot;[39m
            [33mwidth[39m=[32m&quot;24&quot;[39m
            [33mxmlns[39m=[32m&quot;http://www.w3.org/2000/svg&quot;[39m
          [36m&gt;[39m
            [36m&lt;path[39m
              [33md[39m=[32m&quot;m15 18-6-6 6-6&quot;[39m
            [36m/&gt;[39m
          [36m&lt;/svg&gt;[39m
          [0m Início[0m
        [36m&lt;/button&gt;[39m
        [36m&lt;span[39m
          [33mclass[39m=[32m&quot;opacity-30&quot;[39m
        [36m&gt;[39m
          [0m/[0m
        [36m&lt;/span&gt;[39m
        [36m&lt;button[39m
          [33mclass[39m=[32m&quot;hover:text-primary transition-colors&quot;[39m
        [36m&gt;[39m
          [0mTemas[0m
        [36m&lt;/button&gt;[39m
        [36m&lt;span[39m
          [33mclass[39m=[32m&quot;opacity-30&quot;[39m
        [36m&gt;[39m
          [0m/[0m
        [36m&lt;/span&gt;[39m
        [36m&lt;button[39m
          [33mclass[39m=[32m&quot;hover:text-primary transition-colors&quot;[39m
        [36m&gt;[39m
          [0mfundamentos[0m
        [36m&lt;/button&gt;[39m
        [36m&lt;span[39m
          [33mclass[39m=[32m&quot;opacity-30&quot;[39m
        [36m&gt;[39m
          [0m/[0m
        [36m&lt;/span&gt;[39m
        [36m&lt;span[39m
          [33mclass[39m=[32m&quot;text-primary/80&quot;[39m
        [36m&gt;[39m
          [0mVazio[0m
        [36m&lt;/span&gt;[39m
      [36m&lt;/nav&gt;[39m
      [36m&lt;header[39m
        [33mclass[39m=[32m&quot;space-y-6&quot;[39m
      [36m&gt;[39m
        [36m&lt;div[39m
          [33mclass[39m=[32m&quot;flex flex-col sm:flex-row sm:items-center justify-between gap-6&quot;[39m
        [36m&gt;[39m
          [36m&lt;div[39m
            [33mclass[39m=[32m&quot;flex items-center gap-4&quot;[39m
          [36m&gt;[39m
            [36m&lt;div[39m
              [33mclass[39m=[32m&quot;w-16 h-16 rounded-[2rem] bg-primary/10 flex items-center justify-center text-primary shadow-inner border border-primary/20&quot;[39m
            [36m&gt;[39m
              [36m&lt;svg[39m
                [33mclass[39m=[32m&quot;lucide lucide-orbit w-8 h-8&quot;[39m
                [33mfill[39m=[32m&quot;none&quot;[39m
                [33mheight[39m=[32m&quot;24&quot;[39m
                [33mstroke[39m=[32m&quot;currentColor&quot;[39m
                [33mstroke-linecap[39m=[32m&quot;round&quot;[39m
                [33mstroke-linejoin[39m=[32m&quot;round&quot;[39m
                [33mstroke-width[39m=[32m&quot;2&quot;[39m
                [33mviewBox[39m=[32m&quot;0 0 24 24&quot;[39m
                [33mwidth[39m=[32m&quot;24&quot;[39m
                [33mxmlns[39m=[32m&quot;http://www.w3.org/2000/svg&quot;[39m
              [36m&gt;[39m
                [36m&lt;circle[39m
                  [33mcx[39m=[32m&quot;12&quot;[39m
                  [33mcy[39m=[32m&quot;12&quot;[39m
                  [33mr[39m=[32m&quot;3&quot;[39m
                [36m/&gt;[39m
                [36m&lt;circle[39m
                  [33mcx[39m=[32m&quot;19&quot;[39m
                  [33mcy[39m=[32m&quot;5&quot;[39m
                  [33mr[39m=[32m&quot;2&quot;[39m
                [36m/&gt;[39m
                [36m&lt;circle[39m
                  [33mcx[39m=[32m&quot;5&quot;[39m
                  [33mcy[39m=[32m&quot;19&quot;[39m
                  [33mr[39m=[32m&quot;2&quot;[39m
                [36m/&gt;[39m
                [36m&lt;path[39m
                  [33md[39m=[32m&quot;M10.4 21.9a10 10 0 0 0 9.941-15.416&quot;[39m
                [36m/&gt;[39m
                [36m&lt;path[39m
                  [33md[39m=[32m&quot;M13.5 2.1a10 10 0 0 0-9.841 15.416&quot;[39m
                [36m/&gt;[39m
              [36m&lt;/svg&gt;[39m
            [36m&lt;/div&gt;[39m
            [36m&lt;div&gt;[39m
              [36m&lt;div[39m
                [33mclass[39m=[32m&quot;flex items-center gap-2 mb-1&quot;[39m
              [36m&gt;[39m
                [36m&lt;span[39m
                  [33mclass[39m=[32m&quot;text-[10px] font-black uppercase tracking-[0.3em] text-primary/60&quot;[39m
                [36m&gt;[39m
                  [0mfundamentos[0m
                [36m&lt;/span&gt;[39m
                [36m&lt;div[39m
                  [33mclass[39m=[32m&quot;w-1 h-1 rounded-full bg-primary/30&quot;[39m
                [36m/&gt;[39m
                [36m&lt;div[39m
                  [33mclass[39m=[32m&quot;inline-flex items-center rounded-full border px-2.5 py-0.5 transition-colors focus:outline-none focus:ring-2 focus:ring-ring focus:ring-offset-2 text-[9px] font-black uppercase tracking-widest border-primary/20 text-primary/70&quot;[39m
                [36m&gt;[39m
                  [0mNexus[0m
                [36m&lt;/div&gt;[39m
              [36m&lt;/div&gt;[39m
              [36m&lt;h1[39m
                [33mclass[39m=[32m&quot;text-4xl sm:text-5xl font-black tracking-tight text-foreground&quot;[39m
              [36m&gt;[39m
                [0mVazio[0m
              [36m&lt;/h1&gt;[39m
            [36m&lt;/div&gt;[39m
          [36m&lt;/div&gt;[39m
          [36m&lt;button[39m
            [33mclass[39m=[32m&quot;inline-flex items-center justify-center gap-2.5 whitespace-nowrap text-sm focus-visible:outline-none focus-visible:ring-2 focus-visible:ring-ring disabled:pointer-events-none disabled:opacity-50 [&amp;_svg]:pointer-events-none [&amp;_svg]:size-5 [&amp;_svg]:shrink-0 hover:shadow-md hover:bg-primary/90 py-3 rounded-2xl h-14 px-8 bg-primary text-primary-foreground font-black uppercase tracking-widest shadow-xl shadow-primary/20 hover:scale-[1.02] active:scale-[0.98] transition-all group overflow-hidden relative&quot;[39m
          [36m&gt;[39m
            [36m&lt;div[39m
              [33mclass[39m=[32m&quot;absolute inset-0 bg-gradient-to-r from-white/0 via-white/10 to-white/0 -translate-x-full group-hover:animate-shimmer&quot;[39m
            [36m/&gt;[39m
            [36m&lt;svg[39m
              [33mclass[39m=[32m&quot;lucide lucide-sparkles w-5 h-5 mr-2 group-hover:rotate-12 transition-transform&quot;[39m
              [33mfill[39m=[32m&quot;none&quot;[39m
              [33mheight[39m=[32m&quot;24&quot;[39m
              [33mstroke[39m=[32m&quot;currentColor&quot;[39m
              [33mstroke-linecap[39m=[32m&quot;r..." type="TestingLibraryElementError">
TestingLibraryElementError: Unable to find an element with the text: /Conteúdo da Tradição em aprofundamento/i. This could be because the text is broken up by multiple elements. In this case, you can provide a function for your text matcher to make your matcher more flexible.

Ignored nodes: comments, script, style
&lt;body&gt;
  &lt;div&gt;
    &lt;div
      class=&quot;space-y-12 animate-in fade-in slide-in-from-bottom-4 duration-700 max-w-5xl mx-auto pb-24 px-4 relative&quot;
    &gt;
      &lt;div
        class=&quot;fixed inset-0 bg-gradient-to-b from-blue-500/10 via-background to-background -z-10 pointer-events-none opacity-40&quot;
      /&gt;
      &lt;nav
        class=&quot;flex items-center gap-3 text-[10px] font-black uppercase tracking-[0.2em] text-muted-foreground/50 mb-8 overflow-x-auto whitespace-nowrap pb-2 scrollbar-none&quot;
      &gt;
        &lt;button
          class=&quot;hover:text-primary transition-colors flex items-center gap-1&quot;
        &gt;
          &lt;svg
            class=&quot;lucide lucide-chevron-left w-3 h-3&quot;
            fill=&quot;none&quot;
            height=&quot;24&quot;
            stroke=&quot;currentColor&quot;
            stroke-linecap=&quot;round&quot;
            stroke-linejoin=&quot;round&quot;
            stroke-width=&quot;2&quot;
            viewBox=&quot;0 0 24 24&quot;
            width=&quot;24&quot;
            xmlns=&quot;http://www.w3.org/2000/svg&quot;
          &gt;
            &lt;path
              d=&quot;m15 18-6-6 6-6&quot;
            /&gt;
          &lt;/svg&gt;
           Início
        &lt;/button&gt;
        &lt;span
          class=&quot;opacity-30&quot;
        &gt;
          /
        &lt;/span&gt;
        &lt;button
          class=&quot;hover:text-primary transition-colors&quot;
        &gt;
          Temas
        &lt;/button&gt;
        &lt;span
          class=&quot;opacity-30&quot;
        &gt;
          /
        &lt;/span&gt;
        &lt;button
          class=&quot;hover:text-primary transition-colors&quot;
        &gt;
          fundamentos
        &lt;/button&gt;
        &lt;span
          class=&quot;opacity-30&quot;
        &gt;
          /
        &lt;/span&gt;
        &lt;span
          class=&quot;text-primary/80&quot;
        &gt;
          Vazio
        &lt;/span&gt;
      &lt;/nav&gt;
      &lt;header
        class=&quot;space-y-6&quot;
      &gt;
        &lt;div
          class=&quot;flex flex-col sm:flex-row sm:items-center justify-between gap-6&quot;
        &gt;
          &lt;div
            class=&quot;flex items-center gap-4&quot;
          &gt;
            &lt;div
              class=&quot;w-16 h-16 rounded-[2rem] bg-primary/10 flex items-center justify-center text-primary shadow-inner border border-primary/20&quot;
            &gt;
              &lt;svg
                class=&quot;lucide lucide-orbit w-8 h-8&quot;
                fill=&quot;none&quot;
                height=&quot;24&quot;
                stroke=&quot;currentColor&quot;
                stroke-linecap=&quot;round&quot;
                stroke-linejoin=&quot;round&quot;
                stroke-width=&quot;2&quot;
                viewBox=&quot;0 0 24 24&quot;
                width=&quot;24&quot;
                xmlns=&quot;http://www.w3.org/2000/svg&quot;
              &gt;
                &lt;circle
                  cx=&quot;12&quot;
                  cy=&quot;12&quot;
                  r=&quot;3&quot;
                /&gt;
                &lt;circle
                  cx=&quot;19&quot;
                  cy=&quot;5&quot;
                  r=&quot;2&quot;
                /&gt;
                &lt;circle
                  cx=&quot;5&quot;
                  cy=&quot;19&quot;
                  r=&quot;2&quot;
                /&gt;
                &lt;path
                  d=&quot;M10.4 21.9a10 10 0 0 0 9.941-15.416&quot;
                /&gt;
                &lt;path
                  d=&quot;M13.5 2.1a10 10 0 0 0-9.841 15.416&quot;
                /&gt;
              &lt;/svg&gt;
            &lt;/div&gt;
            &lt;div&gt;
              &lt;div
                class=&quot;flex items-center gap-2 mb-1&quot;
              &gt;
                &lt;span
                  class=&quot;text-[10px] font-black uppercase tracking-[0.3em] text-primary/60&quot;
                &gt;
                  fundamentos
                &lt;/span&gt;
                &lt;div
                  class=&quot;w-1 h-1 rounded-full bg-primary/30&quot;
                /&gt;
                &lt;div
                  class=&quot;inline-flex items-center rounded-full border px-2.5 py-0.5 transition-colors focus:outline-none focus:ring-2 focus:ring-ring focus:ring-offset-2 text-[9px] font-black uppercase tracking-widest border-primary/20 text-primary/70&quot;
                &gt;
                  Nexus
                &lt;/div&gt;
              &lt;/div&gt;
              &lt;h1
                class=&quot;text-4xl sm:text-5xl font-black tracking-tight text-foreground&quot;
              &gt;
                Vazio
              &lt;/h1&gt;
            &lt;/div&gt;
          &lt;/div&gt;
          &lt;button
            class=&quot;inline-flex items-center justify-center gap-2.5 whitespace-nowrap text-sm focus-visible:outline-none focus-visible:ring-2 focus-visible:ring-ring disabled:pointer-events-none disabled:opacity-50 [&amp;_svg]:pointer-events-none [&amp;_svg]:size-5 [&amp;_svg]:shrink-0 hover:shadow-md hover:bg-primary/90 py-3 rounded-2xl h-14 px-8 bg-primary text-primary-foreground font-black uppercase tracking-widest shadow-xl shadow-primary/20 hover:scale-[1.02] active:scale-[0.98] transition-all group overflow-hidden relative&quot;
          &gt;
            &lt;div
              class=&quot;absolute inset-0 bg-gradient-to-r from-white/0 via-white/10 to-white/0 -translate-x-full group-hover:animate-shimmer&quot;
            /&gt;
            &lt;svg
              class=&quot;lucide lucide-sparkles w-5 h-5 mr-2 group-hover:rotate-12 transition-transform&quot;
              fill=&quot;none&quot;
              height=&quot;24&quot;
              stroke=&quot;currentColor&quot;
              stroke-linecap=&quot;r...

Ignored nodes: comments, script, style
&lt;body&gt;
  &lt;div&gt;
    &lt;div
      class=&quot;space-y-12 animate-in fade-in slide-in-from-bottom-4 duration-700 max-w-5xl mx-auto pb-24 px-4 relative&quot;
    &gt;
      &lt;div
        class=&quot;fixed inset-0 bg-gradient-to-b from-blue-500/10 via-background to-background -z-10 pointer-events-none opacity-40&quot;
      /&gt;
      &lt;nav
        class=&quot;flex items-center gap-3 text-[10px] font-black uppercase tracking-[0.2em] text-muted-foreground/50 mb-8 overflow-x-auto whitespace-nowrap pb-2 scrollbar-none&quot;
      &gt;
        &lt;button
          class=&quot;hover:text-primary transition-colors flex items-center gap-1&quot;
        &gt;
          &lt;svg
            class=&quot;lucide lucide-chevron-left w-3 h-3&quot;
            fill=&quot;none&quot;
            height=&quot;24&quot;
            stroke=&quot;currentColor&quot;
            stroke-linecap=&quot;round&quot;
            stroke-linejoin=&quot;round&quot;
            stroke-width=&quot;2&quot;
            viewBox=&quot;0 0 24 24&quot;
            width=&quot;24&quot;
            xmlns=&quot;http://www.w3.org/2000/svg&quot;
          &gt;
            &lt;path
              d=&quot;m15 18-6-6 6-6&quot;
            /&gt;
          &lt;/svg&gt;
           Início
        &lt;/button&gt;
        &lt;span
          class=&quot;opacity-30&quot;
        &gt;
          /
        &lt;/span&gt;
        &lt;button
          class=&quot;hover:text-primary transition-colors&quot;
        &gt;
          Temas
        &lt;/button&gt;
        &lt;span
          class=&quot;opacity-30&quot;
        &gt;
          /
        &lt;/span&gt;
        &lt;button
          class=&quot;hover:text-primary transition-colors&quot;
        &gt;
          fundamentos
        &lt;/button&gt;
        &lt;span
          class=&quot;opacity-30&quot;
        &gt;
          /
        &lt;/span&gt;
        &lt;span
          class=&quot;text-primary/80&quot;
        &gt;
          Vazio
        &lt;/span&gt;
      &lt;/nav&gt;
      &lt;header
        class=&quot;space-y-6&quot;
      &gt;
        &lt;div
          class=&quot;flex flex-col sm:flex-row sm:items-center justify-between gap-6&quot;
        &gt;
          &lt;div
            class=&quot;flex items-center gap-4&quot;
          &gt;
            &lt;div
              class=&quot;w-16 h-16 rounded-[2rem] bg-primary/10 flex items-center justify-center text-primary shadow-inner border border-primary/20&quot;
            &gt;
              &lt;svg
                class=&quot;lucide lucide-orbit w-8 h-8&quot;
                fill=&quot;none&quot;
                height=&quot;24&quot;
                stroke=&quot;currentColor&quot;
                stroke-linecap=&quot;round&quot;
                stroke-linejoin=&quot;round&quot;
                stroke-width=&quot;2&quot;
                viewBox=&quot;0 0 24 24&quot;
                width=&quot;24&quot;
                xmlns=&quot;http://www.w3.org/2000/svg&quot;
              &gt;
                &lt;circle
                  cx=&quot;12&quot;
                  cy=&quot;12&quot;
                  r=&quot;3&quot;
                /&gt;
                &lt;circle
                  cx=&quot;19&quot;
                  cy=&quot;5&quot;
                  r=&quot;2&quot;
                /&gt;
                &lt;circle
                  cx=&quot;5&quot;
                  cy=&quot;19&quot;
                  r=&quot;2&quot;
                /&gt;
                &lt;path
                  d=&quot;M10.4 21.9a10 10 0 0 0 9.941-15.416&quot;
                /&gt;
                &lt;path
                  d=&quot;M13.5 2.1a10 10 0 0 0-9.841 15.416&quot;
                /&gt;
              &lt;/svg&gt;
            &lt;/div&gt;
            &lt;div&gt;
              &lt;div
                class=&quot;flex items-center gap-2 mb-1&quot;
              &gt;
                &lt;span
                  class=&quot;text-[10px] font-black uppercase tracking-[0.3em] text-primary/60&quot;
                &gt;
                  fundamentos
                &lt;/span&gt;
                &lt;div
                  class=&quot;w-1 h-1 rounded-full bg-primary/30&quot;
                /&gt;
                &lt;div
                  class=&quot;inline-flex items-center rounded-full border px-2.5 py-0.5 transition-colors focus:outline-none focus:ring-2 focus:ring-ring focus:ring-offset-2 text-[9px] font-black uppercase tracking-widest border-primary/20 text-primary/70&quot;
                &gt;
                  Nexus
                &lt;/div&gt;
              &lt;/div&gt;
              &lt;h1
                class=&quot;text-4xl sm:text-5xl font-black tracking-tight text-foreground&quot;
              &gt;
                Vazio
              &lt;/h1&gt;
            &lt;/div&gt;
          &lt;/div&gt;
          &lt;button
            class=&quot;inline-flex items-center justify-center gap-2.5 whitespace-nowrap text-sm focus-visible:outline-none focus-visible:ring-2 focus-visible:ring-ring disabled:pointer-events-none disabled:opacity-50 [&amp;_svg]:pointer-events-none [&amp;_svg]:size-5 [&amp;_svg]:shrink-0 hover:shadow-md hover:bg-primary/90 py-3 rounded-2xl h-14 px-8 bg-primary text-primary-foreground font-black uppercase tracking-widest shadow-xl shadow-primary/20 hover:scale-[1.02] active:scale-[0.98] transition-all group overflow-hidden relative&quot;
          &gt;
            &lt;div
              class=&quot;absolute inset-0 bg-gradient-to-r from-white/0 via-white/10 to-white/0 -translate-x-full group-hover:animate-shimmer&quot;
            /&gt;
            &lt;svg
              class=&quot;lucide lucide-sparkles w-5 h-5 mr-2 group-hover:rotate-12 transition-transform&quot;
              fill=&quot;none&quot;
              height=&quot;24&quot;
              stroke=&quot;currentColor&quot;
              stroke-linecap=&quot;r...
 ❯ waitForWrapper node_modules/.bun/@testing-library+dom@10.4.1/node_modules/@testing-library/dom/dist/wait-for.js:163:27
 ❯ findByText node_modules/.bun/@testing-library+dom@10.4.1/node_modules/@testing-library/dom/dist/query-helpers.js:86:33
 ❯ src/components/cathedra/TemaDetailPage.test.tsx:105:25
            </failure>
        </testcase>
        <testcase classname="src/components/cathedra/TemaDetailPage.test.tsx" name="TemaDetailPage - Integration Tests &gt; completes loading state even when fetch returns undefined" time="0.031213964">
            <system-out>
STATS: {&quot;bible&quot;: 0}

            </system-out>
        </testcase>
        <testcase classname="src/components/cathedra/TemaDetailPage.test.tsx" name="TemaDetailPage - Integration Tests &gt; renders robust fallbacks for partially filled objects" time="0.061938607">
            <system-out>
STATS: {&quot;bible&quot;: 1}

            </system-out>
        </testcase>
        <testcase classname="src/components/cathedra/TemaDetailPage.test.tsx" name="TemaDetailPage - Integration Tests &gt; shows loading skeleton only in the active tab content area" time="1.06047025">
            <system-out>
STATS: {&quot;bible&quot;: 1}

            </system-out>
        </testcase>
        <testcase classname="src/components/cathedra/TemaDetailPage.test.tsx" name="TemaDetailPage - Integration Tests &gt; verifies retry flow: error -&gt; retry -&gt; success/fallback" time="0.072356385">
            <system-out>
STATS: {&quot;bible&quot;: 2}

            </system-out>
        </testcase>
        <testcase classname="src/components/cathedra/TemaDetailPage.test.tsx" name="TemaDetailPage - Integration Tests &gt; handles fetch exception by showing global error UI across all tabs" time="0.206093338">
            <system-out>
STATS: {&quot;bible&quot;: 5}

            </system-out>
        </testcase>
        <testcase classname="src/components/cathedra/TemaDetailPage.test.tsx" name="TemaDetailPage - Integration Tests &gt; ensures no content leakage when switching between content and empty categories" time="1.065695355">
            <system-out>
STATS: {&quot;bible&quot;: 1}

            </system-out>
            <failure message="[2mexpect([22m[31melement[39m[2m).not.toBeInTheDocument()[22m

[31mexpected document not to contain element, found &lt;p
  class=&quot;text-base sm:text-lg text-foreground/80 leading-relaxed font-serif&quot;
&gt;
  &quot;Bible Content&quot;
&lt;/p&gt; instead[39m" type="Error">
Error: expect(element).not.toBeInTheDocument()

expected document not to contain element, found &lt;p
  class=&quot;text-base sm:text-lg text-foreground/80 leading-relaxed font-serif&quot;
&gt;
  &quot;Bible Content&quot;
&lt;/p&gt; instead
 ❯ src/components/cathedra/TemaDetailPage.test.tsx:251:54
            </failure>
        </testcase>
        <testcase classname="src/components/cathedra/TemaDetailPage.test.tsx" name="TemaDetailPage - Integration Tests &gt; handles rapid multi-switch without skeleton accumulation" time="4.038008062">
            <system-out>
STATS: {&quot;bible&quot;: 1}

            </system-out>
            <failure message="Unable to find an element with the text: /Journey Data/i. This could be because the text is broken up by multiple elements. In this case, you can provide a function for your text matcher to make your matcher more flexible.

Ignored nodes: comments, script, style
[36m&lt;body&gt;[39m
  [36m&lt;div&gt;[39m
    [36m&lt;div[39m
      [33mclass[39m=[32m&quot;space-y-12 animate-in fade-in slide-in-from-bottom-4 duration-700 max-w-5xl mx-auto pb-24 px-4 relative&quot;[39m
    [36m&gt;[39m
      [36m&lt;div[39m
        [33mclass[39m=[32m&quot;fixed inset-0 bg-gradient-to-b from-blue-500/10 via-background to-background -z-10 pointer-events-none opacity-40&quot;[39m
      [36m/&gt;[39m
      [36m&lt;nav[39m
        [33mclass[39m=[32m&quot;flex items-center gap-3 text-[10px] font-black uppercase tracking-[0.2em] text-muted-foreground/50 mb-8 overflow-x-auto whitespace-nowrap pb-2 scrollbar-none&quot;[39m
      [36m&gt;[39m
        [36m&lt;button[39m
          [33mclass[39m=[32m&quot;hover:text-primary transition-colors flex items-center gap-1&quot;[39m
        [36m&gt;[39m
          [36m&lt;svg[39m
            [33mclass[39m=[32m&quot;lucide lucide-chevron-left w-3 h-3&quot;[39m
            [33mfill[39m=[32m&quot;none&quot;[39m
            [33mheight[39m=[32m&quot;24&quot;[39m
            [33mstroke[39m=[32m&quot;currentColor&quot;[39m
            [33mstroke-linecap[39m=[32m&quot;round&quot;[39m
            [33mstroke-linejoin[39m=[32m&quot;round&quot;[39m
            [33mstroke-width[39m=[32m&quot;2&quot;[39m
            [33mviewBox[39m=[32m&quot;0 0 24 24&quot;[39m
            [33mwidth[39m=[32m&quot;24&quot;[39m
            [33mxmlns[39m=[32m&quot;http://www.w3.org/2000/svg&quot;[39m
          [36m&gt;[39m
            [36m&lt;path[39m
              [33md[39m=[32m&quot;m15 18-6-6 6-6&quot;[39m
            [36m/&gt;[39m
          [36m&lt;/svg&gt;[39m
          [0m Início[0m
        [36m&lt;/button&gt;[39m
        [36m&lt;span[39m
          [33mclass[39m=[32m&quot;opacity-30&quot;[39m
        [36m&gt;[39m
          [0m/[0m
        [36m&lt;/span&gt;[39m
        [36m&lt;button[39m
          [33mclass[39m=[32m&quot;hover:text-primary transition-colors&quot;[39m
        [36m&gt;[39m
          [0mTemas[0m
        [36m&lt;/button&gt;[39m
        [36m&lt;span[39m
          [33mclass[39m=[32m&quot;opacity-30&quot;[39m
        [36m&gt;[39m
          [0m/[0m
        [36m&lt;/span&gt;[39m
        [36m&lt;button[39m
          [33mclass[39m=[32m&quot;hover:text-primary transition-colors&quot;[39m
        [36m&gt;[39m
          [0mfundamentos[0m
        [36m&lt;/button&gt;[39m
        [36m&lt;span[39m
          [33mclass[39m=[32m&quot;opacity-30&quot;[39m
        [36m&gt;[39m
          [0m/[0m
        [36m&lt;/span&gt;[39m
        [36m&lt;span[39m
          [33mclass[39m=[32m&quot;text-primary/80&quot;[39m
        [36m&gt;[39m
          [0mRapidSwitch[0m
        [36m&lt;/span&gt;[39m
      [36m&lt;/nav&gt;[39m
      [36m&lt;header[39m
        [33mclass[39m=[32m&quot;space-y-6&quot;[39m
      [36m&gt;[39m
        [36m&lt;div[39m
          [33mclass[39m=[32m&quot;flex flex-col sm:flex-row sm:items-center justify-between gap-6&quot;[39m
        [36m&gt;[39m
          [36m&lt;div[39m
            [33mclass[39m=[32m&quot;flex items-center gap-4&quot;[39m
          [36m&gt;[39m
            [36m&lt;div[39m
              [33mclass[39m=[32m&quot;w-16 h-16 rounded-[2rem] bg-primary/10 flex items-center justify-center text-primary shadow-inner border border-primary/20&quot;[39m
            [36m&gt;[39m
              [36m&lt;svg[39m
                [33mclass[39m=[32m&quot;lucide lucide-hash w-8 h-8&quot;[39m
                [33mfill[39m=[32m&quot;none&quot;[39m
                [33mheight[39m=[32m&quot;24&quot;[39m
                [33mstroke[39m=[32m&quot;currentColor&quot;[39m
                [33mstroke-linecap[39m=[32m&quot;round&quot;[39m
                [33mstroke-linejoin[39m=[32m&quot;round&quot;[39m
                [33mstroke-width[39m=[32m&quot;2&quot;[39m
                [33mviewBox[39m=[32m&quot;0 0 24 24&quot;[39m
                [33mwidth[39m=[32m&quot;24&quot;[39m
                [33mxmlns[39m=[32m&quot;http://www.w3.org/2000/svg&quot;[39m
              [36m&gt;[39m
                [36m&lt;line[39m
                  [33mx1[39m=[32m&quot;4&quot;[39m
                  [33mx2[39m=[32m&quot;20&quot;[39m
                  [33my1[39m=[32m&quot;9&quot;[39m
                  [33my2[39m=[32m&quot;9&quot;[39m
                [36m/&gt;[39m
                [36m&lt;line[39m
                  [33mx1[39m=[32m&quot;4&quot;[39m
                  [33mx2[39m=[32m&quot;20&quot;[39m
                  [33my1[39m=[32m&quot;15&quot;[39m
                  [33my2[39m=[32m&quot;15&quot;[39m
                [36m/&gt;[39m
                [36m&lt;line[39m
                  [33mx1[39m=[32m&quot;10&quot;[39m
                  [33mx2[39m=[32m&quot;8&quot;[39m
                  [33my1[39m=[32m&quot;3&quot;[39m
                  [33my2[39m=[32m&quot;21&quot;[39m
                [36m/&gt;[39m
                [36m&lt;line[39m
                  [33mx1[39m=[32m&quot;16&quot;[39m
                  [33mx2[39m=[32m&quot;14&quot;[39m
                  [33my1[39m=[32m&quot;3&quot;[39m
                  [33my2[39m=[32m&quot;21&quot;[39m
                [36m/&gt;[39m
              [36m&lt;/svg&gt;[39m
            [36m&lt;/div&gt;[39m
            [36m&lt;div&gt;[39m
              [36m&lt;div[39m
                [33mclass[39m=[32m&quot;flex items-center gap-2 mb-1&quot;[39m
              [36m&gt;[39m
                [36m&lt;span[39m
                  [33mclass[39m=[32m&quot;text-[10px] font-black uppercase tracking-[0.3em] text-primary/60&quot;[39m
                [36m&gt;[39m
                  [0mfundamentos[0m
                [36m&lt;/span&gt;[39m
                [36m&lt;div[39m
                  [33mclass[39m=[32m&quot;w-1 h-1 rounded-full bg-primary/30&quot;[39m
                [36m/&gt;[39m
                [36m&lt;div[39m
                  [33mclass[39m=[32m&quot;inline-flex items-center rounded-full border px-2.5 py-0.5 transition-colors focus:outline-none focus:ring-2 focus:ring-ring focus:ring-offset-2 text-[9px] font-black uppercase tracking-widest border-primary/20 text-primary/70&quot;[39m
                [36m&gt;[39m
                  [0mNexus[0m
                [36m&lt;/div&gt;[39m
              [36m&lt;/div&gt;[39m
              [36m&lt;h1[39m
                [33mclass[39m=[32m&quot;text-4xl sm:text-5xl font-black tracking-tight text-foreground&quot;[39m
              [36m&gt;[39m
                [0mRapidSwitch[0m
              [36m&lt;/h1&gt;[39m
            [36m&lt;/div&gt;[39m
          [36m&lt;/div&gt;[39m
          [36m&lt;button[39m
            [33mclass[39m=[32m&quot;inline-flex items-center justify-center gap-2.5 whitespace-nowrap text-sm focus-visible:outline-none focus-visible:ring-2 focus-visible:ring-ring disabled:pointer-events-none disabled:opacity-50 [&amp;_svg]:pointer-events-none [&amp;_svg]:size-5 [&amp;_svg]:shrink-0 hover:shadow-md hover:bg-primary/90 py-3 rounded-2xl h-14 px-8 bg-primary text-primary-foreground font-black uppercase tracking-widest shadow-xl shadow-primary/20 hover:scale-[1.02] active:scale-[0.98] transition-all group overflow-hidden relative&quot;[39m
          [36m&gt;[39m
            [36m&lt;div[39m
              [33mclass[39m=[32m&quot;absolute inset-0 bg-gradient-to-r from-white/0 via-white/10 to-white/0 -translate-x-full group-hover:animate-shimmer&quot;[39m
            [36m/&gt;[39m
            [36m&lt;svg[39m
              [33mclass[39m=[32m&quot;lucide lucide-sparkles w-5 h-5 mr-2 group-hover:rotate-12 transition-transform&quot;[39m
              [33mfill[39m=[32m&quot;none&quot;[39m
              [33mheight[39m=[32m...

Ignored nodes: comments, script, style
[36m&lt;body&gt;[39m
  [36m&lt;div&gt;[39m
    [36m&lt;div[39m
      [33mclass[39m=[32m&quot;space-y-12 animate-in fade-in slide-in-from-bottom-4 duration-700 max-w-5xl mx-auto pb-24 px-4 relative&quot;[39m
    [36m&gt;[39m
      [36m&lt;div[39m
        [33mclass[39m=[32m&quot;fixed inset-0 bg-gradient-to-b from-blue-500/10 via-background to-background -z-10 pointer-events-none opacity-40&quot;[39m
      [36m/&gt;[39m
      [36m&lt;nav[39m
        [33mclass[39m=[32m&quot;flex items-center gap-3 text-[10px] font-black uppercase tracking-[0.2em] text-muted-foreground/50 mb-8 overflow-x-auto whitespace-nowrap pb-2 scrollbar-none&quot;[39m
      [36m&gt;[39m
        [36m&lt;button[39m
          [33mclass[39m=[32m&quot;hover:text-primary transition-colors flex items-center gap-1&quot;[39m
        [36m&gt;[39m
          [36m&lt;svg[39m
            [33mclass[39m=[32m&quot;lucide lucide-chevron-left w-3 h-3&quot;[39m
            [33mfill[39m=[32m&quot;none&quot;[39m
            [33mheight[39m=[32m&quot;24&quot;[39m
            [33mstroke[39m=[32m&quot;currentColor&quot;[39m
            [33mstroke-linecap[39m=[32m&quot;round&quot;[39m
            [33mstroke-linejoin[39m=[32m&quot;round&quot;[39m
            [33mstroke-width[39m=[32m&quot;2&quot;[39m
            [33mviewBox[39m=[32m&quot;0 0 24 24&quot;[39m
            [33mwidth[39m=[32m&quot;24&quot;[39m
            [33mxmlns[39m=[32m&quot;http://www.w3.org/2000/svg&quot;[39m
          [36m&gt;[39m
            [36m&lt;path[39m
              [33md[39m=[32m&quot;m15 18-6-6 6-6&quot;[39m
            [36m/&gt;[39m
          [36m&lt;/svg&gt;[39m
          [0m Início[0m
        [36m&lt;/button&gt;[39m
        [36m&lt;span[39m
          [33mclass[39m=[32m&quot;opacity-30&quot;[39m
        [36m&gt;[39m
          [0m/[0m
        [36m&lt;/span&gt;[39m
        [36m&lt;button[39m
          [33mclass[39m=[32m&quot;hover:text-primary transition-colors&quot;[39m
        [36m&gt;[39m
          [0mTemas[0m
        [36m&lt;/button&gt;[39m
        [36m&lt;span[39m
          [33mclass[39m=[32m&quot;opacity-30&quot;[39m
        [36m&gt;[39m
          [0m/[0m
        [36m&lt;/span&gt;[39m
        [36m&lt;button[39m
          [33mclass[39m=[32m&quot;hover:text-primary transition-colors&quot;[39m
        [36m&gt;[39m
          [0mfundamentos[0m
        [36m&lt;/button&gt;[39m
        [36m&lt;span[39m
          [33mclass[39m=[32m&quot;opacity-30&quot;[39m
        [36m&gt;[39m
          [0m/[0m
        [36m&lt;/span&gt;[39m
        [36m&lt;span[39m
          [33mclass[39m=[32m&quot;text-primary/80&quot;[39m
        [36m&gt;[39m
          [0mRapidSwitch[0m
        [36m&lt;/span&gt;[39m
      [36m&lt;/nav&gt;[39m
      [36m&lt;header[39m
        [33mclass[39m=[32m&quot;space-y-6&quot;[39m
      [36m&gt;[39m
        [36m&lt;div[39m
          [33mclass[39m=[32m&quot;flex flex-col sm:flex-row sm:items-center justify-between gap-6&quot;[39m
        [36m&gt;[39m
          [36m&lt;div[39m
            [33mclass[39m=[32m&quot;flex items-center gap-4&quot;[39m
          [36m&gt;[39m
            [36m&lt;div[39m
              [33mclass[39m=[32m&quot;w-16 h-16 rounded-[2rem] bg-primary/10 flex items-center justify-center text-primary shadow-inner border border-primary/20&quot;[39m
            [36m&gt;[39m
              [36m&lt;svg[39m
                [33mclass[39m=[32m&quot;lucide lucide-hash w-8 h-8&quot;[39m
                [33mfill[39m=[32m&quot;none&quot;[39m
                [33mheight[39m=[32m&quot;24&quot;[39m
                [33mstroke[39m=[32m&quot;currentColor&quot;[39m
                [33mstroke-linecap[39m=[32m&quot;round&quot;[39m
                [33mstroke-linejoin[39m=[32m&quot;round&quot;[39m
                [33mstroke-width[39m=[32m&quot;2&quot;[39m
                [33mviewBox[39m=[32m&quot;0 0 24 24&quot;[39m
                [33mwidth[39m=[32m&quot;24&quot;[39m
                [33mxmlns[39m=[32m&quot;http://www.w3.org/2000/svg&quot;[39m
              [36m&gt;[39m
                [36m&lt;line[39m
                  [33mx1[39m=[32m&quot;4&quot;[39m
                  [33mx2[39m=[32m&quot;20&quot;[39m
                  [33my1[39m=[32m&quot;9&quot;[39m
                  [33my2[39m=[32m&quot;9&quot;[39m
                [36m/&gt;[39m
                [36m&lt;line[39m
                  [33mx1[39m=[32m&quot;4&quot;[39m
                  [33mx2[39m=[32m&quot;20&quot;[39m
                  [33my1[39m=[32m&quot;15&quot;[39m
                  [33my2[39m=[32m&quot;15&quot;[39m
                [36m/&gt;[39m
                [36m&lt;line[39m
                  [33mx1[39m=[32m&quot;10&quot;[39m
                  [33mx2[39m=[32m&quot;8&quot;[39m
                  [33my1[39m=[32m&quot;3&quot;[39m
                  [33my2[39m=[32m&quot;21&quot;[39m
                [36m/&gt;[39m
                [36m&lt;line[39m
                  [33mx1[39m=[32m&quot;16&quot;[39m
                  [33mx2[39m=[32m&quot;14&quot;[39m
                  [33my1[39m=[32m&quot;3&quot;[39m
                  [33my2[39m=[32m&quot;21&quot;[39m
                [36m/&gt;[39m
              [36m&lt;/svg&gt;[39m
            [36m&lt;/div&gt;[39m
            [36m&lt;div&gt;[39m
              [36m&lt;div[39m
                [33mclass[39m=[32m&quot;flex items-center gap-2 mb-1&quot;[39m
              [36m&gt;[39m
                [36m&lt;span[39m
                  [33mclass[39m=[32m&quot;text-[10px] font-black uppercase tracking-[0.3em] text-primary/60&quot;[39m
                [36m&gt;[39m
                  [0mfundamentos[0m
                [36m&lt;/span&gt;[39m
                [36m&lt;div[39m
                  [33mclass[39m=[32m&quot;w-1 h-1 rounded-full bg-primary/30&quot;[39m
                [36m/&gt;[39m
                [36m&lt;div[39m
                  [33mclass[39m=[32m&quot;inline-flex items-center rounded-full border px-2.5 py-0.5 transition-colors focus:outline-none focus:ring-2 focus:ring-ring focus:ring-offset-2 text-[9px] font-black uppercase tracking-widest border-primary/20 text-primary/70&quot;[39m
                [36m&gt;[39m
                  [0mNexus[0m
                [36m&lt;/div&gt;[39m
              [36m&lt;/div&gt;[39m
              [36m&lt;h1[39m
                [33mclass[39m=[32m&quot;text-4xl sm:text-5xl font-black tracking-tight text-foreground&quot;[39m
              [36m&gt;[39m
                [0mRapidSwitch[0m
              [36m&lt;/h1&gt;[39m
            [36m&lt;/div&gt;[39m
          [36m&lt;/div&gt;[39m
          [36m&lt;button[39m
            [33mclass[39m=[32m&quot;inline-flex items-center justify-center gap-2.5 whitespace-nowrap text-sm focus-visible:outline-none focus-visible:ring-2 focus-visible:ring-ring disabled:pointer-events-none disabled:opacity-50 [&amp;_svg]:pointer-events-none [&amp;_svg]:size-5 [&amp;_svg]:shrink-0 hover:shadow-md hover:bg-primary/90 py-3 rounded-2xl h-14 px-8 bg-primary text-primary-foreground font-black uppercase tracking-widest shadow-xl shadow-primary/20 hover:scale-[1.02] active:scale-[0.98] transition-all group overflow-hidden relative&quot;[39m
          [36m&gt;[39m
            [36m&lt;div[39m
              [33mclass[39m=[32m&quot;absolute inset-0 bg-gradient-to-r from-white/0 via-white/10 to-white/0 -translate-x-full group-hover:animate-shimmer&quot;[39m
            [36m/&gt;[39m
            [36m&lt;svg[39m
              [33mclass[39m=[32m&quot;lucide lucide-sparkles w-5 h-5 mr-2 group-hover:rotate-12 transition-transform&quot;[39m
              [33mfill[39m=[32m&quot;none&quot;[39m
              [33mheight[39m=[32m..." type="TestingLibraryElementError">
TestingLibraryElementError: Unable to find an element with the text: /Journey Data/i. This could be because the text is broken up by multiple elements. In this case, you can provide a function for your text matcher to make your matcher more flexible.

Ignored nodes: comments, script, style
&lt;body&gt;
  &lt;div&gt;
    &lt;div
      class=&quot;space-y-12 animate-in fade-in slide-in-from-bottom-4 duration-700 max-w-5xl mx-auto pb-24 px-4 relative&quot;
    &gt;
      &lt;div
        class=&quot;fixed inset-0 bg-gradient-to-b from-blue-500/10 via-background to-background -z-10 pointer-events-none opacity-40&quot;
      /&gt;
      &lt;nav
        class=&quot;flex items-center gap-3 text-[10px] font-black uppercase tracking-[0.2em] text-muted-foreground/50 mb-8 overflow-x-auto whitespace-nowrap pb-2 scrollbar-none&quot;
      &gt;
        &lt;button
          class=&quot;hover:text-primary transition-colors flex items-center gap-1&quot;
        &gt;
          &lt;svg
            class=&quot;lucide lucide-chevron-left w-3 h-3&quot;
            fill=&quot;none&quot;
            height=&quot;24&quot;
            stroke=&quot;currentColor&quot;
            stroke-linecap=&quot;round&quot;
            stroke-linejoin=&quot;round&quot;
            stroke-width=&quot;2&quot;
            viewBox=&quot;0 0 24 24&quot;
            width=&quot;24&quot;
            xmlns=&quot;http://www.w3.org/2000/svg&quot;
          &gt;
            &lt;path
              d=&quot;m15 18-6-6 6-6&quot;
            /&gt;
          &lt;/svg&gt;
           Início
        &lt;/button&gt;
        &lt;span
          class=&quot;opacity-30&quot;
        &gt;
          /
        &lt;/span&gt;
        &lt;button
          class=&quot;hover:text-primary transition-colors&quot;
        &gt;
          Temas
        &lt;/button&gt;
        &lt;span
          class=&quot;opacity-30&quot;
        &gt;
          /
        &lt;/span&gt;
        &lt;button
          class=&quot;hover:text-primary transition-colors&quot;
        &gt;
          fundamentos
        &lt;/button&gt;
        &lt;span
          class=&quot;opacity-30&quot;
        &gt;
          /
        &lt;/span&gt;
        &lt;span
          class=&quot;text-primary/80&quot;
        &gt;
          RapidSwitch
        &lt;/span&gt;
      &lt;/nav&gt;
      &lt;header
        class=&quot;space-y-6&quot;
      &gt;
        &lt;div
          class=&quot;flex flex-col sm:flex-row sm:items-center justify-between gap-6&quot;
        &gt;
          &lt;div
            class=&quot;flex items-center gap-4&quot;
          &gt;
            &lt;div
              class=&quot;w-16 h-16 rounded-[2rem] bg-primary/10 flex items-center justify-center text-primary shadow-inner border border-primary/20&quot;
            &gt;
              &lt;svg
                class=&quot;lucide lucide-hash w-8 h-8&quot;
                fill=&quot;none&quot;
                height=&quot;24&quot;
                stroke=&quot;currentColor&quot;
                stroke-linecap=&quot;round&quot;
                stroke-linejoin=&quot;round&quot;
                stroke-width=&quot;2&quot;
                viewBox=&quot;0 0 24 24&quot;
                width=&quot;24&quot;
                xmlns=&quot;http://www.w3.org/2000/svg&quot;
              &gt;
                &lt;line
                  x1=&quot;4&quot;
                  x2=&quot;20&quot;
                  y1=&quot;9&quot;
                  y2=&quot;9&quot;
                /&gt;
                &lt;line
                  x1=&quot;4&quot;
                  x2=&quot;20&quot;
                  y1=&quot;15&quot;
                  y2=&quot;15&quot;
                /&gt;
                &lt;line
                  x1=&quot;10&quot;
                  x2=&quot;8&quot;
                  y1=&quot;3&quot;
                  y2=&quot;21&quot;
                /&gt;
                &lt;line
                  x1=&quot;16&quot;
                  x2=&quot;14&quot;
                  y1=&quot;3&quot;
                  y2=&quot;21&quot;
                /&gt;
              &lt;/svg&gt;
            &lt;/div&gt;
            &lt;div&gt;
              &lt;div
                class=&quot;flex items-center gap-2 mb-1&quot;
              &gt;
                &lt;span
                  class=&quot;text-[10px] font-black uppercase tracking-[0.3em] text-primary/60&quot;
                &gt;
                  fundamentos
                &lt;/span&gt;
                &lt;div
                  class=&quot;w-1 h-1 rounded-full bg-primary/30&quot;
                /&gt;
                &lt;div
                  class=&quot;inline-flex items-center rounded-full border px-2.5 py-0.5 transition-colors focus:outline-none focus:ring-2 focus:ring-ring focus:ring-offset-2 text-[9px] font-black uppercase tracking-widest border-primary/20 text-primary/70&quot;
                &gt;
                  Nexus
                &lt;/div&gt;
              &lt;/div&gt;
              &lt;h1
                class=&quot;text-4xl sm:text-5xl font-black tracking-tight text-foreground&quot;
              &gt;
                RapidSwitch
              &lt;/h1&gt;
            &lt;/div&gt;
          &lt;/div&gt;
          &lt;button
            class=&quot;inline-flex items-center justify-center gap-2.5 whitespace-nowrap text-sm focus-visible:outline-none focus-visible:ring-2 focus-visible:ring-ring disabled:pointer-events-none disabled:opacity-50 [&amp;_svg]:pointer-events-none [&amp;_svg]:size-5 [&amp;_svg]:shrink-0 hover:shadow-md hover:bg-primary/90 py-3 rounded-2xl h-14 px-8 bg-primary text-primary-foreground font-black uppercase tracking-widest shadow-xl shadow-primary/20 hover:scale-[1.02] active:scale-[0.98] transition-all group overflow-hidden relative&quot;
          &gt;
            &lt;div
              class=&quot;absolute inset-0 bg-gradient-to-r from-white/0 via-white/10 to-white/0 -translate-x-full group-hover:animate-shimmer&quot;
            /&gt;
            &lt;svg
              class=&quot;lucide lucide-sparkles w-5 h-5 mr-2 group-hover:rotate-12 transition-transform&quot;
              fill=&quot;none&quot;
              height=...

Ignored nodes: comments, script, style
&lt;body&gt;
  &lt;div&gt;
    &lt;div
      class=&quot;space-y-12 animate-in fade-in slide-in-from-bottom-4 duration-700 max-w-5xl mx-auto pb-24 px-4 relative&quot;
    &gt;
      &lt;div
        class=&quot;fixed inset-0 bg-gradient-to-b from-blue-500/10 via-background to-background -z-10 pointer-events-none opacity-40&quot;
      /&gt;
      &lt;nav
        class=&quot;flex items-center gap-3 text-[10px] font-black uppercase tracking-[0.2em] text-muted-foreground/50 mb-8 overflow-x-auto whitespace-nowrap pb-2 scrollbar-none&quot;
      &gt;
        &lt;button
          class=&quot;hover:text-primary transition-colors flex items-center gap-1&quot;
        &gt;
          &lt;svg
            class=&quot;lucide lucide-chevron-left w-3 h-3&quot;
            fill=&quot;none&quot;
            height=&quot;24&quot;
            stroke=&quot;currentColor&quot;
            stroke-linecap=&quot;round&quot;
            stroke-linejoin=&quot;round&quot;
            stroke-width=&quot;2&quot;
            viewBox=&quot;0 0 24 24&quot;
            width=&quot;24&quot;
            xmlns=&quot;http://www.w3.org/2000/svg&quot;
          &gt;
            &lt;path
              d=&quot;m15 18-6-6 6-6&quot;
            /&gt;
          &lt;/svg&gt;
           Início
        &lt;/button&gt;
        &lt;span
          class=&quot;opacity-30&quot;
        &gt;
          /
        &lt;/span&gt;
        &lt;button
          class=&quot;hover:text-primary transition-colors&quot;
        &gt;
          Temas
        &lt;/button&gt;
        &lt;span
          class=&quot;opacity-30&quot;
        &gt;
          /
        &lt;/span&gt;
        &lt;button
          class=&quot;hover:text-primary transition-colors&quot;
        &gt;
          fundamentos
        &lt;/button&gt;
        &lt;span
          class=&quot;opacity-30&quot;
        &gt;
          /
        &lt;/span&gt;
        &lt;span
          class=&quot;text-primary/80&quot;
        &gt;
          RapidSwitch
        &lt;/span&gt;
      &lt;/nav&gt;
      &lt;header
        class=&quot;space-y-6&quot;
      &gt;
        &lt;div
          class=&quot;flex flex-col sm:flex-row sm:items-center justify-between gap-6&quot;
        &gt;
          &lt;div
            class=&quot;flex items-center gap-4&quot;
          &gt;
            &lt;div
              class=&quot;w-16 h-16 rounded-[2rem] bg-primary/10 flex items-center justify-center text-primary shadow-inner border border-primary/20&quot;
            &gt;
              &lt;svg
                class=&quot;lucide lucide-hash w-8 h-8&quot;
                fill=&quot;none&quot;
                height=&quot;24&quot;
                stroke=&quot;currentColor&quot;
                stroke-linecap=&quot;round&quot;
                stroke-linejoin=&quot;round&quot;
                stroke-width=&quot;2&quot;
                viewBox=&quot;0 0 24 24&quot;
                width=&quot;24&quot;
                xmlns=&quot;http://www.w3.org/2000/svg&quot;
              &gt;
                &lt;line
                  x1=&quot;4&quot;
                  x2=&quot;20&quot;
                  y1=&quot;9&quot;
                  y2=&quot;9&quot;
                /&gt;
                &lt;line
                  x1=&quot;4&quot;
                  x2=&quot;20&quot;
                  y1=&quot;15&quot;
                  y2=&quot;15&quot;
                /&gt;
                &lt;line
                  x1=&quot;10&quot;
                  x2=&quot;8&quot;
                  y1=&quot;3&quot;
                  y2=&quot;21&quot;
                /&gt;
                &lt;line
                  x1=&quot;16&quot;
                  x2=&quot;14&quot;
                  y1=&quot;3&quot;
                  y2=&quot;21&quot;
                /&gt;
              &lt;/svg&gt;
            &lt;/div&gt;
            &lt;div&gt;
              &lt;div
                class=&quot;flex items-center gap-2 mb-1&quot;
              &gt;
                &lt;span
                  class=&quot;text-[10px] font-black uppercase tracking-[0.3em] text-primary/60&quot;
                &gt;
                  fundamentos
                &lt;/span&gt;
                &lt;div
                  class=&quot;w-1 h-1 rounded-full bg-primary/30&quot;
                /&gt;
                &lt;div
                  class=&quot;inline-flex items-center rounded-full border px-2.5 py-0.5 transition-colors focus:outline-none focus:ring-2 focus:ring-ring focus:ring-offset-2 text-[9px] font-black uppercase tracking-widest border-primary/20 text-primary/70&quot;
                &gt;
                  Nexus
                &lt;/div&gt;
              &lt;/div&gt;
              &lt;h1
                class=&quot;text-4xl sm:text-5xl font-black tracking-tight text-foreground&quot;
              &gt;
                RapidSwitch
              &lt;/h1&gt;
            &lt;/div&gt;
          &lt;/div&gt;
          &lt;button
            class=&quot;inline-flex items-center justify-center gap-2.5 whitespace-nowrap text-sm focus-visible:outline-none focus-visible:ring-2 focus-visible:ring-ring disabled:pointer-events-none disabled:opacity-50 [&amp;_svg]:pointer-events-none [&amp;_svg]:size-5 [&amp;_svg]:shrink-0 hover:shadow-md hover:bg-primary/90 py-3 rounded-2xl h-14 px-8 bg-primary text-primary-foreground font-black uppercase tracking-widest shadow-xl shadow-primary/20 hover:scale-[1.02] active:scale-[0.98] transition-all group overflow-hidden relative&quot;
          &gt;
            &lt;div
              class=&quot;absolute inset-0 bg-gradient-to-r from-white/0 via-white/10 to-white/0 -translate-x-full group-hover:animate-shimmer&quot;
            /&gt;
            &lt;svg
              class=&quot;lucide lucide-sparkles w-5 h-5 mr-2 group-hover:rotate-12 transition-transform&quot;
              fill=&quot;none&quot;
              height=...
 ❯ waitForWrapper node_modules/.bun/@testing-library+dom@10.4.1/node_modules/@testing-library/dom/dist/wait-for.js:163:27
 ❯ findByText node_modules/.bun/@testing-library+dom@10.4.1/node_modules/@testing-library/dom/dist/query-helpers.js:86:33
 ❯ src/components/cathedra/TemaDetailPage.test.tsx:278:25
            </failure>
        </testcase>
        <testcase classname="src/components/cathedra/TemaDetailPage.test.tsx" name="TemaDetailPage - Integration Tests &gt; ensures only the latest resolved request updates the UI (race condition protection)" time="3.043312117">
            <system-out>
STATS: {&quot;bible&quot;: 1}

            </system-out>
            <failure message="Unable to find an element with the text: /Magisterium Wins/i. This could be because the text is broken up by multiple elements. In this case, you can provide a function for your text matcher to make your matcher more flexible.

Ignored nodes: comments, script, style
[36m&lt;body&gt;[39m
  [36m&lt;div&gt;[39m
    [36m&lt;div[39m
      [33mclass[39m=[32m&quot;space-y-12 animate-in fade-in slide-in-from-bottom-4 duration-700 max-w-5xl mx-auto pb-24 px-4 relative&quot;[39m
    [36m&gt;[39m
      [36m&lt;div[39m
        [33mclass[39m=[32m&quot;fixed inset-0 bg-gradient-to-b from-blue-500/10 via-background to-background -z-10 pointer-events-none opacity-40&quot;[39m
      [36m/&gt;[39m
      [36m&lt;nav[39m
        [33mclass[39m=[32m&quot;flex items-center gap-3 text-[10px] font-black uppercase tracking-[0.2em] text-muted-foreground/50 mb-8 overflow-x-auto whitespace-nowrap pb-2 scrollbar-none&quot;[39m
      [36m&gt;[39m
        [36m&lt;button[39m
          [33mclass[39m=[32m&quot;hover:text-primary transition-colors flex items-center gap-1&quot;[39m
        [36m&gt;[39m
          [36m&lt;svg[39m
            [33mclass[39m=[32m&quot;lucide lucide-chevron-left w-3 h-3&quot;[39m
            [33mfill[39m=[32m&quot;none&quot;[39m
            [33mheight[39m=[32m&quot;24&quot;[39m
            [33mstroke[39m=[32m&quot;currentColor&quot;[39m
            [33mstroke-linecap[39m=[32m&quot;round&quot;[39m
            [33mstroke-linejoin[39m=[32m&quot;round&quot;[39m
            [33mstroke-width[39m=[32m&quot;2&quot;[39m
            [33mviewBox[39m=[32m&quot;0 0 24 24&quot;[39m
            [33mwidth[39m=[32m&quot;24&quot;[39m
            [33mxmlns[39m=[32m&quot;http://www.w3.org/2000/svg&quot;[39m
          [36m&gt;[39m
            [36m&lt;path[39m
              [33md[39m=[32m&quot;m15 18-6-6 6-6&quot;[39m
            [36m/&gt;[39m
          [36m&lt;/svg&gt;[39m
          [0m Início[0m
        [36m&lt;/button&gt;[39m
        [36m&lt;span[39m
          [33mclass[39m=[32m&quot;opacity-30&quot;[39m
        [36m&gt;[39m
          [0m/[0m
        [36m&lt;/span&gt;[39m
        [36m&lt;button[39m
          [33mclass[39m=[32m&quot;hover:text-primary transition-colors&quot;[39m
        [36m&gt;[39m
          [0mTemas[0m
        [36m&lt;/button&gt;[39m
        [36m&lt;span[39m
          [33mclass[39m=[32m&quot;opacity-30&quot;[39m
        [36m&gt;[39m
          [0m/[0m
        [36m&lt;/span&gt;[39m
        [36m&lt;button[39m
          [33mclass[39m=[32m&quot;hover:text-primary transition-colors&quot;[39m
        [36m&gt;[39m
          [0mfundamentos[0m
        [36m&lt;/button&gt;[39m
        [36m&lt;span[39m
          [33mclass[39m=[32m&quot;opacity-30&quot;[39m
        [36m&gt;[39m
          [0m/[0m
        [36m&lt;/span&gt;[39m
        [36m&lt;span[39m
          [33mclass[39m=[32m&quot;text-primary/80&quot;[39m
        [36m&gt;[39m
          [0mRace[0m
        [36m&lt;/span&gt;[39m
      [36m&lt;/nav&gt;[39m
      [36m&lt;header[39m
        [33mclass[39m=[32m&quot;space-y-6&quot;[39m
      [36m&gt;[39m
        [36m&lt;div[39m
          [33mclass[39m=[32m&quot;flex flex-col sm:flex-row sm:items-center justify-between gap-6&quot;[39m
        [36m&gt;[39m
          [36m&lt;div[39m
            [33mclass[39m=[32m&quot;flex items-center gap-4&quot;[39m
          [36m&gt;[39m
            [36m&lt;div[39m
              [33mclass[39m=[32m&quot;w-16 h-16 rounded-[2rem] bg-primary/10 flex items-center justify-center text-primary shadow-inner border border-primary/20&quot;[39m
            [36m&gt;[39m
              [36m&lt;svg[39m
                [33mclass[39m=[32m&quot;lucide lucide-hash w-8 h-8&quot;[39m
                [33mfill[39m=[32m&quot;none&quot;[39m
                [33mheight[39m=[32m&quot;24&quot;[39m
                [33mstroke[39m=[32m&quot;currentColor&quot;[39m
                [33mstroke-linecap[39m=[32m&quot;round&quot;[39m
                [33mstroke-linejoin[39m=[32m&quot;round&quot;[39m
                [33mstroke-width[39m=[32m&quot;2&quot;[39m
                [33mviewBox[39m=[32m&quot;0 0 24 24&quot;[39m
                [33mwidth[39m=[32m&quot;24&quot;[39m
                [33mxmlns[39m=[32m&quot;http://www.w3.org/2000/svg&quot;[39m
              [36m&gt;[39m
                [36m&lt;line[39m
                  [33mx1[39m=[32m&quot;4&quot;[39m
                  [33mx2[39m=[32m&quot;20&quot;[39m
                  [33my1[39m=[32m&quot;9&quot;[39m
                  [33my2[39m=[32m&quot;9&quot;[39m
                [36m/&gt;[39m
                [36m&lt;line[39m
                  [33mx1[39m=[32m&quot;4&quot;[39m
                  [33mx2[39m=[32m&quot;20&quot;[39m
                  [33my1[39m=[32m&quot;15&quot;[39m
                  [33my2[39m=[32m&quot;15&quot;[39m
                [36m/&gt;[39m
                [36m&lt;line[39m
                  [33mx1[39m=[32m&quot;10&quot;[39m
                  [33mx2[39m=[32m&quot;8&quot;[39m
                  [33my1[39m=[32m&quot;3&quot;[39m
                  [33my2[39m=[32m&quot;21&quot;[39m
                [36m/&gt;[39m
                [36m&lt;line[39m
                  [33mx1[39m=[32m&quot;16&quot;[39m
                  [33mx2[39m=[32m&quot;14&quot;[39m
                  [33my1[39m=[32m&quot;3&quot;[39m
                  [33my2[39m=[32m&quot;21&quot;[39m
                [36m/&gt;[39m
              [36m&lt;/svg&gt;[39m
            [36m&lt;/div&gt;[39m
            [36m&lt;div&gt;[39m
              [36m&lt;div[39m
                [33mclass[39m=[32m&quot;flex items-center gap-2 mb-1&quot;[39m
              [36m&gt;[39m
                [36m&lt;span[39m
                  [33mclass[39m=[32m&quot;text-[10px] font-black uppercase tracking-[0.3em] text-primary/60&quot;[39m
                [36m&gt;[39m
                  [0mfundamentos[0m
                [36m&lt;/span&gt;[39m
                [36m&lt;div[39m
                  [33mclass[39m=[32m&quot;w-1 h-1 rounded-full bg-primary/30&quot;[39m
                [36m/&gt;[39m
                [36m&lt;div[39m
                  [33mclass[39m=[32m&quot;inline-flex items-center rounded-full border px-2.5 py-0.5 transition-colors focus:outline-none focus:ring-2 focus:ring-ring focus:ring-offset-2 text-[9px] font-black uppercase tracking-widest border-primary/20 text-primary/70&quot;[39m
                [36m&gt;[39m
                  [0mNexus[0m
                [36m&lt;/div&gt;[39m
              [36m&lt;/div&gt;[39m
              [36m&lt;h1[39m
                [33mclass[39m=[32m&quot;text-4xl sm:text-5xl font-black tracking-tight text-foreground&quot;[39m
              [36m&gt;[39m
                [0mRace[0m
              [36m&lt;/h1&gt;[39m
            [36m&lt;/div&gt;[39m
          [36m&lt;/div&gt;[39m
          [36m&lt;button[39m
            [33mclass[39m=[32m&quot;inline-flex items-center justify-center gap-2.5 whitespace-nowrap text-sm focus-visible:outline-none focus-visible:ring-2 focus-visible:ring-ring disabled:pointer-events-none disabled:opacity-50 [&amp;_svg]:pointer-events-none [&amp;_svg]:size-5 [&amp;_svg]:shrink-0 hover:shadow-md hover:bg-primary/90 py-3 rounded-2xl h-14 px-8 bg-primary text-primary-foreground font-black uppercase tracking-widest shadow-xl shadow-primary/20 hover:scale-[1.02] active:scale-[0.98] transition-all group overflow-hidden relative&quot;[39m
          [36m&gt;[39m
            [36m&lt;div[39m
              [33mclass[39m=[32m&quot;absolute inset-0 bg-gradient-to-r from-white/0 via-white/10 to-white/0 -translate-x-full group-hover:animate-shimmer&quot;[39m
            [36m/&gt;[39m
            [36m&lt;svg[39m
              [33mclass[39m=[32m&quot;lucide lucide-sparkles w-5 h-5 mr-2 group-hover:rotate-12 transition-transform&quot;[39m
              [33mfill[39m=[32m&quot;none&quot;[39m
              [33mheight[39m=[32m&quot;24&quot;[39m
    ...

Ignored nodes: comments, script, style
[36m&lt;body&gt;[39m
  [36m&lt;div&gt;[39m
    [36m&lt;div[39m
      [33mclass[39m=[32m&quot;space-y-12 animate-in fade-in slide-in-from-bottom-4 duration-700 max-w-5xl mx-auto pb-24 px-4 relative&quot;[39m
    [36m&gt;[39m
      [36m&lt;div[39m
        [33mclass[39m=[32m&quot;fixed inset-0 bg-gradient-to-b from-blue-500/10 via-background to-background -z-10 pointer-events-none opacity-40&quot;[39m
      [36m/&gt;[39m
      [36m&lt;nav[39m
        [33mclass[39m=[32m&quot;flex items-center gap-3 text-[10px] font-black uppercase tracking-[0.2em] text-muted-foreground/50 mb-8 overflow-x-auto whitespace-nowrap pb-2 scrollbar-none&quot;[39m
      [36m&gt;[39m
        [36m&lt;button[39m
          [33mclass[39m=[32m&quot;hover:text-primary transition-colors flex items-center gap-1&quot;[39m
        [36m&gt;[39m
          [36m&lt;svg[39m
            [33mclass[39m=[32m&quot;lucide lucide-chevron-left w-3 h-3&quot;[39m
            [33mfill[39m=[32m&quot;none&quot;[39m
            [33mheight[39m=[32m&quot;24&quot;[39m
            [33mstroke[39m=[32m&quot;currentColor&quot;[39m
            [33mstroke-linecap[39m=[32m&quot;round&quot;[39m
            [33mstroke-linejoin[39m=[32m&quot;round&quot;[39m
            [33mstroke-width[39m=[32m&quot;2&quot;[39m
            [33mviewBox[39m=[32m&quot;0 0 24 24&quot;[39m
            [33mwidth[39m=[32m&quot;24&quot;[39m
            [33mxmlns[39m=[32m&quot;http://www.w3.org/2000/svg&quot;[39m
          [36m&gt;[39m
            [36m&lt;path[39m
              [33md[39m=[32m&quot;m15 18-6-6 6-6&quot;[39m
            [36m/&gt;[39m
          [36m&lt;/svg&gt;[39m
          [0m Início[0m
        [36m&lt;/button&gt;[39m
[...]
      [36m&gt;[39m
        [36m&lt;button[39m
          [33mclass[39m=[32m&quot;hover:text-primary transition-colors flex items-center gap-1&quot;[39m
        [36m&gt;[39m
          [36m&lt;svg[39m
            [33mclass[39m=[32m&quot;lucide lucide-chevron-left w-3 h-3&quot;[39m
            [33mfill[39m=[32m&quot;none&quot;[39m
            [33mheight[39m=[32m&quot;24&quot;[39m
            [33mstroke[39m=[32m&quot;currentColor&quot;[39m
            [33mstroke-linecap[39m=[32m&quot;round&quot;[39m
            [33mstroke-linejoin[39m=[32m&quot;round&quot;[39m
            [33mstroke-width[39m=[32m&quot;2&quot;[39m
            [33mviewBox[39m=[32m&quot;0 0 24 24&quot;[39m
            [33mwidth[39m=[32m&quot;24&quot;[39m
            [33mxmlns[39m=[32m&quot;http://www.w3.org/2000/svg&quot;[39m
          [36m&gt;[39m
            [36m&lt;path[39m
              [33md[39m=[32m&quot;m15 18-6-6 6-6&quot;[39m
            [36m/&gt;[39m
          [36m&lt;/svg&gt;[39m
          [0m Início[0m
        [36m&lt;/button&gt;[39m
        [36m&lt;span[39m
          [33mclass[39m=[32m&quot;opacity-30&quot;[39m
        [36m&gt;[39m
          [0m/[0m
        [36m&lt;/span&gt;[39m
        [36m&lt;button[39m
          [33mclass[39m=[32m&quot;hover:text-primary transition-colors&quot;[39m
        [36m&gt;[39m
          [0mTemas[0m
        [36m&lt;/button&gt;[39m
        [36m&lt;span[39m
          [33mclass[39m=[32m&quot;opacity-30&quot;[39m
        [36m&gt;[39m
          [0m/[0m
        [36m&lt;/span&gt;[39m
        [36m&lt;button[39m
          [33mclass[39m=[32m&quot;hover:text-primary transition-colors&quot;[39m
        [36m&gt;[39m
          [0mfundamentos[0m
        [36m&lt;/button&gt;[39m
        [36m&lt;span[39m
          [33mclass[39m=[32m&quot;opacity-30&quot;[39m
        [36m&gt;[39m
          [0m/[0m
        [36m&lt;/span&gt;[39m
        [36m&lt;span[39m
          [33mclass[39m=[32m&quot;text-primary/80&quot;[39m
        [36m&gt;[39m
          [0mStale[0m
        [36m&lt;/span&gt;[39m
      [36m&lt;/nav&gt;[39m
      [36m&lt;header[39m
        [33mclass[39m=[32m&quot;space-y-6&quot;[39m
      [36m&gt;[39m
        [36m&lt;div[39m
          [33mclass[39m=[32m&quot;flex flex-col sm:flex-row sm:items-center justify-between gap-6&quot;[39m
        [36m&gt;[39m
          [36m&lt;div[39m
            [33mclass[39m=[32m&quot;flex items-center gap-4&quot;[39m
          [36m&gt;[39m
            [36m&lt;div[39m
              [33mclass[39m=[32m&quot;w-16 h-16 rounded-[2rem] bg-primary/10 flex items-center justify-center text-primary shadow-inner border border-primary/20&quot;[39m
            [36m&gt;[39m
              [36m&lt;svg[39m
                [33mclass[39m=[32m&quot;lucide lucide-hash w-8 h-8&quot;[39m
                [33mfill[39m=[32m&quot;none&quot;[39m
                [33mheight[39m=[32m&quot;24&quot;[39m
                [33mstroke[39m=[32m&quot;currentColor&quot;[39m
                [33mstroke-linecap[39m=[32m&quot;round&quot;[39m
                [33mstroke-linejoin[39m=[32m&quot;round&quot;[39m
                [33mstroke-width[39m=[32m&quot;2&quot;[39m
                [33mviewBox[39m=[32m&quot;0 0 24 24&quot;[39m
                [33mwidth[39m=[32m&quot;24&quot;[39m
                [33mxmlns[39m=[32m&quot;http://www.w3.org/2000/svg&quot;[39m
              [36m&gt;[39m
                [36m&lt;line[39m
                  [33mx1[39m=[32m&quot;4&quot;[39m
                  [33mx2[39m=[32m&quot;20&quot;[39m
                  [33my1[39m=[32m&quot;9&quot;[39m
                  [33my2[39m=[32m&quot;9&quot;[39m
                [36m/&gt;[39m
                [36m&lt;line[39m
                  [33mx1[39m=[32m&quot;4&quot;[39m
                  [33mx2[39m=[32m&quot;20&quot;[39m
                  [33my1[39m=[32m&quot;15&quot;[39m
                  [33my2[39m=[32m&quot;15&quot;[39m
                [36m/&gt;[39m
                [36m&lt;line[39m
                  [33mx1[39m=[32m&quot;10&quot;[39m
                  [33mx2[39m=[32m&quot;8&quot;[39m
                  [33my1[39m=[32m&quot;3&quot;[39m
                  [33my2[39m=[32m&quot;21&quot;[39m
                [36m/&gt;[39m
                [36m&lt;line[39m
                  [33mx1[39m=[32m&quot;16&quot;[39m
                  [33mx2[39m=[32m&quot;14&quot;[39m
                  [33my1[39m=[32m&quot;3&quot;[39m
                  [33my2[39m=[32m&quot;21&quot;[39m
                [36m/&gt;[39m
              [36m&lt;/svg&gt;[39m
            [36m&lt;/div&gt;[39m
            [36m&lt;div&gt;[39m
              [36m&lt;div[39m
                [33mclass[39m=[32m&quot;flex items-center gap-2 mb-1&quot;[39m
              [36m&gt;[39m
                [36m&lt;span[39m
                  [33mclass[39m=[32m&quot;text-[10px] font-black uppercase tracking-[0.3em] text-primary/60&quot;[39m
                [36m&gt;[39m
                  [0mfundamentos[0m
                [36m&lt;/span&gt;[39m
                [36m&lt;div[39m
                  [33mclass[39m=[32m&quot;w-1 h-1 rounded-full bg-primary/30&quot;[39m
                [36m/&gt;[39m
                [36m&lt;div[39m
                  [33mclass[39m=[32m&quot;inline-flex items-center rounded-full border px-2.5 py-0.5 transition-colors focus:outline-none focus:ring-2 focus:ring-ring focus:ring-offset-2 text-[9px] font-black uppercase tracking-widest border-primary/20 text-primary/70&quot;[39m
                [36m&gt;[39m
                  [0mNexus[0m
                [36m&lt;/div&gt;[39m
              [36m&lt;/div&gt;[39m
              [36m&lt;h1[39m
                [33mclass[39m=[32m&quot;text-4xl sm:text-5xl font-black tracking-tight text-foreground&quot;[39m
              [36m&gt;[39m
                [0mStale[0m
              [36m&lt;/h1&gt;[39m
            [36m&lt;/div&gt;[39m
          [36m&lt;/div&gt;[39m
          [36m&lt;button[39m
            [33mclass[39m=[32m&quot;inline-flex items-center justify-center gap-2.5 whitespace-nowrap text-sm focus-visible:outline-none focus-visible:ring-2 focus-visible:ring-ring disabled:pointer-events-none disabled:opacity-50 [&amp;_svg]:pointer-events-none [&amp;_svg]:size-5 [&amp;_svg]:shrink-0 hover:shadow-md hover:bg-primary/90 py-3 rounded-2xl h-14 px-8 bg-primary text-primary-foreground font-black uppercase tracking-widest shadow-xl shadow-primary/20 hover:scale-[1.02] active:scale-[0.98] transition-all group overflow-hidden relative&quot;[39m
          [36m&gt;[39m
            [36m&lt;div[39m
              [33mclass[39m=[32m&quot;absolute inset-0 bg-gradient-to-r from-white/0 via-white/10 to-white/0 -translate-x-full group-hover:animate-shimmer&quot;[39m
            [36m/&gt;[39m
            [36m&lt;svg[39m
              [33mclass[39m=[32m&quot;lucide lucide-sparkles w-5 h-5 mr-2 group-hover:rotate-12 transition-transform&quot;[39m
              [33mfill[39m=[32m&quot;none&quot;[39m
              [33mheight[39m=[32m&quot;24&quot;[39m
  ..." type="TestingLibraryElementError">
TestingLibraryElementError: Unable to find an element with the text: ACTIVE DATA. This could be because the text is broken up by multiple elements. In this case, you can provide a function for your text matcher to make your matcher more flexible.

Ignored nodes: comments, script, style
&lt;body&gt;
  &lt;div&gt;
    &lt;div
      class=&quot;space-y-12 animate-in fade-in slide-in-from-bottom-4 duration-700 max-w-5xl mx-auto pb-24 px-4 relative&quot;
    &gt;
      &lt;div
        class=&quot;fixed inset-0 bg-gradient-to-b from-blue-500/10 via-background to-background -z-10 pointer-events-none opacity-40&quot;
      /&gt;
      &lt;nav
        class=&quot;flex items-center gap-3 text-[10px] font-black uppercase tracking-[0.2em] text-muted-foreground/50 mb-8 overflow-x-auto whitespace-nowrap pb-2 scrollbar-none&quot;
      &gt;
        &lt;button
          class=&quot;hover:text-primary transition-colors flex items-center gap-1&quot;
        &gt;
          &lt;svg
            class=&quot;lucide lucide-chevron-left w-3 h-3&quot;
            fill=&quot;none&quot;
            height=&quot;24&quot;
            stroke=&quot;currentColor&quot;
            stroke-linecap=&quot;round&quot;
            stroke-linejoin=&quot;round&quot;
            stroke-width=&quot;2&quot;
            viewBox=&quot;0 0 24 24&quot;
            width=&quot;24&quot;
            xmlns=&quot;http://www.w3.org/2000/svg&quot;
          &gt;
            &lt;path
              d=&quot;m15 18-6-6 6-6&quot;
            /&gt;
          &lt;/svg&gt;
           Início
        &lt;/button&gt;
        &lt;span
          class=&quot;opacity-30&quot;
        &gt;
          /
        &lt;/span&gt;
        &lt;button
          class=&quot;hover:text-primary transition-colors&quot;
        &gt;
          Temas
        &lt;/button&gt;
        &lt;span
          class=&quot;opacity-30&quot;
        &gt;
          /
        &lt;/span&gt;
        &lt;button
          class=&quot;hover:text-primary transition-colors&quot;
        &gt;
          fundamentos
        &lt;/button&gt;
        &lt;span
          class=&quot;opacity-30&quot;
        &gt;
          /
        &lt;/span&gt;
        &lt;span
          class=&quot;text-primary/80&quot;
        &gt;
          Stale
        &lt;/span&gt;
      &lt;/nav&gt;
      &lt;header
        class=&quot;space-y-6&quot;
      &gt;
        &lt;div
          class=&quot;flex flex-col sm:flex-row sm:items-center justify-between gap-6&quot;
        &gt;
          &lt;div
            class=&quot;flex items-center gap-4&quot;
          &gt;
            &lt;div
              class=&quot;w-16 h-16 rounded-[2rem] bg-primary/10 flex items-center justify-center text-primary shadow-inner border border-primary/20&quot;
            &gt;
              &lt;svg
                class=&quot;lucide lucide-hash w-8 h-8&quot;
                fill=&quot;none&quot;
                height=&quot;24&quot;
                stroke=&quot;currentColor&quot;
                stroke-linecap=&quot;round&quot;
                stroke-linejoin=&quot;round&quot;
                stroke-width=&quot;2&quot;
                viewBox=&quot;0 0 24 24&quot;
                width=&quot;24&quot;
                xmlns=&quot;http://www.w3.org/2000/svg&quot;
              &gt;
                &lt;line
                  x1=&quot;4&quot;
                  x2=&quot;20&quot;
                  y1=&quot;9&quot;
                  y2=&quot;9&quot;
                /&gt;
                &lt;line
                  x1=&quot;4&quot;
                  x2=&quot;20&quot;
                  y1=&quot;15&quot;
                  y2=&quot;15&quot;
                /&gt;
                &lt;line
                  x1=&quot;10&quot;
                  x2=&quot;8&quot;
                  y1=&quot;3&quot;
                  y2=&quot;21&quot;
                /&gt;
                &lt;line
                  x1=&quot;16&quot;
                  x2=&quot;14&quot;
                  y1=&quot;3&quot;
                  y2=&quot;21&quot;
                /&gt;
              &lt;/svg&gt;
            &lt;/div&gt;
            &lt;div&gt;
              &lt;div
                class=&quot;flex items-center gap-2 mb-1&quot;
              &gt;
                &lt;span
                  class=&quot;text-[10px] font-black uppercase tracking-[0.3em] text-primary/60&quot;
                &gt;
                  fundamentos
                &lt;/span&gt;
                &lt;div
                  class=&quot;w-1 h-1 rounded-full bg-primary/30&quot;
                /&gt;
                &lt;div
                  class=&quot;inline-flex items-center rounded-full border px-2.5 py-0.5 transition-colors focus:outline-none focus:ring-2 focus:ring-ring focus:ring-offset-2 text-[9px] font-black uppercase tracking-widest border-primary/20 text-primary/70&quot;
                &gt;
                  Nexus
                &lt;/div&gt;
              &lt;/div&gt;
              &lt;h1
                class=&quot;text-4xl sm:text-5xl font-black tracking-tight text-foreground&quot;
              &gt;
                Stale
              &lt;/h1&gt;
            &lt;/div&gt;
          &lt;/div&gt;
          &lt;button
            class=&quot;inline-flex items-center justify-center gap-2.5 whitespace-nowrap text-sm focus-visible:outline-none focus-visible:ring-2 focus-visible:ring-ring disabled:pointer-events-none disabled:opacity-50 [&amp;_svg]:pointer-events-none [&amp;_svg]:size-5 [&amp;_svg]:shrink-0 hover:shadow-md hover:bg-primary/90 py-3 rounded-2xl h-14 px-8 bg-primary text-primary-foreground font-black uppercase tracking-widest shadow-xl shadow-primary/20 hover:scale-[1.02] active:scale-[0.98] transition-all group overflow-hidden relative&quot;
          &gt;
            &lt;div
              class=&quot;absolute inset-0 bg-gradient-to-r from-white/0 via-white/10 to-white/0 -translate-x-full group-hover:animate-shimmer&quot;
            /&gt;
            &lt;svg
              class=&quot;lucide lucide-sparkles w-5 h-5 mr-2 group-hover:rotate-12 transition-transform&quot;
              fill=&quot;none&quot;
              height=&quot;24&quot;
  ...

Ignored nodes: comments, script, style
&lt;body&gt;
  &lt;div&gt;
    &lt;div
      class=&quot;space-y-12 animate-in fade-in slide-in-from-bottom-4 duration-700 max-w-5xl mx-auto pb-24 px-4 relative&quot;
    &gt;
      &lt;div
        class=&quot;fixed inset-0 bg-gradient-to-b from-blue-500/10 via-background to-background -z-10 pointer-events-none opacity-40&quot;
      /&gt;
      &lt;nav
        class=&quot;flex items-center gap-3 text-[10px] font-black uppercase tracking-[0.2em] text-muted-foreground/50 mb-8 overflow-x-auto whitespace-nowrap pb-2 scrollbar-none&quot;
      &gt;
        &lt;button
          class=&quot;hover:text-primary transition-colors flex items-center gap-1&quot;
        &gt;
          &lt;svg
            class=&quot;lucide lucide-chevron-left w-3 h-3&quot;
            fill=&quot;none&quot;
            height=&quot;24&quot;
            stroke=&quot;currentColor&quot;
            stroke-linecap=&quot;round&quot;
            stroke-linejoin=&quot;round&quot;
            stroke-width=&quot;2&quot;
            viewBox=&quot;0 0 24 24&quot;
            width=&quot;24&quot;
            xmlns=&quot;http://www.w3.org/2000/svg&quot;
          &gt;
            &lt;path
              d=&quot;m15 18-6-6 6-6&quot;
            /&gt;
          &lt;/svg&gt;
           Início
        &lt;/button&gt;
        &lt;span
          class=&quot;opacity-30&quot;
        &gt;
          /
        &lt;/span&gt;
        &lt;button
          class=&quot;hover:text-primary transition-colors&quot;
        &gt;
          Temas
        &lt;/button&gt;
        &lt;span
          class=&quot;opacity-30&quot;
        &gt;
          /
        &lt;/span&gt;
        &lt;button
          class=&quot;hover:text-primary transition-colors&quot;
        &gt;
          fundamentos
        &lt;/button&gt;
        &lt;span
          class=&quot;opacity-30&quot;
        &gt;
          /
        &lt;/span&gt;
        &lt;span
          class=&quot;text-primary/80&quot;
        &gt;
          Stale
        &lt;/span&gt;
      &lt;/nav&gt;
      &lt;header
        class=&quot;space-y-6&quot;
      &gt;
        &lt;div
          class=&quot;flex flex-col sm:flex-row sm:items-center justify-between gap-6&quot;
        &gt;
          &lt;div
            class=&quot;flex items-center gap-4&quot;
          &gt;
            &lt;div
              class=&quot;w-16 h-16 rounded-[2rem] bg-primary/10 flex items-center justify-center text-primary shadow-inner border border-primary/20&quot;
            &gt;
              &lt;svg
                class=&quot;lucide lucide-hash w-8 h-8&quot;
                fill=&quot;none&quot;
                height=&quot;24&quot;
                stroke=&quot;currentColor&quot;
                stroke-linecap=&quot;round&quot;
                stroke-linejoin=&quot;round&quot;
                stroke-width=&quot;2&quot;
                viewBox=&quot;0 0 24 24&quot;
                width=&quot;24&quot;
                xmlns=&quot;http://www.w3.org/2000/svg&quot;
              &gt;
                &lt;line
                  x1=&quot;4&quot;
                  x2=&quot;20&quot;
                  y1=&quot;9&quot;
                  y2=&quot;9&quot;
                /&gt;
                &lt;line
                  x1=&quot;4&quot;
                  x2=&quot;20&quot;
                  y1=&quot;15&quot;
                  y2=&quot;15&quot;
                /&gt;
                &lt;line
                  x1=&quot;10&quot;
                  x2=&quot;8&quot;
                  y1=&quot;3&quot;
                  y2=&quot;21&quot;
                /&gt;
                &lt;line
                  x1=&quot;16&quot;
                  x2=&quot;14&quot;
                  y1=&quot;3&quot;
                  y2=&quot;21&quot;
                /&gt;
              &lt;/svg&gt;
            &lt;/div&gt;
            &lt;div&gt;
              &lt;div
                class=&quot;flex items-center gap-2 mb-1&quot;
              &gt;
                &lt;span
                  class=&quot;text-[10px] font-black uppercase tracking-[0.3em] text-primary/60&quot;
                &gt;
                  fundamentos
                &lt;/span&gt;
                &lt;div
                  class=&quot;w-1 h-1 rounded-full bg-primary/30&quot;
                /&gt;
                &lt;div
                  class=&quot;inline-flex items-center rounded-full border px-2.5 py-0.5 transition-colors focus:outline-none focus:ring-2 focus:ring-ring focus:ring-offset-2 text-[9px] font-black uppercase tracking-widest border-primary/20 text-primary/70&quot;
                &gt;
                  Nexus
                &lt;/div&gt;
              &lt;/div&gt;
              &lt;h1
                class=&quot;text-4xl sm:text-5xl font-black tracking-tight text-foreground&quot;
              &gt;
                Stale
              &lt;/h1&gt;
            &lt;/div&gt;
          &lt;/div&gt;
          &lt;button
            class=&quot;inline-flex items-center justify-center gap-2.5 whitespace-nowrap text-sm focus-visible:outline-none focus-visible:ring-2 focus-visible:ring-ring disabled:pointer-events-none disabled:opacity-50 [&amp;_svg]:pointer-events-none [&amp;_svg]:size-5 [&amp;_svg]:shrink-0 hover:shadow-md hover:bg-primary/90 py-3 rounded-2xl h-14 px-8 bg-primary text-primary-foreground font-black uppercase tracking-widest shadow-xl shadow-primary/20 hover:scale-[1.02] active:scale-[0.98] transition-all group overflow-hidden relative&quot;
          &gt;
            &lt;div
              class=&quot;absolute inset-0 bg-gradient-to-r from-white/0 via-white/10 to-white/0 -translate-x-full group-hover:animate-shimmer&quot;
            /&gt;
            &lt;svg
              class=&quot;lucide lucide-sparkles w-5 h-5 mr-2 group-hover:rotate-12 transition-transform&quot;
              fill=&quot;none&quot;
              height=&quot;24&quot;
  ...
 ❯ waitForWrapper node_modules/.bun/@testing-library+dom@10.4.1/node_modules/@testing-library/dom/dist/wait-for.js:163:27
 ❯ findByText node_modules/.bun/@testing-library+dom@10.4.1/node_modules/@testing-library/dom/dist/query-helpers.js:86:33
 ❯ src/components/cathedra/TemaDetailPage.test.tsx:676:25
            </failure>
        </testcase>
        <testcase classname="src/components/cathedra/TemaDetailPage.test.tsx" name="TemaDetailPage - Integration Tests &gt; validates that fetch is debounced during rapid tab switching" time="0.431485211">
            <system-out>
STATS: {&quot;bible&quot;: 0}

            </system-out>
            <failure message="expected &quot;spy&quot; to be called 1 times, but got 0 times" type="AssertionError">
AssertionError: expected &quot;spy&quot; to be called 1 times, but got 0 times
 ❯ src/components/cathedra/TemaDetailPage.test.tsx:703:41
            </failure>
        </testcase>
    </testsuite>
</testsuites>
