{"numTotalTestSuites":4,"numPassedTestSuites":4,"numFailedTestSuites":0,"numPendingTestSuites":0,"numTotalTests":13,"numPassedTests":13,"numFailedTests":0,"numPendingTests":0,"numTodoTests":0,"snapshot":{"added":0,"failure":false,"filesAdded":0,"filesRemoved":0,"filesRemovedList":[],"filesUnmatched":0,"filesUpdated":0,"matched":0,"total":0,"unchecked":0,"uncheckedKeysByFile":[],"unmatched":0,"updated":0,"didUpdate":false},"startTime":1780021120885,"success":true,"testResults":[{"assertionResults":[{"ancestorTitles":["navigation-utils","isHojeActive"],"fullName":"navigation-utils isHojeActive should return true for root path \"/\"","status":"passed","title":"should return true for root path \"/\"","duration":1.3434000000002015,"failureMessages":[],"meta":{}},{"ancestorTitles":["navigation-utils","isHojeActive"],"fullName":"navigation-utils isHojeActive should return true for \"/hoje\"","status":"passed","title":"should return true for \"/hoje\"","duration":0.19023300000003474,"failureMessages":[],"meta":{}},{"ancestorTitles":["navigation-utils","isHojeActive"],"fullName":"navigation-utils isHojeActive should return true for \"/hoje/\"","status":"passed","title":"should return true for \"/hoje/\"","duration":0.09858799999983603,"failureMessages":[],"meta":{}},{"ancestorTitles":["navigation-utils","isHojeActive"],"fullName":"navigation-utils isHojeActive should return true for sub-routes like \"/hoje/reflexao\"","status":"passed","title":"should return true for sub-routes like \"/hoje/reflexao\"","duration":0.23600099999998747,"failureMessages":[],"meta":{}},{"ancestorTitles":["navigation-utils","isHojeActive"],"fullName":"navigation-utils isHojeActive should return true when query strings are present","status":"passed","title":"should return true when query strings are present","duration":0.21830099999988306,"failureMessages":[],"meta":{}},{"ancestorTitles":["navigation-utils","isHojeActive"],"fullName":"navigation-utils isHojeActive should return false for other routes","status":"passed","title":"should return false for other routes","duration":0.3605329999998048,"failureMessages":[],"meta":{}},{"ancestorTitles":["navigation-utils","isHojeActive"],"fullName":"navigation-utils isHojeActive should return false for routes starting with /hoje but not being subpaths","status":"passed","title":"should return false for routes starting with /hoje but not being subpaths","duration":0.3606960000001891,"failureMessages":[],"meta":{}},{"ancestorTitles":["navigation-utils","isRouteActive"],"fullName":"navigation-utils isRouteActive should handle \"Hoje\" items correctly","status":"passed","title":"should handle \"Hoje\" items correctly","duration":2.842144999999846,"failureMessages":[],"meta":{}},{"ancestorTitles":["navigation-utils","isRouteActive"],"fullName":"navigation-utils isRouteActive should handle exact matches","status":"passed","title":"should handle exact matches","duration":0.4565420000001268,"failureMessages":[],"meta":{}},{"ancestorTitles":["navigation-utils","isRouteActive"],"fullName":"navigation-utils isRouteActive should handle nested routes","status":"passed","title":"should handle nested routes","duration":0.15724900000009256,"failureMessages":[],"meta":{}},{"ancestorTitles":["navigation-utils","isRouteActive"],"fullName":"navigation-utils isRouteActive should not match partial string if not a subpath","status":"passed","title":"should not match partial string if not a subpath","duration":0.07028999999988628,"failureMessages":[],"meta":{}},{"ancestorTitles":["navigation-utils","isRouteActive"],"fullName":"navigation-utils isRouteActive should handle root route item correctly","status":"passed","title":"should handle root route item correctly","duration":0.14044300000000476,"failureMessages":[],"meta":{}},{"ancestorTitles":["navigation-utils","isRouteActive"],"fullName":"navigation-utils isRouteActive should ignore query strings in currentPath","status":"passed","title":"should ignore query strings in currentPath","duration":0.14337799999998424,"failureMessages":[],"meta":{}}],"startTime":1780021122526,"endTime":1780021122534.1433,"status":"passed","message":"","name":"/dev-server/src/lib/navigation-utils.test.ts"}]}