{"numTotalTestSuites":75,"numPassedTestSuites":32,"numFailedTestSuites":43,"numPendingTestSuites":0,"numTotalTests":168,"numPassedTests":94,"numFailedTests":74,"numPendingTests":0,"numTodoTests":0,"snapshot":{"added":0,"failure":false,"filesAdded":0,"filesRemoved":0,"filesRemovedList":[],"filesUnmatched":1,"filesUpdated":0,"matched":0,"total":1,"unchecked":0,"uncheckedKeysByFile":[],"unmatched":1,"updated":0,"didUpdate":false},"startTime":1778813369734,"success":false,"testResults":[{"assertionResults":[{"ancestorTitles":[],"fullName":"typography fluid scale exists","status":"passed","title":"typography fluid scale exists","duration":4.278544000000238,"failureMessages":[],"meta":{}},{"ancestorTitles":[],"fullName":"base font sizes are responsive","status":"passed","title":"base font sizes are responsive","duration":1.1687559999995756,"failureMessages":[],"meta":{}}],"startTime":1778813387081,"endTime":1778813387086.1687,"status":"passed","message":"","name":"/dev-server/src/typography.test.ts"},{"assertionResults":[{"ancestorTitles":["CI Scripts Environment Safety"],"fullName":"CI Scripts Environment Safety should run validate-catechism script without window or localStorage","status":"passed","title":"should run validate-catechism script without window or localStorage","duration":73.14259099999981,"failureMessages":[],"meta":{}},{"ancestorTitles":["CI Scripts Environment Safety"],"fullName":"CI Scripts Environment Safety should run security-audit script without window or localStorage","status":"passed","title":"should run security-audit script without window or localStorage","duration":308.47832700000026,"failureMessages":[],"meta":{}}],"startTime":1778813386888,"endTime":1778813387270.4783,"status":"passed","message":"","name":"/dev-server/src/__tests__/ci-scripts.test.ts"},{"assertionResults":[{"ancestorTitles":["useFuzzySearch"],"fullName":"useFuzzySearch does not call the RPC when query is shorter than minLength","status":"passed","title":"does not call the RPC when query is shorter than minLength","duration":27.92750100000012,"failureMessages":[],"meta":{}},{"ancestorTitles":["useFuzzySearch"],"fullName":"useFuzzySearch debounces and only fires one RPC call for rapid keystrokes","status":"passed","title":"debounces and only fires one RPC call for rapid keystrokes","duration":14.405713000000105,"failureMessages":[],"meta":{}},{"ancestorTitles":["useFuzzySearch"],"fullName":"useFuzzySearch flips isPending to true while the debounce timer is running","status":"passed","title":"flips isPending to true while the debounce timer is running","duration":54.09379600000011,"failureMessages":[],"meta":{}},{"ancestorTitles":["useFuzzySearch"],"fullName":"useFuzzySearch decorates each row with a similarityScore based on primary + secondary fields","status":"passed","title":"decorates each row with a similarityScore based on primary + secondary fields","duration":54.1632840000002,"failureMessages":[],"meta":{}},{"ancestorTitles":["useFuzzySearch"],"fullName":"useFuzzySearch exposes the RPC error and clears results when the call fails","status":"passed","title":"exposes the RPC error and clears results when the call fails","duration":54.61970100000053,"failureMessages":[],"meta":{}}],"startTime":1778813375010,"endTime":1778813375214.6196,"status":"passed","message":"","name":"/dev-server/src/hooks/useFuzzySearch.test.ts"},{"assertionResults":[{"ancestorTitles":["buildBibleUrl"],"fullName":"buildBibleUrl builds URL with book, ch and v","status":"passed","title":"builds URL with book, ch and v","duration":3.084216999999626,"failureMessages":[],"meta":{}},{"ancestorTitles":["buildBibleUrl"],"fullName":"buildBibleUrl omits v when verse is missing or falsy","status":"passed","title":"omits v when verse is missing or falsy","duration":1.068199000000277,"failureMessages":[],"meta":{}},{"ancestorTitles":["buildBibleUrl"],"fullName":"buildBibleUrl appends extra params","status":"passed","title":"appends extra params","duration":0.42296799999985524,"failureMessages":[],"meta":{}},{"ancestorTitles":["parseVerseParam"],"fullName":"parseVerseParam returns the integer when valid","status":"passed","title":"returns the integer when valid","duration":0.15527399999973568,"failureMessages":[],"meta":{}},{"ancestorTitles":["parseVerseParam"],"fullName":"parseVerseParam returns null for invalid values","status":"passed","title":"returns null for invalid values","duration":0.3956190000008064,"failureMessages":[],"meta":{}}],"startTime":1778813385866,"endTime":1778813385872.3955,"status":"passed","message":"","name":"/dev-server/src/lib/bibleUrl.test.ts"},{"assertionResults":[{"ancestorTitles":["formatNexusContent"],"fullName":"formatNexusContent should provide correct fallback for bible content without title/reference_id","status":"passed","title":"should provide correct fallback for bible content without title/reference_id","duration":1.011452000000645,"failureMessages":[],"meta":{}},{"ancestorTitles":["formatNexusContent"],"fullName":"formatNexusContent should provide correct fallback for catechism content without title/reference_id","status":"passed","title":"should provide correct fallback for catechism content without title/reference_id","duration":0.5516829999996844,"failureMessages":[],"meta":{}},{"ancestorTitles":["formatNexusContent"],"fullName":"formatNexusContent should use reference_id when available","status":"passed","title":"should use reference_id when available","duration":0.2657680000002074,"failureMessages":[],"meta":{}},{"ancestorTitles":["formatNexusContent"],"fullName":"formatNexusContent should use title when reference_id is missing","status":"passed","title":"should use title when reference_id is missing","duration":0.23455300000023271,"failureMessages":[],"meta":{}},{"ancestorTitles":["formatNexusContent"],"fullName":"formatNexusContent should handle journey content with fallback","status":"passed","title":"should handle journey content with fallback","duration":0.16086399999949208,"failureMessages":[],"meta":{}},{"ancestorTitles":["formatNexusContent"],"fullName":"formatNexusContent should never have empty content_text","status":"passed","title":"should never have empty content_text","duration":0.10543400000005931,"failureMessages":[],"meta":{}}],"startTime":1778813383231,"endTime":1778813383233.2659,"status":"passed","message":"","name":"/dev-server/src/lib/nexusContent.test.ts"},{"assertionResults":[{"ancestorTitles":["Nexus Integration - Error and Edge Cases"],"fullName":"Nexus Integration - Error and Edge Cases should return an empty array when no content is found","status":"failed","title":"should return an empty array when no content is found","duration":9.58320300000014,"failureMessages":["TypeError: supabase.from(...).select(...).eq is not a function\n    at Module.fetchNexusTagContent (/dev-server/src/lib/nexusContent.ts:70:6)\n    at /dev-server/src/lib/nexusIntegration.test.ts:27:27\n    at file:///dev-server/node_modules/@vitest/runner/dist/chunk-hooks.js:155:11\n    at file:///dev-server/node_modules/@vitest/runner/dist/chunk-hooks.js:752:26\n    at file:///dev-server/node_modules/@vitest/runner/dist/chunk-hooks.js:1897:20\n    at new Promise (<anonymous>)\n    at runWithTimeout (file:///dev-server/node_modules/@vitest/runner/dist/chunk-hooks.js:1863:10)\n    at runTest (file:///dev-server/node_modules/@vitest/runner/dist/chunk-hooks.js:1574:12)\n    at processTicksAndRejections (node:internal/process/task_queues:105:5)\n    at runSuite (file:///dev-server/node_modules/@vitest/runner/dist/chunk-hooks.js:1729:8)"],"meta":{}},{"ancestorTitles":["Nexus Integration - Error and Edge Cases"],"fullName":"Nexus Integration - Error and Edge Cases should throw an error when Supabase returns an error","status":"failed","title":"should throw an error when Supabase returns an error","duration":8.334630999999717,"failureMessages":["AssertionError: expected [Function] to throw error including 'Database Timeout' but got 'supabase.from(.…'\n    at _Assertion.<anonymous> (file:///dev-server/node_modules/@vitest/expect/dist/index.js:1420:16)\n    at _Assertion.<anonymous> (file:///dev-server/node_modules/@vitest/expect/dist/index.js:1029:14)\n    at _Assertion.methodWrapper (file:///dev-server/node_modules/chai/index.js:1686:25)\n    at file:///dev-server/node_modules/@vitest/expect/dist/index.js:1639:20\n    at processTicksAndRejections (node:internal/process/task_queues:105:5)"],"meta":{}},{"ancestorTitles":["Nexus Integration - Error and Edge Cases"],"fullName":"Nexus Integration - Error and Edge Cases should return an empty array when Supabase returns null data without error","status":"failed","title":"should return an empty array when Supabase returns null data without error","duration":0.5964830000002621,"failureMessages":["TypeError: supabase.from(...).select(...).eq is not a function\n    at Module.fetchNexusTagContent (/dev-server/src/lib/nexusContent.ts:70:6)\n    at /dev-server/src/lib/nexusIntegration.test.ts:54:27\n    at file:///dev-server/node_modules/@vitest/runner/dist/chunk-hooks.js:155:11\n    at file:///dev-server/node_modules/@vitest/runner/dist/chunk-hooks.js:752:26\n    at file:///dev-server/node_modules/@vitest/runner/dist/chunk-hooks.js:1897:20\n    at new Promise (<anonymous>)\n    at runWithTimeout (file:///dev-server/node_modules/@vitest/runner/dist/chunk-hooks.js:1863:10)\n    at runTest (file:///dev-server/node_modules/@vitest/runner/dist/chunk-hooks.js:1574:12)\n    at processTicksAndRejections (node:internal/process/task_queues:105:5)\n    at runSuite (file:///dev-server/node_modules/@vitest/runner/dist/chunk-hooks.js:1729:8)"],"meta":{}},{"ancestorTitles":["Nexus Integration - Error and Edge Cases"],"fullName":"Nexus Integration - Error and Edge Cases should return an empty array when Supabase returns undefined data without error","status":"failed","title":"should return an empty array when Supabase returns undefined data without error","duration":0.7185399999998481,"failureMessages":["TypeError: supabase.from(...).select(...).eq is not a function\n    at Module.fetchNexusTagContent (/dev-server/src/lib/nexusContent.ts:70:6)\n    at /dev-server/src/lib/nexusIntegration.test.ts:68:27\n    at file:///dev-server/node_modules/@vitest/runner/dist/chunk-hooks.js:155:11\n    at file:///dev-server/node_modules/@vitest/runner/dist/chunk-hooks.js:752:26\n    at file:///dev-server/node_modules/@vitest/runner/dist/chunk-hooks.js:1897:20\n    at new Promise (<anonymous>)\n    at runWithTimeout (file:///dev-server/node_modules/@vitest/runner/dist/chunk-hooks.js:1863:10)\n    at runTest (file:///dev-server/node_modules/@vitest/runner/dist/chunk-hooks.js:1574:12)\n    at processTicksAndRejections (node:internal/process/task_queues:105:5)\n    at runSuite (file:///dev-server/node_modules/@vitest/runner/dist/chunk-hooks.js:1729:8)"],"meta":{}},{"ancestorTitles":["Nexus Integration - Error and Edge Cases"],"fullName":"Nexus Integration - Error and Edge Cases should handle malformed data by providing robust fallbacks via formatNexusContent","status":"passed","title":"should handle malformed data by providing robust fallbacks via formatNexusContent","duration":0.6297759999997652,"failureMessages":[],"meta":{}},{"ancestorTitles":["Nexus Integration - Error and Edge Cases"],"fullName":"Nexus Integration - Error and Edge Cases should handle missing type by providing default fallback","status":"passed","title":"should handle missing type by providing default fallback","duration":0.14371399999981804,"failureMessages":[],"meta":{}}],"startTime":1778813379043,"endTime":1778813379063.63,"status":"failed","message":"","name":"/dev-server/src/lib/nexusIntegration.test.ts"},{"assertionResults":[{"ancestorTitles":["computeSimilarity"],"fullName":"computeSimilarity returns 0 when either input is empty","status":"passed","title":"returns 0 when either input is empty","duration":2.6540509999995265,"failureMessages":[],"meta":{}},{"ancestorTitles":["computeSimilarity"],"fullName":"computeSimilarity is accent-insensitive (\"tomas\" matches \"Tomás\")","status":"passed","title":"is accent-insensitive (\"tomas\" matches \"Tomás\")","duration":0.8032789999997476,"failureMessages":[],"meta":{}},{"ancestorTitles":["computeSimilarity"],"fullName":"computeSimilarity is case-insensitive","status":"passed","title":"is case-insensitive","duration":0.25142199999936565,"failureMessages":[],"meta":{}},{"ancestorTitles":["computeSimilarity"],"fullName":"computeSimilarity returns the maximum score (1) when query equals target","status":"passed","title":"returns the maximum score (1) when query equals target","duration":0.17956099999992148,"failureMessages":[],"meta":{}},{"ancestorTitles":["computeSimilarity"],"fullName":"computeSimilarity boosts substring matches above pure trigram score","status":"passed","title":"boosts substring matches above pure trigram score","duration":0.44252700000015466,"failureMessages":[],"meta":{}},{"ancestorTitles":["computeSimilarity"],"fullName":"computeSimilarity clamps results to the [0, 1] range","status":"passed","title":"clamps results to the [0, 1] range","duration":0.42863499999930355,"failureMessages":[],"meta":{}},{"ancestorTitles":["combinedSimilarity"],"fullName":"combinedSimilarity prefers the primary field over a weighted secondary","status":"passed","title":"prefers the primary field over a weighted secondary","duration":0.2970839999998134,"failureMessages":[],"meta":{}},{"ancestorTitles":["combinedSimilarity"],"fullName":"combinedSimilarity falls back to the weighted secondary when primary misses","status":"passed","title":"falls back to the weighted secondary when primary misses","duration":0.20466399999986606,"failureMessages":[],"meta":{}},{"ancestorTitles":["combinedSimilarity"],"fullName":"combinedSimilarity handles missing secondary field gracefully","status":"passed","title":"handles missing secondary field gracefully","duration":1.3935279999996055,"failureMessages":[],"meta":{}},{"ancestorTitles":["scoreToTone"],"fullName":"scoreToTone returns null for missing, zero, or negative scores","status":"passed","title":"returns null for missing, zero, or negative scores","duration":0.4641560000000027,"failureMessages":[],"meta":{}},{"ancestorTitles":["scoreToTone"],"fullName":"scoreToTone emits emerald tones at or above the 50% threshold","status":"passed","title":"emits emerald tones at or above the 50% threshold","duration":0.408636000000115,"failureMessages":[],"meta":{}},{"ancestorTitles":["scoreToTone"],"fullName":"scoreToTone emits amber tones between 25% and 49%","status":"passed","title":"emits amber tones between 25% and 49%","duration":0.27130099999976665,"failureMessages":[],"meta":{}},{"ancestorTitles":["scoreToTone"],"fullName":"scoreToTone emits muted tones below 25%","status":"passed","title":"emits muted tones below 25%","duration":0.145912999999382,"failureMessages":[],"meta":{}},{"ancestorTitles":["scoreToTone"],"fullName":"scoreToTone clamps percentages above 1 to 100","status":"passed","title":"clamps percentages above 1 to 100","duration":0.18426399999952991,"failureMessages":[],"meta":{}}],"startTime":1778813374989,"endTime":1778813374998.2712,"status":"passed","message":"","name":"/dev-server/src/lib/similarity.test.ts"},{"assertionResults":[{"ancestorTitles":["tagNormalization"],"fullName":"tagNormalization should normalize basic tags","status":"passed","title":"should normalize basic tags","duration":2.040444000000207,"failureMessages":[],"meta":{}},{"ancestorTitles":["tagNormalization"],"fullName":"tagNormalization should map synonyms to canonical slugs","status":"passed","title":"should map synonyms to canonical slugs","duration":0.3824700000004668,"failureMessages":[],"meta":{}},{"ancestorTitles":["tagNormalization"],"fullName":"tagNormalization should handle variations that result in the same canonical slug","status":"passed","title":"should handle variations that result in the same canonical slug","duration":0.2556830000003174,"failureMessages":[],"meta":{}},{"ancestorTitles":["tagNormalization"],"fullName":"tagNormalization should normalize and deduplicate arrays of tags","status":"passed","title":"should normalize and deduplicate arrays of tags","duration":0.902313999999933,"failureMessages":[],"meta":{}},{"ancestorTitles":["tagNormalization"],"fullName":"tagNormalization should handle multi-word tags with underscores","status":"passed","title":"should handle multi-word tags with underscores","duration":0.3297019999999975,"failureMessages":[],"meta":{}},{"ancestorTitles":["tagNormalization"],"fullName":"tagNormalization should generate comprehensive search terms for a tag","status":"passed","title":"should generate comprehensive search terms for a tag","duration":0.8231340000002092,"failureMessages":[],"meta":{}}],"startTime":1778813383618,"endTime":1778813383622.8232,"status":"passed","message":"","name":"/dev-server/src/lib/tagNormalization.test.ts"},{"assertionResults":[{"ancestorTitles":["normalizeText"],"fullName":"normalizeText should convert to lowercase","status":"passed","title":"should convert to lowercase","duration":2.1451930000002903,"failureMessages":[],"meta":{}},{"ancestorTitles":["normalizeText"],"fullName":"normalizeText should remove accents","status":"passed","title":"should remove accents","duration":0.6257929999992484,"failureMessages":[],"meta":{}},{"ancestorTitles":["normalizeText"],"fullName":"normalizeText should trim whitespace","status":"passed","title":"should trim whitespace","duration":0.1438240000006772,"failureMessages":[],"meta":{}},{"ancestorTitles":["normalizeText"],"fullName":"normalizeText should handle complex strings","status":"passed","title":"should handle complex strings","duration":0.07034699999985605,"failureMessages":[],"meta":{}},{"ancestorTitles":["normalizeText"],"fullName":"normalizeText should return empty string for null or undefined","status":"passed","title":"should return empty string for null or undefined","duration":0.27002400000037596,"failureMessages":[],"meta":{}}],"startTime":1778813386422,"endTime":1778813386426.27,"status":"passed","message":"","name":"/dev-server/src/lib/utils.test.ts"},{"assertionResults":[],"startTime":1778813369734,"endTime":1778813369734,"status":"failed","message":"Cannot read properties of undefined (reading 'displayName')","name":"/dev-server/src/test/buscar.test.tsx"},{"assertionResults":[{"ancestorTitles":["example"],"fullName":"example should pass","status":"passed","title":"should pass","duration":1.521792000000005,"failureMessages":[],"meta":{}}],"startTime":1778813387138,"endTime":1778813387139.5217,"status":"passed","message":"","name":"/dev-server/src/test/example.test.ts"},{"assertionResults":[{"ancestorTitles":["AI Fields Validation in Catechism"],"fullName":"AI Fields Validation in Catechism should detect AI fields and fail build by default","status":"failed","title":"should detect AI fields and fail build by default","duration":74.67014199999994,"failureMessages":["Error: ENOENT: no such file or directory, open '/dev-server/catechism-validation-report.json'\n    at Proxy.readFileSync (node:fs:440:20)\n    at /dev-server/src/tests/aiFieldsValidation.test.ts:43:34\n    at file:///dev-server/node_modules/@vitest/runner/dist/chunk-hooks.js:155:11\n    at file:///dev-server/node_modules/@vitest/runner/dist/chunk-hooks.js:752:26\n    at file:///dev-server/node_modules/@vitest/runner/dist/chunk-hooks.js:1897:20\n    at new Promise (<anonymous>)\n    at runWithTimeout (file:///dev-server/node_modules/@vitest/runner/dist/chunk-hooks.js:1863:10)\n    at runTest (file:///dev-server/node_modules/@vitest/runner/dist/chunk-hooks.js:1574:12)\n    at processTicksAndRejections (node:internal/process/task_queues:105:5)\n    at runSuite (file:///dev-server/node_modules/@vitest/runner/dist/chunk-hooks.js:1729:8)"],"meta":{}},{"ancestorTitles":["AI Fields Validation in Catechism"],"fullName":"AI Fields Validation in Catechism should NOT fail build if CATECHISM_FAIL_ON_AI_FIELDS is false","status":"failed","title":"should NOT fail build if CATECHISM_FAIL_ON_AI_FIELDS is false","duration":69.77074799999991,"failureMessages":["Error: ENOENT: no such file or directory, open '/dev-server/catechism-validation-report.json'\n    at Proxy.readFileSync (node:fs:440:20)\n    at /dev-server/src/tests/aiFieldsValidation.test.ts:58:34\n    at file:///dev-server/node_modules/@vitest/runner/dist/chunk-hooks.js:155:11\n    at file:///dev-server/node_modules/@vitest/runner/dist/chunk-hooks.js:752:26\n    at file:///dev-server/node_modules/@vitest/runner/dist/chunk-hooks.js:1897:20\n    at new Promise (<anonymous>)\n    at runWithTimeout (file:///dev-server/node_modules/@vitest/runner/dist/chunk-hooks.js:1863:10)\n    at runTest (file:///dev-server/node_modules/@vitest/runner/dist/chunk-hooks.js:1574:12)\n    at processTicksAndRejections (node:internal/process/task_queues:105:5)\n    at runSuite (file:///dev-server/node_modules/@vitest/runner/dist/chunk-hooks.js:1729:8)"],"meta":{}},{"ancestorTitles":["AI Fields Validation in Catechism"],"fullName":"AI Fields Validation in Catechism should automatically remove forbidden fields when autoCleanAI is true","status":"failed","title":"should automatically remove forbidden fields when autoCleanAI is true","duration":64.53226099999938,"failureMessages":["Error: ENOENT: no such file or directory, open '/dev-server/catechism-validation-report.json'\n    at Proxy.readFileSync (node:fs:440:20)\n    at /dev-server/src/tests/aiFieldsValidation.test.ts:67:34\n    at file:///dev-server/node_modules/@vitest/runner/dist/chunk-hooks.js:155:11\n    at file:///dev-server/node_modules/@vitest/runner/dist/chunk-hooks.js:752:26\n    at file:///dev-server/node_modules/@vitest/runner/dist/chunk-hooks.js:1897:20\n    at new Promise (<anonymous>)\n    at runWithTimeout (file:///dev-server/node_modules/@vitest/runner/dist/chunk-hooks.js:1863:10)\n    at runTest (file:///dev-server/node_modules/@vitest/runner/dist/chunk-hooks.js:1574:12)\n    at processTicksAndRejections (node:internal/process/task_queues:105:5)\n    at runSuite (file:///dev-server/node_modules/@vitest/runner/dist/chunk-hooks.js:1729:8)"],"meta":{}}],"startTime":1778813380577,"endTime":1778813380785.5322,"status":"failed","message":"","name":"/dev-server/src/tests/aiFieldsValidation.test.ts"},{"assertionResults":[{"ancestorTitles":["Script de Validação do Catecismo"],"fullName":"Script de Validação do Catecismo deve ter pelo menos um registro para validar","status":"passed","title":"deve ter pelo menos um registro para validar","duration":0.8772369999996954,"failureMessages":[],"meta":{}},{"ancestorTitles":["Script de Validação do Catecismo"],"fullName":"Script de Validação do Catecismo todos os registros devem ter tipo e type consistentes","status":"passed","title":"todos os registros devem ter tipo e type consistentes","duration":0.3598179999999047,"failureMessages":[],"meta":{}},{"ancestorTitles":["Script de Validação do Catecismo"],"fullName":"Script de Validação do Catecismo todos os registros devem ter pelo menos uma tag","status":"passed","title":"todos os registros devem ter pelo menos uma tag","duration":0.11690999999973428,"failureMessages":[],"meta":{}},{"ancestorTitles":["Script de Validação do Catecismo"],"fullName":"Script de Validação do Catecismo as porcentagens calculadas devem ser matematicamente consistentes","status":"passed","title":"as porcentagens calculadas devem ser matematicamente consistentes","duration":0.20658499999990454,"failureMessages":[],"meta":{}},{"ancestorTitles":["Script de Validação do Catecismo"],"fullName":"Script de Validação do Catecismo o ID de cada registro deve ser único","status":"passed","title":"o ID de cada registro deve ser único","duration":0.08092099999976199,"failureMessages":[],"meta":{}}],"startTime":1778813385456,"endTime":1778813385458.2065,"status":"passed","message":"","name":"/dev-server/src/tests/catechismValidationScript.test.ts"},{"assertionResults":[{"ancestorTitles":["Dry Run Validation in Catechism"],"fullName":"Dry Run Validation in Catechism should report errors but NOT fail build when CATECHISM_DRY_RUN is true","status":"failed","title":"should report errors but NOT fail build when CATECHISM_DRY_RUN is true","duration":102.86567300000024,"failureMessages":["Error: ENOENT: no such file or directory, open '/dev-server/catechism-validation-report.json'\n    at Proxy.readFileSync (node:fs:440:20)\n    at /dev-server/src/tests/dryRunValidation.test.ts:43:34\n    at file:///dev-server/node_modules/@vitest/runner/dist/chunk-hooks.js:155:11\n    at file:///dev-server/node_modules/@vitest/runner/dist/chunk-hooks.js:752:26\n    at file:///dev-server/node_modules/@vitest/runner/dist/chunk-hooks.js:1897:20\n    at new Promise (<anonymous>)\n    at runWithTimeout (file:///dev-server/node_modules/@vitest/runner/dist/chunk-hooks.js:1863:10)\n    at runTest (file:///dev-server/node_modules/@vitest/runner/dist/chunk-hooks.js:1574:12)\n    at processTicksAndRejections (node:internal/process/task_queues:105:5)\n    at runSuite (file:///dev-server/node_modules/@vitest/runner/dist/chunk-hooks.js:1729:8)"],"meta":{}},{"ancestorTitles":["Dry Run Validation in Catechism"],"fullName":"Dry Run Validation in Catechism should NOT clean fields even if CATECHISM_AUTO_CLEAN_AI is true when CATECHISM_DRY_RUN is true","status":"failed","title":"should NOT clean fields even if CATECHISM_AUTO_CLEAN_AI is true when CATECHISM_DRY_RUN is true","duration":90.80265599999984,"failureMessages":["Error: ENOENT: no such file or directory, open '/dev-server/catechism-validation-report.json'\n    at Proxy.readFileSync (node:fs:440:20)\n    at /dev-server/src/tests/dryRunValidation.test.ts:62:34\n    at file:///dev-server/node_modules/@vitest/runner/dist/chunk-hooks.js:155:11\n    at file:///dev-server/node_modules/@vitest/runner/dist/chunk-hooks.js:752:26\n    at file:///dev-server/node_modules/@vitest/runner/dist/chunk-hooks.js:1897:20\n    at new Promise (<anonymous>)\n    at runWithTimeout (file:///dev-server/node_modules/@vitest/runner/dist/chunk-hooks.js:1863:10)\n    at runTest (file:///dev-server/node_modules/@vitest/runner/dist/chunk-hooks.js:1574:12)\n    at processTicksAndRejections (node:internal/process/task_queues:105:5)\n    at runSuite (file:///dev-server/node_modules/@vitest/runner/dist/chunk-hooks.js:1729:8)"],"meta":{}}],"startTime":1778813381390,"endTime":1778813381583.8027,"status":"failed","message":"","name":"/dev-server/src/tests/dryRunValidation.test.ts"},{"assertionResults":[{"ancestorTitles":["Validation Report Ordering and Severity"],"fullName":"Validation Report Ordering and Severity should generate the report file","status":"failed","title":"should generate the report file","duration":9.650346000000354,"failureMessages":["AssertionError: expected false to be true // Object.is equality\n    at /dev-server/src/tests/validationReport.test.ts:74:39\n    at file:///dev-server/node_modules/@vitest/runner/dist/chunk-hooks.js:155:11\n    at file:///dev-server/node_modules/@vitest/runner/dist/chunk-hooks.js:752:26\n    at file:///dev-server/node_modules/@vitest/runner/dist/chunk-hooks.js:1897:20\n    at new Promise (<anonymous>)\n    at runWithTimeout (file:///dev-server/node_modules/@vitest/runner/dist/chunk-hooks.js:1863:10)\n    at runTest (file:///dev-server/node_modules/@vitest/runner/dist/chunk-hooks.js:1574:12)\n    at processTicksAndRejections (node:internal/process/task_queues:105:5)\n    at runSuite (file:///dev-server/node_modules/@vitest/runner/dist/chunk-hooks.js:1729:8)\n    at runSuite (file:///dev-server/node_modules/@vitest/runner/dist/chunk-hooks.js:1729:8)"],"meta":{}},{"ancestorTitles":["Validation Report Ordering and Severity"],"fullName":"Validation Report Ordering and Severity should order failingRecords by severity (High -> Medium -> Low) and group by category","status":"failed","title":"should order failingRecords by severity (High -> Medium -> Low) and group by category","duration":1.01867300000049,"failureMessages":["Error: ENOENT: no such file or directory, open '/dev-server/catechism-validation-report.json'\n    at Proxy.readFileSync (node:fs:440:20)\n    at /dev-server/src/tests/validationReport.test.ts:78:34\n    at file:///dev-server/node_modules/@vitest/runner/dist/chunk-hooks.js:155:11\n    at file:///dev-server/node_modules/@vitest/runner/dist/chunk-hooks.js:752:26\n    at file:///dev-server/node_modules/@vitest/runner/dist/chunk-hooks.js:1897:20\n    at new Promise (<anonymous>)\n    at runWithTimeout (file:///dev-server/node_modules/@vitest/runner/dist/chunk-hooks.js:1863:10)\n    at runTest (file:///dev-server/node_modules/@vitest/runner/dist/chunk-hooks.js:1574:12)\n    at processTicksAndRejections (node:internal/process/task_queues:105:5)\n    at runSuite (file:///dev-server/node_modules/@vitest/runner/dist/chunk-hooks.js:1729:8)"],"meta":{}},{"ancestorTitles":["Validation Report Ordering and Severity"],"fullName":"Validation Report Ordering and Severity should have consistent counts in the summary","status":"failed","title":"should have consistent counts in the summary","duration":0.5064200000006167,"failureMessages":["Error: ENOENT: no such file or directory, open '/dev-server/catechism-validation-report.json'\n    at Proxy.readFileSync (node:fs:440:20)\n    at /dev-server/src/tests/validationReport.test.ts:96:34\n    at file:///dev-server/node_modules/@vitest/runner/dist/chunk-hooks.js:155:11\n    at file:///dev-server/node_modules/@vitest/runner/dist/chunk-hooks.js:752:26\n    at file:///dev-server/node_modules/@vitest/runner/dist/chunk-hooks.js:1897:20\n    at new Promise (<anonymous>)\n    at runWithTimeout (file:///dev-server/node_modules/@vitest/runner/dist/chunk-hooks.js:1863:10)\n    at runTest (file:///dev-server/node_modules/@vitest/runner/dist/chunk-hooks.js:1574:12)\n    at processTicksAndRejections (node:internal/process/task_queues:105:5)\n    at runSuite (file:///dev-server/node_modules/@vitest/runner/dist/chunk-hooks.js:1729:8)"],"meta":{}}],"startTime":1778813379069,"endTime":1778813379080.5063,"status":"failed","message":"","name":"/dev-server/src/tests/validationReport.test.ts"},{"assertionResults":[{"ancestorTitles":["Visual Consistency & Accessibility Audit"],"fullName":"Visual Consistency & Accessibility Audit LandingHeader should have correct accessibility attributes","status":"passed","title":"LandingHeader should have correct accessibility attributes","duration":66.33878800000002,"failureMessages":[],"meta":{}},{"ancestorTitles":["Visual Consistency & Accessibility Audit"],"fullName":"Visual Consistency & Accessibility Audit Hero title should be an H1 for SEO and hierarchy","status":"failed","title":"Hero title should be an H1 for SEO and hierarchy","duration":59.4500909999997,"failureMessages":["AssertionError: expected ' Nem toda  prisão é visível ' to be 'Nem toda prisão é visível' // Object.is equality\n    at /dev-server/src/tests/visual-audit.test.tsx:45:28\n    at file:///dev-server/node_modules/@vitest/runner/dist/chunk-hooks.js:155:11\n    at file:///dev-server/node_modules/@vitest/runner/dist/chunk-hooks.js:752:26\n    at file:///dev-server/node_modules/@vitest/runner/dist/chunk-hooks.js:1897:20\n    at new Promise (<anonymous>)\n    at runWithTimeout (file:///dev-server/node_modules/@vitest/runner/dist/chunk-hooks.js:1863:10)\n    at runTest (file:///dev-server/node_modules/@vitest/runner/dist/chunk-hooks.js:1574:12)\n    at processTicksAndRejections (node:internal/process/task_queues:105:5)\n    at runSuite (file:///dev-server/node_modules/@vitest/runner/dist/chunk-hooks.js:1729:8)\n    at runSuite (file:///dev-server/node_modules/@vitest/runner/dist/chunk-hooks.js:1729:8)"],"meta":{}},{"ancestorTitles":["Visual Consistency & Accessibility Audit"],"fullName":"Visual Consistency & Accessibility Audit Buttons should have uppercase tracking and font weights as per design system","status":"failed","title":"Buttons should have uppercase tracking and font weights as per design system","duration":10.452450000000681,"failureMessages":["AssertionError: expected 'btn-premium-primary px-12 py-5 text-[…' to contain 'uppercase'\n    at /dev-server/src/tests/visual-audit.test.tsx:64:21\n    at file:///dev-server/node_modules/@vitest/runner/dist/chunk-hooks.js:155:11\n    at file:///dev-server/node_modules/@vitest/runner/dist/chunk-hooks.js:752:26\n    at file:///dev-server/node_modules/@vitest/runner/dist/chunk-hooks.js:1897:20\n    at new Promise (<anonymous>)\n    at runWithTimeout (file:///dev-server/node_modules/@vitest/runner/dist/chunk-hooks.js:1863:10)\n    at runTest (file:///dev-server/node_modules/@vitest/runner/dist/chunk-hooks.js:1574:12)\n    at processTicksAndRejections (node:internal/process/task_queues:105:5)\n    at runSuite (file:///dev-server/node_modules/@vitest/runner/dist/chunk-hooks.js:1729:8)\n    at runSuite (file:///dev-server/node_modules/@vitest/runner/dist/chunk-hooks.js:1729:8)"],"meta":{}}],"startTime":1778813384904,"endTime":1778813385040.4524,"status":"failed","message":"","name":"/dev-server/src/tests/visual-audit.test.tsx"},{"assertionResults":[{"ancestorTitles":["BibleVersePopover navigation"],"fullName":"BibleVersePopover navigation default navigation includes book, ch AND v in the URL","status":"failed","title":"default navigation includes book, ch AND v in the URL","duration":48.909905999999864,"failureMessages":["Error: Element type is invalid: expected a string (for built-in components) or a class/function (for composite components) but got: undefined. You likely forgot to export your component from the file it's defined in, or you might have mixed up default and named imports.\n\nCheck the render method of `Primitive.button.SlotClone`.\n    at createFiberFromTypeAndProps (/dev-server/node_modules/react-dom/cjs/react-dom.development.js:28478:17)\n    at createFiberFromElement (/dev-server/node_modules/react-dom/cjs/react-dom.development.js:28504:15)\n    at reconcileSingleElement (/dev-server/node_modules/react-dom/cjs/react-dom.development.js:13986:23)\n    at reconcileChildFibers (/dev-server/node_modules/react-dom/cjs/react-dom.development.js:14044:35)\n    at reconcileChildren (/dev-server/node_modules/react-dom/cjs/react-dom.development.js:19186:28)\n    at updateForwardRef (/dev-server/node_modules/react-dom/cjs/react-dom.development.js:19277:3)\n    at beginWork (/dev-server/node_modules/react-dom/cjs/react-dom.development.js:21675:16)\n    at beginWork$1 (/dev-server/node_modules/react-dom/cjs/react-dom.development.js:27465:14)\n    at performUnitOfWork (/dev-server/node_modules/react-dom/cjs/react-dom.development.js:26599:12)\n    at workLoopSync (/dev-server/node_modules/react-dom/cjs/react-dom.development.js:26505:5)"],"meta":{}},{"ancestorTitles":["BibleVersePopover navigation"],"fullName":"BibleVersePopover navigation omits v param when verse is not provided","status":"failed","title":"omits v param when verse is not provided","duration":7.243694000000687,"failureMessages":["Error: Element type is invalid: expected a string (for built-in components) or a class/function (for composite components) but got: undefined. You likely forgot to export your component from the file it's defined in, or you might have mixed up default and named imports.\n\nCheck the render method of `Primitive.button.SlotClone`.\n    at createFiberFromTypeAndProps (/dev-server/node_modules/react-dom/cjs/react-dom.development.js:28478:17)\n    at createFiberFromElement (/dev-server/node_modules/react-dom/cjs/react-dom.development.js:28504:15)\n    at reconcileSingleElement (/dev-server/node_modules/react-dom/cjs/react-dom.development.js:13986:23)\n    at reconcileChildFibers (/dev-server/node_modules/react-dom/cjs/react-dom.development.js:14044:35)\n    at reconcileChildren (/dev-server/node_modules/react-dom/cjs/react-dom.development.js:19186:28)\n    at updateForwardRef (/dev-server/node_modules/react-dom/cjs/react-dom.development.js:19277:3)\n    at beginWork (/dev-server/node_modules/react-dom/cjs/react-dom.development.js:21675:16)\n    at beginWork$1 (/dev-server/node_modules/react-dom/cjs/react-dom.development.js:27465:14)\n    at performUnitOfWork (/dev-server/node_modules/react-dom/cjs/react-dom.development.js:26599:12)\n    at workLoopSync (/dev-server/node_modules/react-dom/cjs/react-dom.development.js:26505:5)"],"meta":{}},{"ancestorTitles":["BibleVersePopover navigation"],"fullName":"BibleVersePopover navigation forwards verse to onNavigate override (regression: never just abbr+chapter)","status":"failed","title":"forwards verse to onNavigate override (regression: never just abbr+chapter)","duration":7.206336000000192,"failureMessages":["Error: Element type is invalid: expected a string (for built-in components) or a class/function (for composite components) but got: undefined. You likely forgot to export your component from the file it's defined in, or you might have mixed up default and named imports.\n\nCheck the render method of `Primitive.button.SlotClone`.\n    at createFiberFromTypeAndProps (/dev-server/node_modules/react-dom/cjs/react-dom.development.js:28478:17)\n    at createFiberFromElement (/dev-server/node_modules/react-dom/cjs/react-dom.development.js:28504:15)\n    at reconcileSingleElement (/dev-server/node_modules/react-dom/cjs/react-dom.development.js:13986:23)\n    at reconcileChildFibers (/dev-server/node_modules/react-dom/cjs/react-dom.development.js:14044:35)\n    at reconcileChildren (/dev-server/node_modules/react-dom/cjs/react-dom.development.js:19186:28)\n    at updateForwardRef (/dev-server/node_modules/react-dom/cjs/react-dom.development.js:19277:3)\n    at beginWork (/dev-server/node_modules/react-dom/cjs/react-dom.development.js:21675:16)\n    at beginWork$1 (/dev-server/node_modules/react-dom/cjs/react-dom.development.js:27465:14)\n    at performUnitOfWork (/dev-server/node_modules/react-dom/cjs/react-dom.development.js:26599:12)\n    at workLoopSync (/dev-server/node_modules/react-dom/cjs/react-dom.development.js:26505:5)"],"meta":{}}],"startTime":1778813381336,"endTime":1778813381399.2063,"status":"failed","message":"","name":"/dev-server/src/components/cathedra/BibleVersePopover.test.tsx"},{"assertionResults":[{"ancestorTitles":["FuzzySearchInput"],"fullName":"FuzzySearchInput renders controlled value","status":"failed","title":"renders controlled value","duration":43.57876099999976,"failureMessages":["Error: Element type is invalid: expected a string (for built-in components) or a class/function (for composite components) but got: undefined. You likely forgot to export your component from the file it's defined in, or you might have mixed up default and named imports.\n\nCheck the render method of `FuzzySearchInput`.\n    at createFiberFromTypeAndProps (/dev-server/node_modules/react-dom/cjs/react-dom.development.js:28478:17)\n    at createFiberFromElement (/dev-server/node_modules/react-dom/cjs/react-dom.development.js:28504:15)\n    at createChild (/dev-server/node_modules/react-dom/cjs/react-dom.development.js:13345:28)\n    at reconcileChildrenArray (/dev-server/node_modules/react-dom/cjs/react-dom.development.js:13640:25)\n    at reconcileChildFibers (/dev-server/node_modules/react-dom/cjs/react-dom.development.js:14057:16)\n    at reconcileChildren (/dev-server/node_modules/react-dom/cjs/react-dom.development.js:19186:28)\n    at updateHostComponent (/dev-server/node_modules/react-dom/cjs/react-dom.development.js:19953:3)\n    at beginWork (/dev-server/node_modules/react-dom/cjs/react-dom.development.js:21657:14)\n    at beginWork$1 (/dev-server/node_modules/react-dom/cjs/react-dom.development.js:27465:14)\n    at performUnitOfWork (/dev-server/node_modules/react-dom/cjs/react-dom.development.js:26599:12)"],"meta":{}},{"ancestorTitles":["FuzzySearchInput"],"fullName":"FuzzySearchInput calls onChange on input","status":"passed","title":"calls onChange on input","duration":59.40757499999927,"failureMessages":[],"meta":{}},{"ancestorTitles":["FuzzySearchInput"],"fullName":"FuzzySearchInput shows clear button only when value is non-empty","status":"failed","title":"shows clear button only when value is non-empty","duration":11.149237999999968,"failureMessages":["Error: Element type is invalid: expected a string (for built-in components) or a class/function (for composite components) but got: undefined. You likely forgot to export your component from the file it's defined in, or you might have mixed up default and named imports.\n\nCheck the render method of `FuzzySearchInput`.\n    at createFiberFromTypeAndProps (/dev-server/node_modules/react-dom/cjs/react-dom.development.js:28478:17)\n    at createFiberFromElement (/dev-server/node_modules/react-dom/cjs/react-dom.development.js:28504:15)\n    at createChild (/dev-server/node_modules/react-dom/cjs/react-dom.development.js:13345:28)\n    at reconcileChildrenArray (/dev-server/node_modules/react-dom/cjs/react-dom.development.js:13640:25)\n    at reconcileChildFibers (/dev-server/node_modules/react-dom/cjs/react-dom.development.js:14057:16)\n    at reconcileChildren (/dev-server/node_modules/react-dom/cjs/react-dom.development.js:19193:28)\n    at updateHostComponent (/dev-server/node_modules/react-dom/cjs/react-dom.development.js:19953:3)\n    at beginWork (/dev-server/node_modules/react-dom/cjs/react-dom.development.js:21657:14)\n    at beginWork$1 (/dev-server/node_modules/react-dom/cjs/react-dom.development.js:27465:14)\n    at performUnitOfWork (/dev-server/node_modules/react-dom/cjs/react-dom.development.js:26599:12)"],"meta":{}},{"ancestorTitles":["FuzzySearchInput"],"fullName":"FuzzySearchInput clicking clear calls onChange with empty string","status":"failed","title":"clicking clear calls onChange with empty string","duration":3.9795429999994667,"failureMessages":["Error: Element type is invalid: expected a string (for built-in components) or a class/function (for composite components) but got: undefined. You likely forgot to export your component from the file it's defined in, or you might have mixed up default and named imports.\n\nCheck the render method of `FuzzySearchInput`.\n    at createFiberFromTypeAndProps (/dev-server/node_modules/react-dom/cjs/react-dom.development.js:28478:17)\n    at createFiberFromElement (/dev-server/node_modules/react-dom/cjs/react-dom.development.js:28504:15)\n    at createChild (/dev-server/node_modules/react-dom/cjs/react-dom.development.js:13345:28)\n    at reconcileChildrenArray (/dev-server/node_modules/react-dom/cjs/react-dom.development.js:13640:25)\n    at reconcileChildFibers (/dev-server/node_modules/react-dom/cjs/react-dom.development.js:14057:16)\n    at reconcileChildren (/dev-server/node_modules/react-dom/cjs/react-dom.development.js:19186:28)\n    at updateHostComponent (/dev-server/node_modules/react-dom/cjs/react-dom.development.js:19953:3)\n    at beginWork (/dev-server/node_modules/react-dom/cjs/react-dom.development.js:21657:14)\n    at beginWork$1 (/dev-server/node_modules/react-dom/cjs/react-dom.development.js:27465:14)\n    at performUnitOfWork (/dev-server/node_modules/react-dom/cjs/react-dom.development.js:26599:12)"],"meta":{}},{"ancestorTitles":["FuzzySearchInput"],"fullName":"FuzzySearchInput shows \"Buscando…\" only when isSearching=true and value >= minLength","status":"failed","title":"shows \"Buscando…\" only when isSearching=true and value >= minLength","duration":5.429370000000745,"failureMessages":["Error: Element type is invalid: expected a string (for built-in components) or a class/function (for composite components) but got: undefined. You likely forgot to export your component from the file it's defined in, or you might have mixed up default and named imports.\n\nCheck the render method of `FuzzySearchInput`.\n    at createFiberFromTypeAndProps (/dev-server/node_modules/react-dom/cjs/react-dom.development.js:28478:17)\n    at createFiberFromElement (/dev-server/node_modules/react-dom/cjs/react-dom.development.js:28504:15)\n    at createChild (/dev-server/node_modules/react-dom/cjs/react-dom.development.js:13345:28)\n    at reconcileChildrenArray (/dev-server/node_modules/react-dom/cjs/react-dom.development.js:13640:25)\n    at reconcileChildFibers (/dev-server/node_modules/react-dom/cjs/react-dom.development.js:14057:16)\n    at reconcileChildren (/dev-server/node_modules/react-dom/cjs/react-dom.development.js:19186:28)\n    at updateHostComponent (/dev-server/node_modules/react-dom/cjs/react-dom.development.js:19953:3)\n    at beginWork (/dev-server/node_modules/react-dom/cjs/react-dom.development.js:21657:14)\n    at beginWork$1 (/dev-server/node_modules/react-dom/cjs/react-dom.development.js:27465:14)\n    at performUnitOfWork (/dev-server/node_modules/react-dom/cjs/react-dom.development.js:26599:12)"],"meta":{}},{"ancestorTitles":["FuzzySearchInput"],"fullName":"FuzzySearchInput applies md size classes by default","status":"passed","title":"applies md size classes by default","duration":8.2436289999996,"failureMessages":[],"meta":{}},{"ancestorTitles":["FuzzySearchInput"],"fullName":"FuzzySearchInput applies lg size classes","status":"passed","title":"applies lg size classes","duration":8.397095000000263,"failureMessages":[],"meta":{}}],"startTime":1778813382703,"endTime":1778813382843.3972,"status":"failed","message":"","name":"/dev-server/src/components/cathedra/FuzzySearchInput.test.tsx"},{"assertionResults":[],"startTime":1778813369734,"endTime":1778813369734,"status":"failed","message":"  x 'const' declarations must be initialized\n    ,-[/dev-server/src/components/cathedra/CathedraCard.tsx:54:1]\n 51 | \n 52 | CathedraCard.displayName = \"CathedraCard\";\n 53 | \n 54 | const CathedraCathedraCardHeader as CardHeader = ({ className, ...props }: React.HTMLAttributes<HTMLDivElement>) => (\n    :       ^^^^^^^^^^^^^^^^^^^^^^^^^^\n 55 |   <div className={cn(\"flex flex-col space-y-1.5 p-0 mb-6\", className)} {...props} />\n 56 | );\n    `----\n  x Expected a semicolon\n    ,-[/dev-server/src/components/cathedra/CathedraCard.tsx:54:1]\n 51 | \n 52 | CathedraCard.displayName = \"CathedraCard\";\n 53 | \n 54 | const CathedraCathedraCardHeader as CardHeader = ({ className, ...props }: React.HTMLAttributes<HTMLDivElement>) => (\n    :                                  ^^\n 55 |   <div className={cn(\"flex flex-col space-y-1.5 p-0 mb-6\", className)} {...props} />\n 56 | );\n    `----\n  x Expression expected\n    ,-[/dev-server/src/components/cathedra/CathedraCard.tsx:54:1]\n 51 | \n 52 | CathedraCard.displayName = \"CathedraCard\";\n 53 | \n 54 | const CathedraCathedraCardHeader as CardHeader = ({ className, ...props }: React.HTMLAttributes<HTMLDivElement>) => (\n    :                                                                         ^\n 55 |   <div className={cn(\"flex flex-col space-y-1.5 p-0 mb-6\", className)} {...props} />\n 56 | );\n    `----\n\n\nCaused by:\n    Syntax Error\n\nStack backtrace:\n   0: <unknown>\n   1: <unknown>\n   2: <unknown>\n   3: <unknown>\n   4: <unknown>\n   5: <unknown>\n   6: <unknown>\n   7: <unknown>\n   8: <unknown>\n   9: _ZZN4node14ThreadPoolWork12ScheduleWorkEvENUlP9uv_work_sE_4_FUNES2_\n  10: worker\n  11: start_thread\n  12: __clone3","name":"/dev-server/src/components/cathedra/HojePage.test.tsx"},{"assertionResults":[],"startTime":1778813369734,"endTime":1778813369734,"status":"failed","message":"Cannot read properties of undefined (reading 'displayName')","name":"/dev-server/src/components/cathedra/JornadasPage.test.tsx"},{"assertionResults":[{"ancestorTitles":["NexusBubbles - Bubble interactions"],"fullName":"NexusBubbles - Bubble interactions opens the popover when clicking a regular bubble and loads its content","status":"failed","title":"opens the popover when clicking a regular bubble and loads its content","duration":1038.9743620000008,"failureMessages":["Error: Unable to find role=\"button\" and name `/Tema: Amor/i`\n\nIgnored nodes: comments, script, style\n\u001b[36m<body>\u001b[39m\n  \u001b[36m<div />\u001b[39m\n\u001b[36m</body>\u001b[39m\n    at waitForWrapper (/dev-server/node_modules/@testing-library/dom/dist/wait-for.js:163:27)\n    at findAllByRole (/dev-server/node_modules/@testing-library/dom/dist/query-helpers.js:86:33)\n    at findFirstBubbleByLabel (/dev-server/src/components/cathedra/NexusBubbles.interaction.test.tsx:71:32)\n    at /dev-server/src/components/cathedra/NexusBubbles.interaction.test.tsx:104:24\n    at file:///dev-server/node_modules/@vitest/runner/dist/chunk-hooks.js:155:11\n    at file:///dev-server/node_modules/@vitest/runner/dist/chunk-hooks.js:752:26\n    at file:///dev-server/node_modules/@vitest/runner/dist/chunk-hooks.js:1897:20\n    at new Promise (<anonymous>)\n    at runWithTimeout (file:///dev-server/node_modules/@vitest/runner/dist/chunk-hooks.js:1863:10)\n    at runTest (file:///dev-server/node_modules/@vitest/runner/dist/chunk-hooks.js:1574:12)"],"meta":{}},{"ancestorTitles":["NexusBubbles - Bubble interactions"],"fullName":"NexusBubbles - Bubble interactions renders the suggested badge for tags matching the user spiritual profile","status":"failed","title":"renders the suggested badge for tags matching the user spiritual profile","duration":1005.6350819999989,"failureMessages":["Error: Unable to find role=\"button\" and name `/Tema:/i`\n\nIgnored nodes: comments, script, style\n\u001b[36m<body>\u001b[39m\n  \u001b[36m<div />\u001b[39m\n\u001b[36m</body>\u001b[39m\n    at waitForWrapper (/dev-server/node_modules/@testing-library/dom/dist/wait-for.js:163:27)\n    at findAllByRole (/dev-server/node_modules/@testing-library/dom/dist/query-helpers.js:86:33)\n    at /dev-server/src/components/cathedra/NexusBubbles.interaction.test.tsx:121:18\n    at file:///dev-server/node_modules/@vitest/runner/dist/chunk-hooks.js:155:11\n    at file:///dev-server/node_modules/@vitest/runner/dist/chunk-hooks.js:752:26\n    at file:///dev-server/node_modules/@vitest/runner/dist/chunk-hooks.js:1897:20\n    at new Promise (<anonymous>)\n    at runWithTimeout (file:///dev-server/node_modules/@vitest/runner/dist/chunk-hooks.js:1863:10)\n    at runTest (file:///dev-server/node_modules/@vitest/runner/dist/chunk-hooks.js:1574:12)\n    at runSuite (file:///dev-server/node_modules/@vitest/runner/dist/chunk-hooks.js:1729:8)"],"meta":{}},{"ancestorTitles":["NexusBubbles - Bubble interactions"],"fullName":"NexusBubbles - Bubble interactions opens the popover when clicking a suggested bubble and loads its content","status":"failed","title":"opens the popover when clicking a suggested bubble and loads its content","duration":1006.446417000001,"failureMessages":["Error: Unable to find role=\"button\" and name `/\\(Sugerido\\)/i`\n\nIgnored nodes: comments, script, style\n\u001b[36m<body>\u001b[39m\n  \u001b[36m<div />\u001b[39m\n\u001b[36m</body>\u001b[39m\n    at waitForWrapper (/dev-server/node_modules/@testing-library/dom/dist/wait-for.js:163:27)\n    at findAllByRole (/dev-server/node_modules/@testing-library/dom/dist/query-helpers.js:86:33)\n    at /dev-server/src/components/cathedra/NexusBubbles.interaction.test.tsx:146:36\n    at file:///dev-server/node_modules/@vitest/runner/dist/chunk-hooks.js:155:11\n    at file:///dev-server/node_modules/@vitest/runner/dist/chunk-hooks.js:752:26\n    at file:///dev-server/node_modules/@vitest/runner/dist/chunk-hooks.js:1897:20\n    at new Promise (<anonymous>)\n    at runWithTimeout (file:///dev-server/node_modules/@vitest/runner/dist/chunk-hooks.js:1863:10)\n    at runTest (file:///dev-server/node_modules/@vitest/runner/dist/chunk-hooks.js:1574:12)\n    at runSuite (file:///dev-server/node_modules/@vitest/runner/dist/chunk-hooks.js:1729:8)"],"meta":{}},{"ancestorTitles":["NexusBubbles - Bubble interactions"],"fullName":"NexusBubbles - Bubble interactions shows a retry fallback when content fetching fails and recovers on retry","status":"failed","title":"shows a retry fallback when content fetching fails and recovers on retry","duration":1004.2150559999991,"failureMessages":["Error: Unable to find role=\"button\" and name `/Tema: Fé/i`\n\nIgnored nodes: comments, script, style\n\u001b[36m<body>\u001b[39m\n  \u001b[36m<div />\u001b[39m\n\u001b[36m</body>\u001b[39m\n    at waitForWrapper (/dev-server/node_modules/@testing-library/dom/dist/wait-for.js:163:27)\n    at findAllByRole (/dev-server/node_modules/@testing-library/dom/dist/query-helpers.js:86:33)\n    at findFirstBubbleByLabel (/dev-server/src/components/cathedra/NexusBubbles.interaction.test.tsx:71:32)\n    at /dev-server/src/components/cathedra/NexusBubbles.interaction.test.tsx:181:22\n    at file:///dev-server/node_modules/@vitest/runner/dist/chunk-hooks.js:155:11\n    at file:///dev-server/node_modules/@vitest/runner/dist/chunk-hooks.js:752:26\n    at file:///dev-server/node_modules/@vitest/runner/dist/chunk-hooks.js:1897:20\n    at new Promise (<anonymous>)\n    at runWithTimeout (file:///dev-server/node_modules/@vitest/runner/dist/chunk-hooks.js:1863:10)\n    at runTest (file:///dev-server/node_modules/@vitest/runner/dist/chunk-hooks.js:1574:12)"],"meta":{}},{"ancestorTitles":["NexusBubbles - Bubble interactions"],"fullName":"NexusBubbles - Bubble interactions does not refetch a bubble whose content is already loaded when reopened","status":"failed","title":"does not refetch a bubble whose content is already loaded when reopened","duration":1005.5801419999989,"failureMessages":["Error: Unable to find role=\"button\" and name `/Tema: Oração/i`\n\nIgnored nodes: comments, script, style\n\u001b[36m<body>\u001b[39m\n  \u001b[36m<div />\u001b[39m\n\u001b[36m</body>\u001b[39m\n    at waitForWrapper (/dev-server/node_modules/@testing-library/dom/dist/wait-for.js:163:27)\n    at findAllByRole (/dev-server/node_modules/@testing-library/dom/dist/query-helpers.js:86:33)\n    at findFirstBubbleByLabel (/dev-server/src/components/cathedra/NexusBubbles.interaction.test.tsx:71:32)\n    at /dev-server/src/components/cathedra/NexusBubbles.interaction.test.tsx:211:26\n    at file:///dev-server/node_modules/@vitest/runner/dist/chunk-hooks.js:155:11\n    at file:///dev-server/node_modules/@vitest/runner/dist/chunk-hooks.js:752:26\n    at file:///dev-server/node_modules/@vitest/runner/dist/chunk-hooks.js:1897:20\n    at new Promise (<anonymous>)\n    at runWithTimeout (file:///dev-server/node_modules/@vitest/runner/dist/chunk-hooks.js:1863:10)\n    at runTest (file:///dev-server/node_modules/@vitest/runner/dist/chunk-hooks.js:1574:12)"],"meta":{}},{"ancestorTitles":["NexusBubbles - Bubble interactions"],"fullName":"NexusBubbles - Bubble interactions clicking different bubbles in sequence loads each one independently","status":"failed","title":"clicking different bubbles in sequence loads each one independently","duration":1006.7920109999995,"failureMessages":["Error: Unable to find role=\"button\" and name `/Tema: Amor/i`\n\nIgnored nodes: comments, script, style\n\u001b[36m<body>\u001b[39m\n  \u001b[36m<div />\u001b[39m\n\u001b[36m</body>\u001b[39m\n    at waitForWrapper (/dev-server/node_modules/@testing-library/dom/dist/wait-for.js:163:27)\n    at findAllByRole (/dev-server/node_modules/@testing-library/dom/dist/query-helpers.js:86:33)\n    at findFirstBubbleByLabel (/dev-server/src/components/cathedra/NexusBubbles.interaction.test.tsx:71:32)\n    at /dev-server/src/components/cathedra/NexusBubbles.interaction.test.tsx:263:24\n    at file:///dev-server/node_modules/@vitest/runner/dist/chunk-hooks.js:155:11\n    at file:///dev-server/node_modules/@vitest/runner/dist/chunk-hooks.js:752:26\n    at file:///dev-server/node_modules/@vitest/runner/dist/chunk-hooks.js:1897:20\n    at new Promise (<anonymous>)\n    at runWithTimeout (file:///dev-server/node_modules/@vitest/runner/dist/chunk-hooks.js:1863:10)\n    at runTest (file:///dev-server/node_modules/@vitest/runner/dist/chunk-hooks.js:1574:12)"],"meta":{}}],"startTime":1778813377368,"endTime":1778813383435.792,"status":"failed","message":"","name":"/dev-server/src/components/cathedra/NexusBubbles.interaction.test.tsx"},{"assertionResults":[{"ancestorTitles":["NexusBubbles - Integration Tests"],"fullName":"NexusBubbles - Integration Tests settles to non-loading state when search returns null","status":"failed","title":"settles to non-loading state when search returns null","duration":43.877214999999524,"failureMessages":["Error: useAuth must be used within an AuthProvider\n    at Module.useAuth (/dev-server/src/hooks/useAuth.ts:323:11)\n    at Module.useSpiritualProfile (/dev-server/src/hooks/useSpiritualProfile.ts:12:20)\n    at NexusBubbles (/dev-server/src/components/cathedra/NexusBubbles.tsx:348:40)\n    at renderWithHooks (/dev-server/node_modules/react-dom/cjs/react-dom.development.js:15486:18)\n    at mountIndeterminateComponent (/dev-server/node_modules/react-dom/cjs/react-dom.development.js:20103:13)\n    at beginWork (/dev-server/node_modules/react-dom/cjs/react-dom.development.js:21626:16)\n    at beginWork$1 (/dev-server/node_modules/react-dom/cjs/react-dom.development.js:27465:14)\n    at performUnitOfWork (/dev-server/node_modules/react-dom/cjs/react-dom.development.js:26599:12)\n    at workLoopSync (/dev-server/node_modules/react-dom/cjs/react-dom.development.js:26505:5)\n    at renderRootSync (/dev-server/node_modules/react-dom/cjs/react-dom.development.js:26473:7)"],"meta":{}},{"ancestorTitles":["NexusBubbles - Integration Tests"],"fullName":"NexusBubbles - Integration Tests displays fallback message when search returns no results","status":"failed","title":"displays fallback message when search returns no results","duration":6.276407999999719,"failureMessages":["Error: useAuth must be used within an AuthProvider\n    at Module.useAuth (/dev-server/src/hooks/useAuth.ts:323:11)\n    at Module.useSpiritualProfile (/dev-server/src/hooks/useSpiritualProfile.ts:12:20)\n    at NexusBubbles (/dev-server/src/components/cathedra/NexusBubbles.tsx:348:40)\n    at renderWithHooks (/dev-server/node_modules/react-dom/cjs/react-dom.development.js:15486:18)\n    at mountIndeterminateComponent (/dev-server/node_modules/react-dom/cjs/react-dom.development.js:20103:13)\n    at beginWork (/dev-server/node_modules/react-dom/cjs/react-dom.development.js:21626:16)\n    at beginWork$1 (/dev-server/node_modules/react-dom/cjs/react-dom.development.js:27465:14)\n    at performUnitOfWork (/dev-server/node_modules/react-dom/cjs/react-dom.development.js:26599:12)\n    at workLoopSync (/dev-server/node_modules/react-dom/cjs/react-dom.development.js:26505:5)\n    at renderRootSync (/dev-server/node_modules/react-dom/cjs/react-dom.development.js:26473:7)"],"meta":{}},{"ancestorTitles":["NexusBubbles - Integration Tests"],"fullName":"NexusBubbles - Integration Tests only shows category labels (Bíblia, Catecismo etc.) when they have content","status":"failed","title":"only shows category labels (Bíblia, Catecismo etc.) when they have content","duration":6.214093999999932,"failureMessages":["Error: useAuth must be used within an AuthProvider\n    at Module.useAuth (/dev-server/src/hooks/useAuth.ts:323:11)\n    at Module.useSpiritualProfile (/dev-server/src/hooks/useSpiritualProfile.ts:12:20)\n    at NexusBubbles (/dev-server/src/components/cathedra/NexusBubbles.tsx:348:40)\n    at renderWithHooks (/dev-server/node_modules/react-dom/cjs/react-dom.development.js:15486:18)\n    at mountIndeterminateComponent (/dev-server/node_modules/react-dom/cjs/react-dom.development.js:20103:13)\n    at beginWork (/dev-server/node_modules/react-dom/cjs/react-dom.development.js:21626:16)\n    at beginWork$1 (/dev-server/node_modules/react-dom/cjs/react-dom.development.js:27465:14)\n    at performUnitOfWork (/dev-server/node_modules/react-dom/cjs/react-dom.development.js:26599:12)\n    at workLoopSync (/dev-server/node_modules/react-dom/cjs/react-dom.development.js:26505:5)\n    at renderRootSync (/dev-server/node_modules/react-dom/cjs/react-dom.development.js:26473:7)"],"meta":{}}],"startTime":1778813377363,"endTime":1778813377419.214,"status":"failed","message":"","name":"/dev-server/src/components/cathedra/NexusBubbles.test.tsx"},{"assertionResults":[{"ancestorTitles":["<RelevanceBadge />"],"fullName":"<RelevanceBadge /> renders nothing when score is null","status":"passed","title":"renders nothing when score is null","duration":15.500480000000607,"failureMessages":[],"meta":{}},{"ancestorTitles":["<RelevanceBadge />"],"fullName":"<RelevanceBadge /> renders nothing when score is undefined","status":"passed","title":"renders nothing when score is undefined","duration":2.4988469999998415,"failureMessages":[],"meta":{}},{"ancestorTitles":["<RelevanceBadge />"],"fullName":"<RelevanceBadge /> renders nothing when score is 0","status":"passed","title":"renders nothing when score is 0","duration":2.3629760000003444,"failureMessages":[],"meta":{}},{"ancestorTitles":["<RelevanceBadge />"],"fullName":"<RelevanceBadge /> uses emerald tones at or above the 50% threshold","status":"passed","title":"uses emerald tones at or above the 50% threshold","duration":26.079862000000503,"failureMessages":[],"meta":{}},{"ancestorTitles":["<RelevanceBadge />"],"fullName":"<RelevanceBadge /> uses amber tones between 25% and 49%","status":"passed","title":"uses amber tones between 25% and 49%","duration":4.917811999999685,"failureMessages":[],"meta":{}},{"ancestorTitles":["<RelevanceBadge />"],"fullName":"<RelevanceBadge /> uses muted tones below 25%","status":"passed","title":"uses muted tones below 25%","duration":3.4210739999998623,"failureMessages":[],"meta":{}},{"ancestorTitles":["<RelevanceBadge />"],"fullName":"<RelevanceBadge /> applies the \"sm\" size variant by default","status":"failed","title":"applies the \"sm\" size variant by default","duration":13.379668000000493,"failureMessages":["AssertionError: expected 'inline-flex items-center gap-1 rounde…' to contain 'text-premium-tiny'\n    at /dev-server/src/components/cathedra/RelevanceBadge.test.tsx:44:29\n    at file:///dev-server/node_modules/@vitest/runner/dist/chunk-hooks.js:155:11\n    at file:///dev-server/node_modules/@vitest/runner/dist/chunk-hooks.js:752:26\n    at file:///dev-server/node_modules/@vitest/runner/dist/chunk-hooks.js:1897:20\n    at new Promise (<anonymous>)\n    at runWithTimeout (file:///dev-server/node_modules/@vitest/runner/dist/chunk-hooks.js:1863:10)\n    at runTest (file:///dev-server/node_modules/@vitest/runner/dist/chunk-hooks.js:1574:12)\n    at processTicksAndRejections (node:internal/process/task_queues:105:5)\n    at runSuite (file:///dev-server/node_modules/@vitest/runner/dist/chunk-hooks.js:1729:8)\n    at runSuite (file:///dev-server/node_modules/@vitest/runner/dist/chunk-hooks.js:1729:8)"],"meta":{}},{"ancestorTitles":["<RelevanceBadge />"],"fullName":"<RelevanceBadge /> applies the \"xs\" size variant when requested","status":"failed","title":"applies the \"xs\" size variant when requested","duration":7.267493000000286,"failureMessages":["AssertionError: expected 'inline-flex items-center gap-1 rounde…' to contain 'text-premium-tiny'\n    at /dev-server/src/components/cathedra/RelevanceBadge.test.tsx:51:29\n    at file:///dev-server/node_modules/@vitest/runner/dist/chunk-hooks.js:155:11\n    at file:///dev-server/node_modules/@vitest/runner/dist/chunk-hooks.js:752:26\n    at file:///dev-server/node_modules/@vitest/runner/dist/chunk-hooks.js:1897:20\n    at new Promise (<anonymous>)\n    at runWithTimeout (file:///dev-server/node_modules/@vitest/runner/dist/chunk-hooks.js:1863:10)\n    at runTest (file:///dev-server/node_modules/@vitest/runner/dist/chunk-hooks.js:1574:12)\n    at processTicksAndRejections (node:internal/process/task_queues:105:5)\n    at runSuite (file:///dev-server/node_modules/@vitest/runner/dist/chunk-hooks.js:1729:8)\n    at runSuite (file:///dev-server/node_modules/@vitest/runner/dist/chunk-hooks.js:1729:8)"],"meta":{}},{"ancestorTitles":["<RelevanceBadge />"],"fullName":"<RelevanceBadge /> exposes an accessible aria-label and tooltip with the percentage","status":"passed","title":"exposes an accessible aria-label and tooltip with the percentage","duration":5.646606999999676,"failureMessages":[],"meta":{}},{"ancestorTitles":["<RelevanceBadge />"],"fullName":"<RelevanceBadge /> forwards extra className for positioning","status":"passed","title":"forwards extra className for positioning","duration":2.66957100000036,"failureMessages":[],"meta":{}},{"ancestorTitles":["<RelevanceBadge />"],"fullName":"<RelevanceBadge /> clamps percentages above 100%","status":"passed","title":"clamps percentages above 100%","duration":2.368666000000303,"failureMessages":[],"meta":{}}],"startTime":1778813382040,"endTime":1778813382126.3687,"status":"failed","message":"","name":"/dev-server/src/components/cathedra/RelevanceBadge.test.tsx"},{"assertionResults":[],"startTime":1778813369734,"endTime":1778813369734,"status":"failed","message":"Cannot read properties of undefined (reading 'displayName')","name":"/dev-server/src/components/cathedra/SearchResultCard.test.tsx"},{"assertionResults":[{"ancestorTitles":["TemaDetailPage - Advanced Integration Tests"],"fullName":"TemaDetailPage - Advanced Integration Tests validates accessibility roles and attributes for Tabs","status":"failed","title":"validates accessibility roles and attributes for Tabs","duration":60.98568599999999,"failureMessages":["Error: useAuth must be used within an AuthProvider\n    at Module.useAuth (/dev-server/src/hooks/useAuth.ts:323:11)\n    at Module.useSpiritualProfile (/dev-server/src/hooks/useSpiritualProfile.ts:12:20)\n    at TemaDetailPage (/dev-server/src/components/cathedra/TemaDetailPage.tsx:197:25)\n    at renderWithHooks (/dev-server/node_modules/react-dom/cjs/react-dom.development.js:15486:18)\n    at mountIndeterminateComponent (/dev-server/node_modules/react-dom/cjs/react-dom.development.js:20103:13)\n    at beginWork (/dev-server/node_modules/react-dom/cjs/react-dom.development.js:21626:16)\n    at beginWork$1 (/dev-server/node_modules/react-dom/cjs/react-dom.development.js:27465:14)\n    at performUnitOfWork (/dev-server/node_modules/react-dom/cjs/react-dom.development.js:26599:12)\n    at workLoopSync (/dev-server/node_modules/react-dom/cjs/react-dom.development.js:26505:5)\n    at renderRootSync (/dev-server/node_modules/react-dom/cjs/react-dom.development.js:26473:7)"],"meta":{}},{"ancestorTitles":["TemaDetailPage - Advanced Integration Tests"],"fullName":"TemaDetailPage - Advanced Integration Tests ensures skeleton is correctly placed within active tab content","status":"failed","title":"ensures skeleton is correctly placed within active tab content","duration":8.214540000000852,"failureMessages":["Error: useAuth must be used within an AuthProvider\n    at Module.useAuth (/dev-server/src/hooks/useAuth.ts:323:11)\n    at Module.useSpiritualProfile (/dev-server/src/hooks/useSpiritualProfile.ts:12:20)\n    at TemaDetailPage (/dev-server/src/components/cathedra/TemaDetailPage.tsx:197:25)\n    at renderWithHooks (/dev-server/node_modules/react-dom/cjs/react-dom.development.js:15486:18)\n    at mountIndeterminateComponent (/dev-server/node_modules/react-dom/cjs/react-dom.development.js:20103:13)\n    at beginWork (/dev-server/node_modules/react-dom/cjs/react-dom.development.js:21626:16)\n    at beginWork$1 (/dev-server/node_modules/react-dom/cjs/react-dom.development.js:27465:14)\n    at performUnitOfWork (/dev-server/node_modules/react-dom/cjs/react-dom.development.js:26599:12)\n    at workLoopSync (/dev-server/node_modules/react-dom/cjs/react-dom.development.js:26505:5)\n    at renderRootSync (/dev-server/node_modules/react-dom/cjs/react-dom.development.js:26473:7)"],"meta":{}},{"ancestorTitles":["TemaDetailPage - Advanced Integration Tests"],"fullName":"TemaDetailPage - Advanced Integration Tests verifies that category limits are maintained","status":"failed","title":"verifies that category limits are maintained","duration":7.237576999999874,"failureMessages":["Error: useAuth must be used within an AuthProvider\n    at Module.useAuth (/dev-server/src/hooks/useAuth.ts:323:11)\n    at Module.useSpiritualProfile (/dev-server/src/hooks/useSpiritualProfile.ts:12:20)\n    at TemaDetailPage (/dev-server/src/components/cathedra/TemaDetailPage.tsx:197:25)\n    at renderWithHooks (/dev-server/node_modules/react-dom/cjs/react-dom.development.js:15486:18)\n    at mountIndeterminateComponent (/dev-server/node_modules/react-dom/cjs/react-dom.development.js:20103:13)\n    at beginWork (/dev-server/node_modules/react-dom/cjs/react-dom.development.js:21626:16)\n    at beginWork$1 (/dev-server/node_modules/react-dom/cjs/react-dom.development.js:27465:14)\n    at performUnitOfWork (/dev-server/node_modules/react-dom/cjs/react-dom.development.js:26599:12)\n    at workLoopSync (/dev-server/node_modules/react-dom/cjs/react-dom.development.js:26505:5)\n    at renderRootSync (/dev-server/node_modules/react-dom/cjs/react-dom.development.js:26473:7)"],"meta":{}},{"ancestorTitles":["TemaDetailPage - Advanced Integration Tests"],"fullName":"TemaDetailPage - Advanced Integration Tests simulates fetch abort and ensures UI stability","status":"failed","title":"simulates fetch abort and ensures UI stability","duration":5.666493000000628,"failureMessages":["Error: useAuth must be used within an AuthProvider\n    at Module.useAuth (/dev-server/src/hooks/useAuth.ts:323:11)\n    at Module.useSpiritualProfile (/dev-server/src/hooks/useSpiritualProfile.ts:12:20)\n    at TemaDetailPage (/dev-server/src/components/cathedra/TemaDetailPage.tsx:197:25)\n    at renderWithHooks (/dev-server/node_modules/react-dom/cjs/react-dom.development.js:15486:18)\n    at mountIndeterminateComponent (/dev-server/node_modules/react-dom/cjs/react-dom.development.js:20103:13)\n    at beginWork (/dev-server/node_modules/react-dom/cjs/react-dom.development.js:21626:16)\n    at beginWork$1 (/dev-server/node_modules/react-dom/cjs/react-dom.development.js:27465:14)\n    at performUnitOfWork (/dev-server/node_modules/react-dom/cjs/react-dom.development.js:26599:12)\n    at workLoopSync (/dev-server/node_modules/react-dom/cjs/react-dom.development.js:26505:5)\n    at renderRootSync (/dev-server/node_modules/react-dom/cjs/react-dom.development.js:26473:7)"],"meta":{}}],"startTime":1778813378471,"endTime":1778813378552.6665,"status":"failed","message":"","name":"/dev-server/src/components/cathedra/TemaDetailPage.advanced.test.tsx"},{"assertionResults":[{"ancestorTitles":["TemaDetailPage - Bubble interactions"],"fullName":"TemaDetailPage - Bubble interactions renders related themes as TagBubbles and opens popover on click","status":"failed","title":"renders related themes as TagBubbles and opens popover on click","duration":99.65704399999959,"failureMessages":["Error: Element type is invalid: expected a string (for built-in components) or a class/function (for composite components) but got: undefined. You likely forgot to export your component from the file it's defined in, or you might have mixed up default and named imports.\n\nCheck the render method of `TemaDetailPage`.\n    at createFiberFromTypeAndProps (/dev-server/node_modules/react-dom/cjs/react-dom.development.js:28478:17)\n    at createFiberFromElement (/dev-server/node_modules/react-dom/cjs/react-dom.development.js:28504:15)\n    at createChild (/dev-server/node_modules/react-dom/cjs/react-dom.development.js:13345:28)\n    at reconcileChildrenArray (/dev-server/node_modules/react-dom/cjs/react-dom.development.js:13640:25)\n    at reconcileChildFibers (/dev-server/node_modules/react-dom/cjs/react-dom.development.js:14057:16)\n    at reconcileChildren (/dev-server/node_modules/react-dom/cjs/react-dom.development.js:19186:28)\n    at updateHostComponent (/dev-server/node_modules/react-dom/cjs/react-dom.development.js:19953:3)\n    at beginWork (/dev-server/node_modules/react-dom/cjs/react-dom.development.js:21657:14)\n    at beginWork$1 (/dev-server/node_modules/react-dom/cjs/react-dom.development.js:27465:14)\n    at performUnitOfWork (/dev-server/node_modules/react-dom/cjs/react-dom.development.js:26599:12)"],"meta":{}},{"ancestorTitles":["TemaDetailPage - Bubble interactions"],"fullName":"TemaDetailPage - Bubble interactions shows error message and retry button when content fetching fails in TemaDetailPage","status":"failed","title":"shows error message and retry button when content fetching fails in TemaDetailPage","duration":24.62270399999943,"failureMessages":["Error: Element type is invalid: expected a string (for built-in components) or a class/function (for composite components) but got: undefined. You likely forgot to export your component from the file it's defined in, or you might have mixed up default and named imports.\n\nCheck the render method of `TemaDetailPage`.\n    at createFiberFromTypeAndProps (/dev-server/node_modules/react-dom/cjs/react-dom.development.js:28478:17)\n    at createFiberFromElement (/dev-server/node_modules/react-dom/cjs/react-dom.development.js:28504:15)\n    at createChild (/dev-server/node_modules/react-dom/cjs/react-dom.development.js:13345:28)\n    at reconcileChildrenArray (/dev-server/node_modules/react-dom/cjs/react-dom.development.js:13640:25)\n    at reconcileChildFibers (/dev-server/node_modules/react-dom/cjs/react-dom.development.js:14057:16)\n    at reconcileChildren (/dev-server/node_modules/react-dom/cjs/react-dom.development.js:19186:28)\n    at updateHostComponent (/dev-server/node_modules/react-dom/cjs/react-dom.development.js:19953:3)\n    at beginWork (/dev-server/node_modules/react-dom/cjs/react-dom.development.js:21657:14)\n    at beginWork$1 (/dev-server/node_modules/react-dom/cjs/react-dom.development.js:27465:14)\n    at performUnitOfWork (/dev-server/node_modules/react-dom/cjs/react-dom.development.js:26599:12)"],"meta":{}}],"startTime":1778813377427,"endTime":1778813377551.6228,"status":"failed","message":"","name":"/dev-server/src/components/cathedra/TemaDetailPage.interaction.test.tsx"},{"assertionResults":[{"ancestorTitles":["TemaDetailPage - Keyboard Navigation Integration Tests"],"fullName":"TemaDetailPage - Keyboard Navigation Integration Tests navigates between tabs using Arrow keys and validates content updates","status":"failed","title":"navigates between tabs using Arrow keys and validates content updates","duration":52.93688799999927,"failureMessages":["Error: useAuth must be used within an AuthProvider\n    at Module.useAuth (/dev-server/src/hooks/useAuth.ts:323:11)\n    at Module.useSpiritualProfile (/dev-server/src/hooks/useSpiritualProfile.ts:12:20)\n    at TemaDetailPage (/dev-server/src/components/cathedra/TemaDetailPage.tsx:197:25)\n    at renderWithHooks (/dev-server/node_modules/react-dom/cjs/react-dom.development.js:15486:18)\n    at mountIndeterminateComponent (/dev-server/node_modules/react-dom/cjs/react-dom.development.js:20103:13)\n    at beginWork (/dev-server/node_modules/react-dom/cjs/react-dom.development.js:21626:16)\n    at beginWork$1 (/dev-server/node_modules/react-dom/cjs/react-dom.development.js:27465:14)\n    at performUnitOfWork (/dev-server/node_modules/react-dom/cjs/react-dom.development.js:26599:12)\n    at workLoopSync (/dev-server/node_modules/react-dom/cjs/react-dom.development.js:26505:5)\n    at renderRootSync (/dev-server/node_modules/react-dom/cjs/react-dom.development.js:26473:7)"],"meta":{}},{"ancestorTitles":["TemaDetailPage - Keyboard Navigation Integration Tests"],"fullName":"TemaDetailPage - Keyboard Navigation Integration Tests handles error state and retry button via keyboard","status":"failed","title":"handles error state and retry button via keyboard","duration":9.219552999999905,"failureMessages":["Error: useAuth must be used within an AuthProvider\n    at Module.useAuth (/dev-server/src/hooks/useAuth.ts:323:11)\n    at Module.useSpiritualProfile (/dev-server/src/hooks/useSpiritualProfile.ts:12:20)\n    at TemaDetailPage (/dev-server/src/components/cathedra/TemaDetailPage.tsx:197:25)\n    at renderWithHooks (/dev-server/node_modules/react-dom/cjs/react-dom.development.js:15486:18)\n    at mountIndeterminateComponent (/dev-server/node_modules/react-dom/cjs/react-dom.development.js:20103:13)\n    at beginWork (/dev-server/node_modules/react-dom/cjs/react-dom.development.js:21626:16)\n    at beginWork$1 (/dev-server/node_modules/react-dom/cjs/react-dom.development.js:27465:14)\n    at performUnitOfWork (/dev-server/node_modules/react-dom/cjs/react-dom.development.js:26599:12)\n    at workLoopSync (/dev-server/node_modules/react-dom/cjs/react-dom.development.js:26505:5)\n    at renderRootSync (/dev-server/node_modules/react-dom/cjs/react-dom.development.js:26473:7)"],"meta":{}},{"ancestorTitles":["TemaDetailPage - Keyboard Navigation Integration Tests"],"fullName":"TemaDetailPage - Keyboard Navigation Integration Tests shows skeletons during keyboard-triggered navigation","status":"failed","title":"shows skeletons during keyboard-triggered navigation","duration":7.016889000000447,"failureMessages":["Error: useAuth must be used within an AuthProvider\n    at Module.useAuth (/dev-server/src/hooks/useAuth.ts:323:11)\n    at Module.useSpiritualProfile (/dev-server/src/hooks/useSpiritualProfile.ts:12:20)\n    at TemaDetailPage (/dev-server/src/components/cathedra/TemaDetailPage.tsx:197:25)\n    at renderWithHooks (/dev-server/node_modules/react-dom/cjs/react-dom.development.js:15486:18)\n    at mountIndeterminateComponent (/dev-server/node_modules/react-dom/cjs/react-dom.development.js:20103:13)\n    at beginWork (/dev-server/node_modules/react-dom/cjs/react-dom.development.js:21626:16)\n    at beginWork$1 (/dev-server/node_modules/react-dom/cjs/react-dom.development.js:27465:14)\n    at performUnitOfWork (/dev-server/node_modules/react-dom/cjs/react-dom.development.js:26599:12)\n    at workLoopSync (/dev-server/node_modules/react-dom/cjs/react-dom.development.js:26505:5)\n    at renderRootSync (/dev-server/node_modules/react-dom/cjs/react-dom.development.js:26473:7)"],"meta":{}}],"startTime":1778813377786,"endTime":1778813377855.0168,"status":"failed","message":"","name":"/dev-server/src/components/cathedra/TemaDetailPage.keyboard.test.tsx"},{"assertionResults":[{"ancestorTitles":["TemaDetailPage - Integration Tests"],"fullName":"TemaDetailPage - Integration Tests displays error message with \"Try Again\" button when fetch fails","status":"failed","title":"displays error message with \"Try Again\" button when fetch fails","duration":52.566138999999566,"failureMessages":["Error: useAuth must be used within an AuthProvider\n    at Module.useAuth (/dev-server/src/hooks/useAuth.ts:323:11)\n    at Module.useSpiritualProfile (/dev-server/src/hooks/useSpiritualProfile.ts:12:20)\n    at TemaDetailPage (/dev-server/src/components/cathedra/TemaDetailPage.tsx:197:25)\n    at renderWithHooks (/dev-server/node_modules/react-dom/cjs/react-dom.development.js:15486:18)\n    at mountIndeterminateComponent (/dev-server/node_modules/react-dom/cjs/react-dom.development.js:20103:13)\n    at beginWork (/dev-server/node_modules/react-dom/cjs/react-dom.development.js:21626:16)\n    at beginWork$1 (/dev-server/node_modules/react-dom/cjs/react-dom.development.js:27465:14)\n    at performUnitOfWork (/dev-server/node_modules/react-dom/cjs/react-dom.development.js:26599:12)\n    at workLoopSync (/dev-server/node_modules/react-dom/cjs/react-dom.development.js:26505:5)\n    at renderRootSync (/dev-server/node_modules/react-dom/cjs/react-dom.development.js:26473:7)"],"meta":{}},{"ancestorTitles":["TemaDetailPage - Integration Tests"],"fullName":"TemaDetailPage - Integration Tests renders specific empty states for each category and ensures no leaking labels","status":"failed","title":"renders specific empty states for each category and ensures no leaking labels","duration":7.294796999999562,"failureMessages":["Error: useAuth must be used within an AuthProvider\n    at Module.useAuth (/dev-server/src/hooks/useAuth.ts:323:11)\n    at Module.useSpiritualProfile (/dev-server/src/hooks/useSpiritualProfile.ts:12:20)\n    at TemaDetailPage (/dev-server/src
[...]
"passed","title":"does not fire onClick when loading","duration":5.931201999999757,"failureMessages":[],"meta":{}}],"startTime":1778813382065,"endTime":1778813382200.9312,"status":"passed","message":"","name":"/dev-server/src/components/ui/button.test.tsx"},{"assertionResults":[{"ancestorTitles":["Audit History Pagination & Filtering Logic"],"fullName":"Audit History Pagination & Filtering Logic should return 20 items for the first page","status":"passed","title":"should return 20 items for the first page","duration":2.635761999999886,"failureMessages":[],"meta":{}},{"ancestorTitles":["Audit History Pagination & Filtering Logic"],"fullName":"Audit History Pagination & Filtering Logic should return remaining items for the second page","status":"passed","title":"should return remaining items for the second page","duration":0.976607999999942,"failureMessages":[],"meta":{}},{"ancestorTitles":["Audit History Pagination & Filtering Logic"],"fullName":"Audit History Pagination & Filtering Logic should filter by admin email","status":"passed","title":"should filter by admin email","duration":1.722751000000244,"failureMessages":[],"meta":{}},{"ancestorTitles":["Audit History Pagination & Filtering Logic"],"fullName":"Audit History Pagination & Filtering Logic should block non-admins from fetching logs","status":"passed","title":"should block non-admins from fetching logs","duration":0.17126199999984237,"failureMessages":[],"meta":{}}],"startTime":1778813374293,"endTime":1778813374299.1711,"status":"passed","message":"","name":"/dev-server/src/components/cathedra/__tests__/AuditHistory.test.ts"},{"assertionResults":[{"ancestorTitles":["Cleanup Security Logic"],"fullName":"Cleanup Security Logic should block non-admins","status":"passed","title":"should block non-admins","duration":4.083408999999847,"failureMessages":[],"meta":{}},{"ancestorTitles":["Cleanup Security Logic"],"fullName":"Cleanup Security Logic should require exactly \"CONFIRMAR\" string","status":"passed","title":"should require exactly \"CONFIRMAR\" string","duration":0.6775959999995393,"failureMessages":[],"meta":{}},{"ancestorTitles":["Cleanup Security Logic"],"fullName":"Cleanup Security Logic should require valid period","status":"passed","title":"should require valid period","duration":0.5348650000005364,"failureMessages":[],"meta":{}},{"ancestorTitles":["Cleanup Security Logic"],"fullName":"Cleanup Security Logic should execute cleanup for admins with correct confirmation and dates","status":"passed","title":"should execute cleanup for admins with correct confirmation and dates","duration":1.8486759999996139,"failureMessages":[],"meta":{}}],"startTime":1778813374290,"endTime":1778813374297.8486,"status":"passed","message":"","name":"/dev-server/src/components/cathedra/__tests__/CleanupSecurity.test.ts"},{"assertionResults":[{"ancestorTitles":["JSON Recursive Filter"],"fullName":"JSON Recursive Filter should find top level matches","status":"passed","title":"should find top level matches","duration":1.5648240000000442,"failureMessages":[],"meta":{}},{"ancestorTitles":["JSON Recursive Filter"],"fullName":"JSON Recursive Filter should find nested matches and preserve path","status":"passed","title":"should find nested matches and preserve path","duration":0.39354000000003,"failureMessages":[],"meta":{}},{"ancestorTitles":["JSON Recursive Filter"],"fullName":"JSON Recursive Filter should find matches in arrays","status":"passed","title":"should find matches in arrays","duration":0.8276949999999488,"failureMessages":[],"meta":{}},{"ancestorTitles":["JSON Recursive Filter"],"fullName":"JSON Recursive Filter should handle case insensitivity","status":"passed","title":"should handle case insensitivity","duration":0.2619140000006155,"failureMessages":[],"meta":{}},{"ancestorTitles":["JSON Recursive Filter"],"fullName":"JSON Recursive Filter should return undefined if no match is found","status":"passed","title":"should return undefined if no match is found","duration":0.1453799999999319,"failureMessages":[],"meta":{}}],"startTime":1778813381048,"endTime":1778813381051.1453,"status":"passed","message":"","name":"/dev-server/src/components/cathedra/__tests__/JSONSearch.test.ts"},{"assertionResults":[],"startTime":1778813369734,"endTime":1778813369734,"status":"failed","message":"  x 'const' declarations must be initialized\n    ,-[/dev-server/src/components/cathedra/CathedraCard.tsx:54:1]\n 51 | \n 52 | CathedraCard.displayName = \"CathedraCard\";\n 53 | \n 54 | const CathedraCathedraCardHeader as CardHeader = ({ className, ...props }: React.HTMLAttributes<HTMLDivElement>) => (\n    :       ^^^^^^^^^^^^^^^^^^^^^^^^^^\n 55 |   <div className={cn(\"flex flex-col space-y-1.5 p-0 mb-6\", className)} {...props} />\n 56 | );\n    `----\n  x Expected a semicolon\n    ,-[/dev-server/src/components/cathedra/CathedraCard.tsx:54:1]\n 51 | \n 52 | CathedraCard.displayName = \"CathedraCard\";\n 53 | \n 54 | const CathedraCathedraCardHeader as CardHeader = ({ className, ...props }: React.HTMLAttributes<HTMLDivElement>) => (\n    :                                  ^^\n 55 |   <div className={cn(\"flex flex-col space-y-1.5 p-0 mb-6\", className)} {...props} />\n 56 | );\n    `----\n  x Expression expected\n    ,-[/dev-server/src/components/cathedra/CathedraCard.tsx:54:1]\n 51 | \n 52 | CathedraCard.displayName = \"CathedraCard\";\n 53 | \n 54 | const CathedraCathedraCardHeader as CardHeader = ({ className, ...props }: React.HTMLAttributes<HTMLDivElement>) => (\n    :                                                                         ^\n 55 |   <div className={cn(\"flex flex-col space-y-1.5 p-0 mb-6\", className)} {...props} />\n 56 | );\n    `----\n\n\nCaused by:\n    Syntax Error\n\nStack backtrace:\n   0: <unknown>\n   1: <unknown>\n   2: <unknown>\n   3: <unknown>\n   4: <unknown>\n   5: <unknown>\n   6: <unknown>\n   7: <unknown>\n   8: <unknown>\n   9: _ZZN4node14ThreadPoolWork12ScheduleWorkEvENUlP9uv_work_sE_4_FUNES2_\n  10: worker\n  11: start_thread\n  12: __clone3","name":"/dev-server/src/components/cathedra/__tests__/Navigation.test.tsx"},{"assertionResults":[{"ancestorTitles":["SellerDashboard Component"],"fullName":"SellerDashboard Component deve renderizar a rota do vendedor e validar a presença dos componentes Histórico da Carteira e Solicitações de Saque","status":"failed","title":"deve renderizar a rota do vendedor e validar a presença dos componentes Histórico da Carteira e Solicitações de Saque","duration":52.42320500000005,"failureMessages":["Error: Element type is invalid: expected a string (for built-in components) or a class/function (for composite components) but got: undefined. You likely forgot to export your component from the file it's defined in, or you might have mixed up default and named imports.\n\nCheck the render method of `WalletHistory`.\n    at createFiberFromTypeAndProps (/dev-server/node_modules/react-dom/cjs/react-dom.development.js:28478:17)\n    at createFiberFromElement (/dev-server/node_modules/react-dom/cjs/react-dom.development.js:28504:15)\n    at reconcileSingleElement (/dev-server/node_modules/react-dom/cjs/react-dom.development.js:13986:23)\n    at reconcileChildFibers (/dev-server/node_modules/react-dom/cjs/react-dom.development.js:14044:35)\n    at reconcileChildren (/dev-server/node_modules/react-dom/cjs/react-dom.development.js:19186:28)\n    at mountIndeterminateComponent (/dev-server/node_modules/react-dom/cjs/react-dom.development.js:20186:5)\n    at beginWork (/dev-server/node_modules/react-dom/cjs/react-dom.development.js:21626:16)\n    at beginWork$1 (/dev-server/node_modules/react-dom/cjs/react-dom.development.js:27465:14)\n    at performUnitOfWork (/dev-server/node_modules/react-dom/cjs/react-dom.development.js:26599:12)\n    at workLoopSync (/dev-server/node_modules/react-dom/cjs/react-dom.development.js:26505:5)"],"meta":{}}],"startTime":1778813384237,"endTime":1778813384289.423,"status":"failed","message":"","name":"/dev-server/src/components/cathedra/__tests__/SellerDashboard.test.tsx"},{"assertionResults":[],"startTime":1778813369734,"endTime":1778813369734,"status":"failed","message":"  x 'const' declarations must be initialized\n    ,-[/dev-server/src/components/cathedra/CathedraCard.tsx:54:1]\n 51 | \n 52 | CathedraCard.displayName = \"CathedraCard\";\n 53 | \n 54 | const CathedraCathedraCardHeader as CardHeader = ({ className, ...props }: React.HTMLAttributes<HTMLDivElement>) => (\n    :       ^^^^^^^^^^^^^^^^^^^^^^^^^^\n 55 |   <div className={cn(\"flex flex-col space-y-1.5 p-0 mb-6\", className)} {...props} />\n 56 | );\n    `----\n  x Expected a semicolon\n    ,-[/dev-server/src/components/cathedra/CathedraCard.tsx:54:1]\n 51 | \n 52 | CathedraCard.displayName = \"CathedraCard\";\n 53 | \n 54 | const CathedraCathedraCardHeader as CardHeader = ({ className, ...props }: React.HTMLAttributes<HTMLDivElement>) => (\n    :                                  ^^\n 55 |   <div className={cn(\"flex flex-col space-y-1.5 p-0 mb-6\", className)} {...props} />\n 56 | );\n    `----\n  x Expression expected\n    ,-[/dev-server/src/components/cathedra/CathedraCard.tsx:54:1]\n 51 | \n 52 | CathedraCard.displayName = \"CathedraCard\";\n 53 | \n 54 | const CathedraCathedraCardHeader as CardHeader = ({ className, ...props }: React.HTMLAttributes<HTMLDivElement>) => (\n    :                                                                         ^\n 55 |   <div className={cn(\"flex flex-col space-y-1.5 p-0 mb-6\", className)} {...props} />\n 56 | );\n    `----\n\n\nCaused by:\n    Syntax Error\n\nStack backtrace:\n   0: <unknown>\n   1: <unknown>\n   2: <unknown>\n   3: <unknown>\n   4: <unknown>\n   5: <unknown>\n   6: <unknown>\n   7: <unknown>\n   8: <unknown>\n   9: _ZZN4node14ThreadPoolWork12ScheduleWorkEvENUlP9uv_work_sE_4_FUNES2_\n  10: worker\n  11: start_thread\n  12: __clone3","name":"/dev-server/src/components/cathedra/__tests__/VisualConsistency.test.tsx"},{"assertionResults":[],"startTime":1778813369734,"endTime":1778813369734,"status":"failed","message":"Playwright Test did not expect test.describe() to be called here.\nMost common reasons include:\n- You are calling test.describe() in a configuration file.\n- You are calling test.describe() in a file that is imported by the configuration file.\n- You have two different versions of @playwright/test. This usually happens\n  when one of the dependencies in your package.json depends on @playwright/test.","name":"/dev-server/src/components/cathedra/__tests__/VisualRegression.test.ts"},{"assertionResults":[{"ancestorTitles":["Supabase Client Environment"],"fullName":"Supabase Client Environment should initialize without errors when window is undefined (CI/SSR)","status":"passed","title":"should initialize without errors when window is undefined (CI/SSR)","duration":243.7089649999998,"failureMessages":[],"meta":{}},{"ancestorTitles":["Supabase Client Environment"],"fullName":"Supabase Client Environment should use custom storage that handles missing localStorage safely","status":"passed","title":"should use custom storage that handles missing localStorage safely","duration":13.582817999999861,"failureMessages":[],"meta":{}},{"ancestorTitles":["Supabase Client Environment"],"fullName":"Supabase Client Environment should warn or error if environment variables are missing but not crash","status":"passed","title":"should warn or error if environment variables are missing but not crash","duration":13.172019999999975,"failureMessages":[],"meta":{}}],"startTime":1778813385366,"endTime":1778813385637.172,"status":"passed","message":"","name":"/dev-server/src/integrations/supabase/__tests__/client.test.ts"},{"assertionResults":[{"ancestorTitles":["InstitutionalVideoSection Accessibility"],"fullName":"InstitutionalVideoSection Accessibility opens modal on play button click and focuses close button","status":"failed","title":"opens modal on play button click and focuses close button","duration":61.050216999999975,"failureMessages":["Error: Element type is invalid: expected a string (for built-in components) or a class/function (for composite components) but got: undefined. You likely forgot to export your component from the file it's defined in, or you might have mixed up default and named imports.\n\nCheck the render method of `InstitutionalVideoSection`.\n    at createFiberFromTypeAndProps (/dev-server/node_modules/react-dom/cjs/react-dom.development.js:28478:17)\n    at createFiberFromElement (/dev-server/node_modules/react-dom/cjs/react-dom.development.js:28504:15)\n    at createChild (/dev-server/node_modules/react-dom/cjs/react-dom.development.js:13345:28)\n    at reconcileChildrenArray (/dev-server/node_modules/react-dom/cjs/react-dom.development.js:13640:25)\n    at reconcileChildFibers (/dev-server/node_modules/react-dom/cjs/react-dom.development.js:14057:16)\n    at reconcileChildren (/dev-server/node_modules/react-dom/cjs/react-dom.development.js:19186:28)\n    at updateHostComponent (/dev-server/node_modules/react-dom/cjs/react-dom.development.js:19953:3)\n    at beginWork (/dev-server/node_modules/react-dom/cjs/react-dom.development.js:21657:14)\n    at beginWork$1 (/dev-server/node_modules/react-dom/cjs/react-dom.development.js:27465:14)\n    at performUnitOfWork (/dev-server/node_modules/react-dom/cjs/react-dom.development.js:26599:12)"],"meta":{}},{"ancestorTitles":["InstitutionalVideoSection Accessibility"],"fullName":"InstitutionalVideoSection Accessibility sets scroll lock when modal is open","status":"failed","title":"sets scroll lock when modal is open","duration":10.433705999999802,"failureMessages":["Error: Element type is invalid: expected a string (for built-in components) or a class/function (for composite components) but got: undefined. You likely forgot to export your component from the file it's defined in, or you might have mixed up default and named imports.\n\nCheck the render method of `InstitutionalVideoSection`.\n    at createFiberFromTypeAndProps (/dev-server/node_modules/react-dom/cjs/react-dom.development.js:28478:17)\n    at createFiberFromElement (/dev-server/node_modules/react-dom/cjs/react-dom.development.js:28504:15)\n    at createChild (/dev-server/node_modules/react-dom/cjs/react-dom.development.js:13345:28)\n    at reconcileChildrenArray (/dev-server/node_modules/react-dom/cjs/react-dom.development.js:13640:25)\n    at reconcileChildFibers (/dev-server/node_modules/react-dom/cjs/react-dom.development.js:14057:16)\n    at reconcileChildren (/dev-server/node_modules/react-dom/cjs/react-dom.development.js:19186:28)\n    at updateHostComponent (/dev-server/node_modules/react-dom/cjs/react-dom.development.js:19953:3)\n    at beginWork (/dev-server/node_modules/react-dom/cjs/react-dom.development.js:21657:14)\n    at beginWork$1 (/dev-server/node_modules/react-dom/cjs/react-dom.development.js:27465:14)\n    at performUnitOfWork (/dev-server/node_modules/react-dom/cjs/react-dom.development.js:26599:12)"],"meta":{}},{"ancestorTitles":["InstitutionalVideoSection Accessibility"],"fullName":"InstitutionalVideoSection Accessibility closes modal on Escape key","status":"failed","title":"closes modal on Escape key","duration":8.000537999999324,"failureMessages":["Error: Element type is invalid: expected a string (for built-in components) or a class/function (for composite components) but got: undefined. You likely forgot to export your component from the file it's defined in, or you might have mixed up default and named imports.\n\nCheck the render method of `InstitutionalVideoSection`.\n    at createFiberFromTypeAndProps (/dev-server/node_modules/react-dom/cjs/react-dom.development.js:28478:17)\n    at createFiberFromElement (/dev-server/node_modules/react-dom/cjs/react-dom.development.js:28504:15)\n    at createChild (/dev-server/node_modules/react-dom/cjs/react-dom.development.js:13345:28)\n    at reconcileChildrenArray (/dev-server/node_modules/react-dom/cjs/react-dom.development.js:13640:25)\n    at reconcileChildFibers (/dev-server/node_modules/react-dom/cjs/react-dom.development.js:14057:16)\n    at reconcileChildren (/dev-server/node_modules/react-dom/cjs/react-dom.development.js:19186:28)\n    at updateHostComponent (/dev-server/node_modules/react-dom/cjs/react-dom.development.js:19953:3)\n    at beginWork (/dev-server/node_modules/react-dom/cjs/react-dom.development.js:21657:14)\n    at beginWork$1 (/dev-server/node_modules/react-dom/cjs/react-dom.development.js:27465:14)\n    at performUnitOfWork (/dev-server/node_modules/react-dom/cjs/react-dom.development.js:26599:12)"],"meta":{}},{"ancestorTitles":["InstitutionalVideoSection Accessibility"],"fullName":"InstitutionalVideoSection Accessibility persists playback position in localStorage","status":"failed","title":"persists playback position in localStorage","duration":9.396743999999671,"failureMessages":["Error: Element type is invalid: expected a string (for built-in components) or a class/function (for composite components) but got: undefined. You likely forgot to export your component from the file it's defined in, or you might have mixed up default and named imports.\n\nCheck the render method of `InstitutionalVideoSection`.\n    at createFiberFromTypeAndProps (/dev-server/node_modules/react-dom/cjs/react-dom.development.js:28478:17)\n    at createFiberFromElement (/dev-server/node_modules/react-dom/cjs/react-dom.development.js:28504:15)\n    at createChild (/dev-server/node_modules/react-dom/cjs/react-dom.development.js:13345:28)\n    at reconcileChildrenArray (/dev-server/node_modules/react-dom/cjs/react-dom.development.js:13640:25)\n    at reconcileChildFibers (/dev-server/node_modules/react-dom/cjs/react-dom.development.js:14057:16)\n    at reconcileChildren (/dev-server/node_modules/react-dom/cjs/react-dom.development.js:19186:28)\n    at updateHostComponent (/dev-server/node_modules/react-dom/cjs/react-dom.development.js:19953:3)\n    at beginWork (/dev-server/node_modules/react-dom/cjs/react-dom.development.js:21657:14)\n    at beginWork$1 (/dev-server/node_modules/react-dom/cjs/react-dom.development.js:27465:14)\n    at performUnitOfWork (/dev-server/node_modules/react-dom/cjs/react-dom.development.js:26599:12)"],"meta":{}},{"ancestorTitles":["InstitutionalVideoSection Accessibility"],"fullName":"InstitutionalVideoSection Accessibility maintains circular focus trap","status":"failed","title":"maintains circular focus trap","duration":10.911584000000403,"failureMessages":["Error: Element type is invalid: expected a string (for built-in components) or a class/function (for composite components) but got: undefined. You likely forgot to export your component from the file it's defined in, or you might have mixed up default and named imports.\n\nCheck the render method of `InstitutionalVideoSection`.\n    at createFiberFromTypeAndProps (/dev-server/node_modules/react-dom/cjs/react-dom.development.js:28478:17)\n    at createFiberFromElement (/dev-server/node_modules/react-dom/cjs/react-dom.development.js:28504:15)\n    at createChild (/dev-server/node_modules/react-dom/cjs/react-dom.development.js:13345:28)\n    at reconcileChildrenArray (/dev-server/node_modules/react-dom/cjs/react-dom.development.js:13640:25)\n    at reconcileChildFibers (/dev-server/node_modules/react-dom/cjs/react-dom.development.js:14057:16)\n    at reconcileChildren (/dev-server/node_modules/react-dom/cjs/react-dom.development.js:19186:28)\n    at updateHostComponent (/dev-server/node_modules/react-dom/cjs/react-dom.development.js:19953:3)\n    at beginWork (/dev-server/node_modules/react-dom/cjs/react-dom.development.js:21657:14)\n    at beginWork$1 (/dev-server/node_modules/react-dom/cjs/react-dom.development.js:27465:14)\n    at performUnitOfWork (/dev-server/node_modules/react-dom/cjs/react-dom.development.js:26599:12)"],"meta":{}}],"startTime":1778813376701,"endTime":1778813376800.9116,"status":"failed","message":"","name":"/dev-server/src/pages/landing/__tests__/InstitutionalVideoSection.test.tsx"}]}